19:19:18 **** Incremental Build of configuration Nios II for project HINS_CPU_V1_3 ****
make all 
Info: Building ../HINS_CPU_V1_3_bsp/
D:/intelFPGA_lite/18.1/nios2eds/bin/gnu/H-x86_64-mingw32/bin/make --no-print-directory -C ../HINS_CPU_V1_3_bsp/
[BSP build complete]
Info: Compiling D:/github/adamShiau_FPGA/intel_IP/HINS/NIOS/HINS_CPU_V1_3/lib/asm330lhhx.c to obj/default//D/github/adamShiau_FPGA/intel_IP/HINS/NIOS/HINS_CPU_V1_3/lib/asm330lhhx.o
nios2-elf-gcc -xc -MP -MMD -c -ID:\github\adamShiau_FPGA\intel_IP\HINS\NIOS\HINS_CPU_V1_3\include -I../HINS_CPU_V1_3_bsp//HAL/inc -I../HINS_CPU_V1_3_bsp/ -I../HINS_CPU_V1_3_bsp//drivers/inc  -pipe -D__hal__ -DALT_NO_INSTRUCTION_EMULATION -DALT_SINGLE_THREADED    -O0 -g -Wall   -mno-hw-div -mno-hw-mul -mno-hw-mulx -mgpopt=global  -o obj/default//D/github/adamShiau_FPGA/intel_IP/HINS/NIOS/HINS_CPU_V1_3/lib/asm330lhhx.o D:/github/adamShiau_FPGA/intel_IP/HINS/NIOS/HINS_CPU_V1_3/lib/asm330lhhx.c
In file included from D:\github\adamShiau_FPGA\intel_IP\HINS\NIOS\HINS_CPU_V1_3\include/asm330lhhx.h:15:0,
                 from D:/github/adamShiau_FPGA/intel_IP/HINS/NIOS/HINS_CPU_V1_3/lib/asm330lhhx.c:1:
D:\github\adamShiau_FPGA\intel_IP\HINS\NIOS\HINS_CPU_V1_3\include/common.h:26:0: warning: "DEBUG_PRINT" redefined
     #define DEBUG_PRINT(...) uart_printf_dbg(__VA_ARGS__)
 ^
D:\github\adamShiau_FPGA\intel_IP\HINS\NIOS\HINS_CPU_V1_3\include/common.h:15:0: note: this is the location of the previous definition
  #define DEBUG_PRINT
 ^
D:/github/adamShiau_FPGA/intel_IP/HINS/NIOS/HINS_CPU_V1_3/lib/asm330lhhx.c:191:14: warning: type defaults to 'int' in declaration of 'DELAY_NUM' [-Wimplicit-int]
 static const DELAY_NUM = 100000;
              ^
D:/github/adamShiau_FPGA/intel_IP/HINS/NIOS/HINS_CPU_V1_3/lib/asm330lhhx.c: In function 'init_ASM330LHHX':
D:/github/adamShiau_FPGA/intel_IP/HINS/NIOS/HINS_CPU_V1_3/lib/asm330lhhx.c:279:9: warning: implicit declaration of function 'usleep' [-Wimplicit-function-declaration]
         usleep(20000); // ē­‰å?…ę•øä½¨ęæ¾ę³¢å™Øē©©å??
         ^
D:/github/adamShiau_FPGA/intel_IP/HINS/NIOS/HINS_CPU_V1_3/lib/asm330lhhx.c: In function 'I2C_write_verify_ASM330LHHX':
D:/github/adamShiau_FPGA/intel_IP/HINS/NIOS/HINS_CPU_V1_3/lib/asm330lhhx.c:297:12: warning: variable 'read_val' set but not used [-Wunused-but-set-variable]
     alt_u8 read_val;
            ^
Info: Linking HINS_CPU_V1_3.elf
nios2-elf-g++  -T'../HINS_CPU_V1_3_bsp//linker.x' -msys-crt0='../HINS_CPU_V1_3_bsp//obj/HAL/src/crt0.o' -msys-lib=hal_bsp -L../HINS_CPU_V1_3_bsp/   -Wl,-Map=HINS_CPU_V1_3.map   -O0 -g -Wall   -mno-hw-div -mno-hw-mul -mno-hw-mulx -mgpopt=global  -o HINS_CPU_V1_3.elf obj/default//D/github/adamShiau_FPGA/intel_IP/HINS/NIOS/HINS_CPU_V1_3/HINS_CPU_V1_3.o obj/default//D/github/adamShiau_FPGA/intel_IP/HINS/NIOS/HINS_CPU_V1_3/lib/acq_fog.o obj/default//D/github/adamShiau_FPGA/intel_IP/HINS/NIOS/HINS_CPU_V1_3/lib/acq_imu.o obj/default//D/github/adamShiau_FPGA/intel_IP/HINS/NIOS/HINS_CPU_V1_3/lib/acq_rst.o obj/default//D/github/adamShiau_FPGA/intel_IP/HINS/NIOS/HINS_CPU_V1_3/lib/adda_config.o obj/default//D/github/adamShiau_FPGA/intel_IP/HINS/NIOS/HINS_CPU_V1_3/lib/ads122c04_se.o obj/default//D/github/adamShiau_FPGA/intel_IP/HINS/NIOS/HINS_CPU_V1_3/lib/asm330lhhx.o obj/default//D/github/adamShiau_FPGA/intel_IP/HINS/NIOS/HINS_CPU_V1_3/lib/common.o obj/default//D/github/adamShiau_FPGA/intel_IP/HINS/NIOS/HINS_CPU_V1_3/lib/eeprom_v2.o obj/default//D/github/adamShiau_FPGA/intel_IP/HINS/NIOS/HINS_CPU_V1_3/lib/memory_manage.o obj/default//D/github/adamShiau_FPGA/intel_IP/HINS/NIOS/HINS_CPU_V1_3/lib/output_mode.o obj/default//D/github/adamShiau_FPGA/intel_IP/HINS/NIOS/HINS_CPU_V1_3/lib/uart_dual.o -lm -msys-lib=m
nios2-elf-insert HINS_CPU_V1_3.elf --thread_model hal --cpu_name nios2 --qsys true --simulation_enabled false --id 16777216 --sidp 0x20022a0 --timestamp 1772780835 --stderr_dev jtag_uart --stdin_dev jtag_uart --stdout_dev jtag_uart --sopc_system_name CPU --quartus_project_dir "D:/github/adamShiau_FPGA/intel_IP/HINS/PRJ/HINS_PRJ_V1" --jdi D:/github/adamShiau_FPGA/intel_IP/HINS/PRJ/HINS_PRJ_V1/software/HINS_CPU_V1_3_bsp/../../HINS_PRJ_V1.jdi --sopcinfo D:/github/adamShiau_FPGA/intel_IP/HINS/PRJ/HINS_PRJ_V1/software/HINS_CPU_V1_3_bsp/../../CPU.sopcinfo
Info: (HINS_CPU_V1_3.elf) 159 KBytes program size (code + initialized data).
Info:                     16224 KBytes free for stack + heap.
Info: Creating HINS_CPU_V1_3.objdump
nios2-elf-objdump --disassemble --syms --all-header --source HINS_CPU_V1_3.elf >HINS_CPU_V1_3.objdump
[HINS_CPU_V1_3 build complete]

19:19:20 Build Finished (took 2s.72ms)

