10:08:58 **** Incremental Build of configuration Nios II for project HINS_CPU_V1_1 ****
make all 
Info: Building ../HINS_CPU_V1_1_bsp/
D:/intelFPGA_lite/18.1/nios2eds/bin/gnu/H-x86_64-mingw32/bin/make --no-print-directory -C ../HINS_CPU_V1_1_bsp/
[BSP build complete]
Info: Compiling D:/github/adamShiau_FPGA/intel_IP/HINS/NIOS/HINS_CPU_V1_1/lib/eeprom_v2.c to obj/default//D/github/adamShiau_FPGA/intel_IP/HINS/NIOS/HINS_CPU_V1_1/lib/eeprom_v2.o
nios2-elf-gcc -xc -MP -MMD -c -ID:\github\adamShiau_FPGA\intel_IP\HINS\NIOS\HINS_CPU_V1_1\include -I../HINS_CPU_V1_1_bsp//HAL/inc -I../HINS_CPU_V1_1_bsp/ -I../HINS_CPU_V1_1_bsp//drivers/inc  -pipe -D__hal__ -DALT_NO_INSTRUCTION_EMULATION -DALT_SINGLE_THREADED    -O0 -g -Wall   -mno-hw-div -mno-hw-mul -mno-hw-mulx -mgpopt=global  -o obj/default//D/github/adamShiau_FPGA/intel_IP/HINS/NIOS/HINS_CPU_V1_1/lib/eeprom_v2.o D:/github/adamShiau_FPGA/intel_IP/HINS/NIOS/HINS_CPU_V1_1/lib/eeprom_v2.c
In file included from D:\github\adamShiau_FPGA\intel_IP\HINS\NIOS\HINS_CPU_V1_1\include/eeprom_v2.h:10:0,
                 from D:/github/adamShiau_FPGA/intel_IP/HINS/NIOS/HINS_CPU_V1_1/lib/eeprom_v2.c:1:
D:\github\adamShiau_FPGA\intel_IP\HINS\NIOS\HINS_CPU_V1_1\include/common.h:26:0: warning: "DEBUG_PRINT" redefined
     #define DEBUG_PRINT(...) uart_printf_dbg(__VA_ARGS__)
 ^
D:\github\adamShiau_FPGA\intel_IP\HINS\NIOS\HINS_CPU_V1_1\include/common.h:15:0: note: this is the location of the previous definition
  #define DEBUG_PRINT
 ^
D:/github/adamShiau_FPGA/intel_IP/HINS/NIOS/HINS_CPU_V1_1/lib/eeprom_v2.c: In function 'EEPROM_Write_4B':
D:/github/adamShiau_FPGA/intel_IP/HINS/NIOS/HINS_CPU_V1_1/lib/eeprom_v2.c:194:2: warning: implicit declaration of function 'usleep' [-Wimplicit-function-declaration]
  usleep(1320);
  ^
D:/github/adamShiau_FPGA/intel_IP/HINS/NIOS/HINS_CPU_V1_1/lib/eeprom_v2.c: In function 'EEPROM_Read_4B':
D:/github/adamShiau_FPGA/intel_IP/HINS/NIOS/HINS_CPU_V1_1/lib/eeprom_v2.c:210:9: warning: unused variable 'i' [-Wunused-variable]
  alt_u8 i=0;
         ^
D:/github/adamShiau_FPGA/intel_IP/HINS/NIOS/HINS_CPU_V1_1/lib/eeprom_v2.c: In function 'EEPROM_Read_4B_R':
D:/github/adamShiau_FPGA/intel_IP/HINS/NIOS/HINS_CPU_V1_1/lib/eeprom_v2.c:248:9: warning: unused variable 'i' [-Wunused-variable]
  alt_u8 i=0;
         ^
D:/github/adamShiau_FPGA/intel_IP/HINS/NIOS/HINS_CPU_V1_1/lib/eeprom_v2.c: In function 'I2C_sm_start':
D:/github/adamShiau_FPGA/intel_IP/HINS/NIOS/HINS_CPU_V1_1/lib/eeprom_v2.c:505:9: warning: unused variable 'dly' [-Wunused-variable]
  alt_u8 dly = 50;
         ^
Info: Linking HINS_CPU_V1_1.elf
nios2-elf-g++  -T'../HINS_CPU_V1_1_bsp//linker.x' -msys-crt0='../HINS_CPU_V1_1_bsp//obj/HAL/src/crt0.o' -msys-lib=hal_bsp -L../HINS_CPU_V1_1_bsp/   -Wl,-Map=HINS_CPU_V1_1.map   -O0 -g -Wall   -mno-hw-div -mno-hw-mul -mno-hw-mulx -mgpopt=global  -o HINS_CPU_V1_1.elf obj/default//D/github/adamShiau_FPGA/intel_IP/HINS/NIOS/HINS_CPU_V1_1/HINS_CPU_V1_1.o obj/default//D/github/adamShiau_FPGA/intel_IP/HINS/NIOS/HINS_CPU_V1_1/lib/acq_fog.o obj/default//D/github/adamShiau_FPGA/intel_IP/HINS/NIOS/HINS_CPU_V1_1/lib/acq_imu.o obj/default//D/github/adamShiau_FPGA/intel_IP/HINS/NIOS/HINS_CPU_V1_1/lib/acq_rst.o obj/default//D/github/adamShiau_FPGA/intel_IP/HINS/NIOS/HINS_CPU_V1_1/lib/adda_config.o obj/default//D/github/adamShiau_FPGA/intel_IP/HINS/NIOS/HINS_CPU_V1_1/lib/ads122c04_se.o obj/default//D/github/adamShiau_FPGA/intel_IP/HINS/NIOS/HINS_CPU_V1_1/lib/asm330lhhx.o obj/default//D/github/adamShiau_FPGA/intel_IP/HINS/NIOS/HINS_CPU_V1_1/lib/common.o obj/default//D/github/adamShiau_FPGA/intel_IP/HINS/NIOS/HINS_CPU_V1_1/lib/eeprom_v2.o obj/default//D/github/adamShiau_FPGA/intel_IP/HINS/NIOS/HINS_CPU_V1_1/lib/memory_manage.o obj/default//D/github/adamShiau_FPGA/intel_IP/HINS/NIOS/HINS_CPU_V1_1/lib/output_mode.o obj/default//D/github/adamShiau_FPGA/intel_IP/HINS/NIOS/HINS_CPU_V1_1/lib/uart_dual.o -lm -msys-lib=m
nios2-elf-insert HINS_CPU_V1_1.elf --thread_model hal --cpu_name nios2 --qsys true --simulation_enabled false --id 16777216 --sidp 0x20022a0 --timestamp 1770799154 --stderr_dev jtag_uart --stdin_dev jtag_uart --stdout_dev jtag_uart --sopc_system_name CPU --quartus_project_dir "D:/github/adamShiau_FPGA/intel_IP/HINS/PRJ/HINS_PRJ_V1" --jdi D:/github/adamShiau_FPGA/intel_IP/HINS/PRJ/HINS_PRJ_V1/software/HINS_CPU_V1_1_bsp/../../HINS_PRJ_V1.jdi --sopcinfo D:/github/adamShiau_FPGA/intel_IP/HINS/PRJ/HINS_PRJ_V1/software/HINS_CPU_V1_1_bsp/../../CPU.sopcinfo
Info: (HINS_CPU_V1_1.elf) 154 KBytes program size (code + initialized data).
Info:                     16229 KBytes free for stack + heap.
Info: Creating HINS_CPU_V1_1.objdump
nios2-elf-objdump --disassemble --syms --all-header --source HINS_CPU_V1_1.elf >HINS_CPU_V1_1.objdump
[HINS_CPU_V1_1 build complete]

10:09:01 Build Finished (took 3s.350ms)

