14:15:02 **** Incremental Build of configuration Nios II for project HINS_CPU_V1_0 ****
make all 
Info: Building ../HINS_CPU_V1_0_bsp/
D:/intelFPGA_lite/18.1/nios2eds/bin/gnu/H-x86_64-mingw32/bin/make --no-print-directory -C ../HINS_CPU_V1_0_bsp/
[BSP build complete]
Info: Compiling D:/github/adamShiau_FPGA/intel_IP/HINS/NIOS/HINS_CPU_V1_0/lib/common.c to obj/default//D/github/adamShiau_FPGA/intel_IP/HINS/NIOS/HINS_CPU_V1_0/lib/common.o
nios2-elf-gcc -xc -MP -MMD -c -ID:\github\adamShiau_FPGA\intel_IP\HINS\NIOS\HINS_CPU_V1_0\include -I../HINS_CPU_V1_0_bsp//HAL/inc -I../HINS_CPU_V1_0_bsp/ -I../HINS_CPU_V1_0_bsp//drivers/inc  -pipe -D__hal__ -DALT_NO_INSTRUCTION_EMULATION -DALT_SINGLE_THREADED    -O0 -g -Wall   -mno-hw-div -mno-hw-mul -mno-hw-mulx -mgpopt=global  -o obj/default//D/github/adamShiau_FPGA/intel_IP/HINS/NIOS/HINS_CPU_V1_0/lib/common.o D:/github/adamShiau_FPGA/intel_IP/HINS/NIOS/HINS_CPU_V1_0/lib/common.c
In file included from D:/github/adamShiau_FPGA/intel_IP/HINS/NIOS/HINS_CPU_V1_0/lib/common.c:1:0:
D:\github\adamShiau_FPGA\intel_IP\HINS\NIOS\HINS_CPU_V1_0\include/common.h:26:0: warning: "DEBUG_PRINT" redefined
     #define DEBUG_PRINT(...) uart_printf_dbg(__VA_ARGS__)
 ^
D:\github\adamShiau_FPGA\intel_IP\HINS\NIOS\HINS_CPU_V1_0\include/common.h:15:0: note: this is the location of the previous definition
  #define DEBUG_PRINT
 ^
D:/github/adamShiau_FPGA/intel_IP/HINS/NIOS/HINS_CPU_V1_0/lib/common.c: In function 'fog_parameter':
D:/github/adamShiau_FPGA/intel_IP/HINS/NIOS/HINS_CPU_V1_0/lib/common.c:1188:19: warning: unused variable 'nack' [-Wunused-variable]
          uint8_t  nack = (uint8_t)(rx->value & 1); // TODO: ?‹¥è¦æ”¯?´ NACKï¼šæŸ¥å¿«å?? (seq,ch) ??? ?›´?Ž¥??é?ä?Šä???…ï?›æ­¤??•ç•¥
                   ^
D:/github/adamShiau_FPGA/intel_IP/HINS/NIOS/HINS_CPU_V1_0/lib/common.c:1195:19: warning: unused variable 'nack' [-Wunused-variable]
          uint8_t  nack = (uint8_t)(rx->value & 1); // TODO: ?‹¥è¦æ”¯?´ NACKï¼šæŸ¥å¿«å?? (seq,ch) ??? ?›´?Ž¥??é?ä?Šä???…ï?›æ­¤??•ç•¥
                   ^
D:/github/adamShiau_FPGA/intel_IP/HINS/NIOS/HINS_CPU_V1_0/lib/common.c:1202:19: warning: unused variable 'nack' [-Wunused-variable]
          uint8_t  nack = (uint8_t)(rx->value & 1); // TODO: ?‹¥è¦æ”¯?´ NACKï¼šæŸ¥å¿«å?? (seq,ch) ??? ?›´?Ž¥??é?ä?Šä???…ï?›æ­¤??•ç•¥
                   ^
D:/github/adamShiau_FPGA/intel_IP/HINS/NIOS/HINS_CPU_V1_0/lib/common.c:1209:19: warning: unused variable 'nack' [-Wunused-variable]
          uint8_t  nack = (uint8_t)(rx->value & 1); // TODO: ?‹¥è¦æ”¯?´ NACKï¼šæŸ¥å¿«å?? (seq,ch) ??? ?›´?Ž¥??é?ä?Šä???…ï?›æ­¤??•ç•¥
                   ^
D:/github/adamShiau_FPGA/intel_IP/HINS/NIOS/HINS_CPU_V1_0/lib/common.c:1216:19: warning: unused variable 'nack' [-Wunused-variable]
          uint8_t  nack = (uint8_t)(rx->value & 1); // TODO: ?‹¥è¦æ”¯?´ NACKï¼šæŸ¥å¿«å?? (seq,ch) ??? ?›´?Ž¥??é?ä?Šä???…ï?›æ­¤??•ç•¥
                   ^
Info: Linking HINS_CPU_V1_0.elf
nios2-elf-g++  -T'../HINS_CPU_V1_0_bsp//linker.x' -msys-crt0='../HINS_CPU_V1_0_bsp//obj/HAL/src/crt0.o' -msys-lib=hal_bsp -L../HINS_CPU_V1_0_bsp/   -Wl,-Map=HINS_CPU_V1_0.map   -O0 -g -Wall   -mno-hw-div -mno-hw-mul -mno-hw-mulx -mgpopt=global  -o HINS_CPU_V1_0.elf obj/default//D/github/adamShiau_FPGA/intel_IP/HINS/NIOS/HINS_CPU_V1_0/HINS_CPU_V1_0.o obj/default//D/github/adamShiau_FPGA/intel_IP/HINS/NIOS/HINS_CPU_V1_0/lib/acq_fog.o obj/default//D/github/adamShiau_FPGA/intel_IP/HINS/NIOS/HINS_CPU_V1_0/lib/acq_imu.o obj/default//D/github/adamShiau_FPGA/intel_IP/HINS/NIOS/HINS_CPU_V1_0/lib/acq_rst.o obj/default//D/github/adamShiau_FPGA/intel_IP/HINS/NIOS/HINS_CPU_V1_0/lib/adda_config.o obj/default//D/github/adamShiau_FPGA/intel_IP/HINS/NIOS/HINS_CPU_V1_0/lib/ads122c04_se.o obj/default//D/github/adamShiau_FPGA/intel_IP/HINS/NIOS/HINS_CPU_V1_0/lib/asm330lhhx.o obj/default//D/github/adamShiau_FPGA/intel_IP/HINS/NIOS/HINS_CPU_V1_0/lib/common.o obj/default//D/github/adamShiau_FPGA/intel_IP/HINS/NIOS/HINS_CPU_V1_0/lib/eeprom_v2.o obj/default//D/github/adamShiau_FPGA/intel_IP/HINS/NIOS/HINS_CPU_V1_0/lib/memory_manage.o obj/default//D/github/adamShiau_FPGA/intel_IP/HINS/NIOS/HINS_CPU_V1_0/lib/output_mode.o obj/default//D/github/adamShiau_FPGA/intel_IP/HINS/NIOS/HINS_CPU_V1_0/lib/uart_dual.o -lm -msys-lib=m
nios2-elf-insert HINS_CPU_V1_0.elf --thread_model hal --cpu_name nios2 --qsys true --simulation_enabled false --id 16777216 --sidp 0x20022a0 --timestamp 1766763745 --stderr_dev jtag_uart --stdin_dev jtag_uart --stdout_dev jtag_uart --sopc_system_name CPU --quartus_project_dir "D:/github/adamShiau_FPGA/intel_IP/HINS/PRJ/HINS_PRJ_V1" --jdi D:/github/adamShiau_FPGA/intel_IP/HINS/PRJ/HINS_PRJ_V1/software/HINS_CPU_V1_0_bsp/../../HINS_PRJ_V1.jdi --sopcinfo D:/github/adamShiau_FPGA/intel_IP/HINS/PRJ/HINS_PRJ_V1/software/HINS_CPU_V1_0_bsp/../../CPU.sopcinfo
Info: (HINS_CPU_V1_0.elf) 146 KBytes program size (code + initialized data).
Info:                     16237 KBytes free for stack + heap.
Info: Creating HINS_CPU_V1_0.objdump
nios2-elf-objdump --disassemble --syms --all-header --source HINS_CPU_V1_0.elf >HINS_CPU_V1_0.objdump
[HINS_CPU_V1_0 build complete]

14:15:05 Build Finished (took 3s.203ms)

