16:23:01 **** Incremental Build of configuration Nios II for project HINS_CPU_V1_2 ****
make all 
Info: Building ../HINS_CPU_V1_2_bsp/
D:/intelFPGA_lite/18.1/nios2eds/bin/gnu/H-x86_64-mingw32/bin/make --no-print-directory -C ../HINS_CPU_V1_2_bsp/
[BSP build complete]
Info: Compiling D:/github/adamShiau_FPGA/intel_IP/HINS/NIOS/HINS_CPU_V1_2/HINS_CPU_V1_2.c to obj/default//D/github/adamShiau_FPGA/intel_IP/HINS/NIOS/HINS_CPU_V1_2/HINS_CPU_V1_2.o
nios2-elf-gcc -xc -MP -MMD -c -ID:\github\adamShiau_FPGA\intel_IP\HINS\NIOS\HINS_CPU_V1_2\include -I../HINS_CPU_V1_2_bsp//HAL/inc -I../HINS_CPU_V1_2_bsp/ -I../HINS_CPU_V1_2_bsp//drivers/inc  -pipe -D__hal__ -DALT_NO_INSTRUCTION_EMULATION -DALT_SINGLE_THREADED    -O0 -g -Wall   -mno-hw-div -mno-hw-mul -mno-hw-mulx -mgpopt=global  -o obj/default//D/github/adamShiau_FPGA/intel_IP/HINS/NIOS/HINS_CPU_V1_2/HINS_CPU_V1_2.o D:/github/adamShiau_FPGA/intel_IP/HINS/NIOS/HINS_CPU_V1_2/HINS_CPU_V1_2.c
In file included from D:\github\adamShiau_FPGA\intel_IP\HINS\NIOS\HINS_CPU_V1_2\include/HINS.h:21:0,
                 from D:/github/adamShiau_FPGA/intel_IP/HINS/NIOS/HINS_CPU_V1_2/HINS_CPU_V1_2.c:7:
D:\github\adamShiau_FPGA\intel_IP\HINS\NIOS\HINS_CPU_V1_2\include/common.h:26:0: warning: "DEBUG_PRINT" redefined
     #define DEBUG_PRINT(...) uart_printf_dbg(__VA_ARGS__)
 ^
D:\github\adamShiau_FPGA\intel_IP\HINS\NIOS\HINS_CPU_V1_2\include/common.h:15:0: note: this is the location of the previous definition
  #define DEBUG_PRINT
 ^
D:/github/adamShiau_FPGA/intel_IP/HINS/NIOS/HINS_CPU_V1_2/HINS_CPU_V1_2.c: In function 'monitor_reg':
D:/github/adamShiau_FPGA/intel_IP/HINS/NIOS/HINS_CPU_V1_2/HINS_CPU_V1_2.c:164:18: warning: type defaults to 'int' in declaration of 'DELAY_NUM' [-Wimplicit-int]
     static const DELAY_NUM = 5000;
                  ^
D:/github/adamShiau_FPGA/intel_IP/HINS/NIOS/HINS_CPU_V1_2/HINS_CPU_V1_2.c: In function 'dbg_mems':
D:/github/adamShiau_FPGA/intel_IP/HINS/NIOS/HINS_CPU_V1_2/HINS_CPU_V1_2.c:183:18: warning: type defaults to 'int' in declaration of 'DELAY_NUM' [-Wimplicit-int]
     static const DELAY_NUM = 100;
                  ^
Info: Compiling D:/github/adamShiau_FPGA/intel_IP/HINS/NIOS/HINS_CPU_V1_2/lib/common.c to obj/default//D/github/adamShiau_FPGA/intel_IP/HINS/NIOS/HINS_CPU_V1_2/lib/common.o
nios2-elf-gcc -xc -MP -MMD -c -ID:\github\adamShiau_FPGA\intel_IP\HINS\NIOS\HINS_CPU_V1_2\include -I../HINS_CPU_V1_2_bsp//HAL/inc -I../HINS_CPU_V1_2_bsp/ -I../HINS_CPU_V1_2_bsp//drivers/inc  -pipe -D__hal__ -DALT_NO_INSTRUCTION_EMULATION -DALT_SINGLE_THREADED    -O0 -g -Wall   -mno-hw-div -mno-hw-mul -mno-hw-mulx -mgpopt=global  -o obj/default//D/github/adamShiau_FPGA/intel_IP/HINS/NIOS/HINS_CPU_V1_2/lib/common.o D:/github/adamShiau_FPGA/intel_IP/HINS/NIOS/HINS_CPU_V1_2/lib/common.c
In file included from D:/github/adamShiau_FPGA/intel_IP/HINS/NIOS/HINS_CPU_V1_2/lib/common.c:1:0:
D:\github\adamShiau_FPGA\intel_IP\HINS\NIOS\HINS_CPU_V1_2\include/common.h:26:0: warning: "DEBUG_PRINT" redefined
     #define DEBUG_PRINT(...) uart_printf_dbg(__VA_ARGS__)
 ^
D:\github\adamShiau_FPGA\intel_IP\HINS\NIOS\HINS_CPU_V1_2\include/common.h:15:0: note: this is the location of the previous definition
  #define DEBUG_PRINT
 ^
D:/github/adamShiau_FPGA/intel_IP/HINS/NIOS/HINS_CPU_V1_2/lib/common.c: In function 'fog_parameter':
D:/github/adamShiau_FPGA/intel_IP/HINS/NIOS/HINS_CPU_V1_2/lib/common.c:1377:19: warning: unused variable 'nack' [-Wunused-variable]
          uint8_t  nack = (uint8_t)(rx->value & 1); // TODO: ?Л•и¶БжФѓ?Пі NACKпЉЪжЯ•ењЂе?? (seq,ch) ??? ?Ыі?О•??Нй?Бд?Кд???Еп?Ыж≠§??ХзХ•
                   ^
D:/github/adamShiau_FPGA/intel_IP/HINS/NIOS/HINS_CPU_V1_2/lib/common.c:1384:19: warning: unused variable 'nack' [-Wunused-variable]
          uint8_t  nack = (uint8_t)(rx->value & 1); // TODO: ?Л•и¶БжФѓ?Пі NACKпЉЪжЯ•ењЂе?? (seq,ch) ??? ?Ыі?О•??Нй?Бд?Кд???Еп?Ыж≠§??ХзХ•
                   ^
D:/github/adamShiau_FPGA/intel_IP/HINS/NIOS/HINS_CPU_V1_2/lib/common.c:1391:19: warning: unused variable 'nack' [-Wunused-variable]
          uint8_t  nack = (uint8_t)(rx->value & 1); // TODO: ?Л•и¶БжФѓ?Пі NACKпЉЪжЯ•ењЂе?? (seq,ch) ??? ?Ыі?О•??Нй?Бд?Кд???Еп?Ыж≠§??ХзХ•
                   ^
D:/github/adamShiau_FPGA/intel_IP/HINS/NIOS/HINS_CPU_V1_2/lib/common.c:1398:19: warning: unused variable 'nack' [-Wunused-variable]
          uint8_t  nack = (uint8_t)(rx->value & 1); // TODO: ?Л•и¶БжФѓ?Пі NACKпЉЪжЯ•ењЂе?? (seq,ch) ??? ?Ыі?О•??Нй?Бд?Кд???Еп?Ыж≠§??ХзХ•
                   ^
D:/github/adamShiau_FPGA/intel_IP/HINS/NIOS/HINS_CPU_V1_2/lib/common.c:1405:19: warning: unused variable 'nack' [-Wunused-variable]
          uint8_t  nack = (uint8_t)(rx->value & 1); // TODO: ?Л•и¶БжФѓ?Пі NACKпЉЪжЯ•ењЂе?? (seq,ch) ??? ?Ыі?О•??Нй?Бд?Кд???Еп?Ыж≠§??ХзХ•
                   ^
Info: Linking HINS_CPU_V1_2.elf
nios2-elf-g++  -T'../HINS_CPU_V1_2_bsp//linker.x' -msys-crt0='../HINS_CPU_V1_2_bsp//obj/HAL/src/crt0.o' -msys-lib=hal_bsp -L../HINS_CPU_V1_2_bsp/   -Wl,-Map=HINS_CPU_V1_2.map   -O0 -g -Wall   -mno-hw-div -mno-hw-mul -mno-hw-mulx -mgpopt=global  -o HINS_CPU_V1_2.elf obj/default//D/github/adamShiau_FPGA/intel_IP/HINS/NIOS/HINS_CPU_V1_2/HINS_CPU_V1_2.o obj/default//D/github/adamShiau_FPGA/intel_IP/HINS/NIOS/HINS_CPU_V1_2/lib/acq_fog.o obj/default//D/github/adamShiau_FPGA/intel_IP/HINS/NIOS/HINS_CPU_V1_2/lib/acq_imu.o obj/default//D/github/adamShiau_FPGA/intel_IP/HINS/NIOS/HINS_CPU_V1_2/lib/acq_rst.o obj/default//D/github/adamShiau_FPGA/intel_IP/HINS/NIOS/HINS_CPU_V1_2/lib/adda_config.o obj/default//D/github/adamShiau_FPGA/intel_IP/HINS/NIOS/HINS_CPU_V1_2/lib/ads122c04_se.o obj/default//D/github/adamShiau_FPGA/intel_IP/HINS/NIOS/HINS_CPU_V1_2/lib/asm330lhhx.o obj/default//D/github/adamShiau_FPGA/intel_IP/HINS/NIOS/HINS_CPU_V1_2/lib/common.o obj/default//D/github/adamShiau_FPGA/intel_IP/HINS/NIOS/HINS_CPU_V1_2/lib/eeprom_v2.o obj/default//D/github/adamShiau_FPGA/intel_IP/HINS/NIOS/HINS_CPU_V1_2/lib/memory_manage.o obj/default//D/github/adamShiau_FPGA/intel_IP/HINS/NIOS/HINS_CPU_V1_2/lib/output_mode.o obj/default//D/github/adamShiau_FPGA/intel_IP/HINS/NIOS/HINS_CPU_V1_2/lib/uart_dual.o -lm -msys-lib=m
nios2-elf-insert HINS_CPU_V1_2.elf --thread_model hal --cpu_name nios2 --qsys true --simulation_enabled false --id 16777216 --sidp 0x20022a0 --timestamp 1770799154 --stderr_dev jtag_uart --stdin_dev jtag_uart --stdout_dev jtag_uart --sopc_system_name CPU --quartus_project_dir "D:/github/adamShiau_FPGA/intel_IP/HINS/PRJ/HINS_PRJ_V1" --jdi D:/github/adamShiau_FPGA/intel_IP/HINS/PRJ/HINS_PRJ_V1/software/HINS_CPU_V1_2_bsp/../../HINS_PRJ_V1.jdi --sopcinfo D:/github/adamShiau_FPGA/intel_IP/HINS/PRJ/HINS_PRJ_V1/software/HINS_CPU_V1_2_bsp/../../CPU.sopcinfo
Info: (HINS_CPU_V1_2.elf) 157 KBytes program size (code + initialized data).
Info:                     16226 KBytes free for stack + heap.
Info: Creating HINS_CPU_V1_2.objdump
nios2-elf-objdump --disassemble --syms --all-header --source HINS_CPU_V1_2.elf >HINS_CPU_V1_2.objdump
[HINS_CPU_V1_2 build complete]

16:23:04 Build Finished (took 3s.351ms)

