
*** Running vivado
    with args -log sys1_clk_wiz_1_0.vds -m64 -product Vivado -mode batch -messageDb vivado.pb -notrace -source sys1_clk_wiz_1_0.tcl


****** Vivado v2017.2 (64-bit)
  **** SW Build 1909853 on Thu Jun 15 18:39:09 MDT 2017
  **** IP Build 1909766 on Thu Jun 15 19:58:00 MDT 2017
    ** Copyright 1986-2017 Xilinx, Inc. All Rights Reserved.

source sys1_clk_wiz_1_0.tcl -notrace
Starting RTL Elaboration : Time (s): cpu = 00:00:05 ; elapsed = 00:00:04 . Memory (MB): peak = 321.141 ; gain = 80.223
INFO: [Synth 8-638] synthesizing module 'sys1_clk_wiz_1_0' [c:/Users/adam/Desktop/tt/uart_test/uart_test.srcs/sources_1/bd/sys1/ip/sys1_clk_wiz_1_0/sys1_clk_wiz_1_0.v:71]
INFO: [Synth 8-638] synthesizing module 'sys1_clk_wiz_1_0_clk_wiz' [c:/Users/adam/Desktop/tt/uart_test/uart_test.srcs/sources_1/bd/sys1/ip/sys1_clk_wiz_1_0/sys1_clk_wiz_1_0_clk_wiz.v:69]
INFO: [Synth 8-638] synthesizing module 'IBUF' [D:/Xilinx/Vivado/2017.2/scripts/rt/data/unisim_comp.v:14470]
INFO: [Synth 8-256] done synthesizing module 'IBUF' (1#1) [D:/Xilinx/Vivado/2017.2/scripts/rt/data/unisim_comp.v:14470]
INFO: [Synth 8-638] synthesizing module 'MMCME2_ADV' [D:/Xilinx/Vivado/2017.2/scripts/rt/data/unisim_comp.v:20759]
INFO: [Synth 8-256] done synthesizing module 'MMCME2_ADV' (2#1) [D:/Xilinx/Vivado/2017.2/scripts/rt/data/unisim_comp.v:20759]
INFO: [Synth 8-638] synthesizing module 'BUFG' [D:/Xilinx/Vivado/2017.2/scripts/rt/data/unisim_comp.v:607]
INFO: [Synth 8-256] done synthesizing module 'BUFG' (3#1) [D:/Xilinx/Vivado/2017.2/scripts/rt/data/unisim_comp.v:607]
INFO: [Synth 8-256] done synthesizing module 'sys1_clk_wiz_1_0_clk_wiz' (4#1) [c:/Users/adam/Desktop/tt/uart_test/uart_test.srcs/sources_1/bd/sys1/ip/sys1_clk_wiz_1_0/sys1_clk_wiz_1_0_clk_wiz.v:69]
INFO: [Synth 8-256] done synthesizing module 'sys1_clk_wiz_1_0' (5#1) [c:/Users/adam/Desktop/tt/uart_test/uart_test.srcs/sources_1/bd/sys1/ip/sys1_clk_wiz_1_0/sys1_clk_wiz_1_0.v:71]
Finished RTL Elaboration : Time (s): cpu = 00:00:05 ; elapsed = 00:00:05 . Memory (MB): peak = 361.219 ; gain = 120.301
Finished RTL Optimization Phase 1 : Time (s): cpu = 00:00:06 ; elapsed = 00:00:06 . Memory (MB): peak = 361.219 ; gain = 120.301
INFO: [Device 21-403] Loading part xc7z010clg400-1
Constraint Validation Runtime : Time (s): cpu = 00:00:00 ; elapsed = 00:00:00.039 . Memory (MB): peak = 579.395 ; gain = 0.000
Finished Constraint Validation : Time (s): cpu = 00:00:32 ; elapsed = 00:00:34 . Memory (MB): peak = 579.395 ; gain = 338.477
Finished Loading Part and Timing Information : Time (s): cpu = 00:00:32 ; elapsed = 00:00:34 . Memory (MB): peak = 579.395 ; gain = 338.477
Finished applying 'set_property' XDC Constraints : Time (s): cpu = 00:00:32 ; elapsed = 00:00:34 . Memory (MB): peak = 579.395 ; gain = 338.477
Finished RTL Optimization Phase 2 : Time (s): cpu = 00:00:33 ; elapsed = 00:00:34 . Memory (MB): peak = 579.395 ; gain = 338.477
Finished Cross Boundary and Area Optimization : Time (s): cpu = 00:00:33 ; elapsed = 00:00:35 . Memory (MB): peak = 579.395 ; gain = 338.477
Finished Applying XDC Timing Constraints : Time (s): cpu = 00:01:03 ; elapsed = 00:01:06 . Memory (MB): peak = 623.828 ; gain = 382.910
Finished Timing Optimization : Time (s): cpu = 00:01:03 ; elapsed = 00:01:06 . Memory (MB): peak = 623.828 ; gain = 382.910
Finished Technology Mapping : Time (s): cpu = 00:01:03 ; elapsed = 00:01:06 . Memory (MB): peak = 633.973 ; gain = 393.055
Finished IO Insertion : Time (s): cpu = 00:01:05 ; elapsed = 00:01:07 . Memory (MB): peak = 633.973 ; gain = 393.055
Finished Renaming Generated Instances : Time (s): cpu = 00:01:05 ; elapsed = 00:01:07 . Memory (MB): peak = 633.973 ; gain = 393.055
Finished Rebuilding User Hierarchy : Time (s): cpu = 00:01:05 ; elapsed = 00:01:07 . Memory (MB): peak = 633.973 ; gain = 393.055
Finished Renaming Generated Ports : Time (s): cpu = 00:01:05 ; elapsed = 00:01:07 . Memory (MB): peak = 633.973 ; gain = 393.055
Finished Handling Custom Attributes : Time (s): cpu = 00:01:05 ; elapsed = 00:01:07 . Memory (MB): peak = 633.973 ; gain = 393.055
Finished Renaming Generated Nets : Time (s): cpu = 00:01:05 ; elapsed = 00:01:07 . Memory (MB): peak = 633.973 ; gain = 393.055

Report Cell Usage: 
+------+-----------+------+
|      |Cell       |Count |
+------+-----------+------+
|1     |BUFG       |     3|
|2     |LUT1       |     1|
|3     |MMCME2_ADV |     1|
|4     |IBUF       |     1|
+------+-----------+------+
Finished Writing Synthesis Report : Time (s): cpu = 00:01:05 ; elapsed = 00:01:07 . Memory (MB): peak = 633.973 ; gain = 393.055
synth_design: Time (s): cpu = 00:01:07 ; elapsed = 00:01:11 . Memory (MB): peak = 646.496 ; gain = 409.215
