16:13:56 **** Clean-only build of configuration Nios II for project IRIS1_CPU_V01_7_bsp ****
make clean 
[BSP clean complete]
16:13:59 **** Clean-only build of configuration Nios II for project IRIS1_CPU_V01_7 ****
make clean 
[IRIS1_CPU_V01_7 clean complete]
16:18:21 **** Build of configuration Nios II for project IRIS1_CPU_V01_7 ****
make all 
Info: Building ../IRIS1_CPU_V01_7_bsp/
D:/intelFPGA_lite/18.1/nios2eds/bin/gnu/H-x86_64-mingw32/bin/make --no-print-directory -C ../IRIS1_CPU_V01_7_bsp/
Compiling alt_alarm_start.c...
nios2-elf-gcc -xc -MP -MMD -c  -I./HAL/inc -I. -I./drivers/inc -pipe -D__hal__ -DALT_NO_INSTRUCTION_EMULATION -DALT_SINGLE_THREADED    -O0 -g -Wall  -mno-hw-div -mno-hw-mul -mno-hw-mulx -mgpopt=global   -o obj/HAL/src/alt_alarm_start.o HAL/src/alt_alarm_start.c
Compiling alt_busy_sleep.c...
nios2-elf-gcc -xc -MP -MMD -c  -I./HAL/inc -I. -I./drivers/inc -pipe -D__hal__ -DALT_NO_INSTRUCTION_EMULATION -DALT_SINGLE_THREADED    -O0 -g -Wall  -mno-hw-div -mno-hw-mul -mno-hw-mulx -mgpopt=global   -o obj/HAL/src/alt_busy_sleep.o HAL/src/alt_busy_sleep.c
Compiling alt_close.c...
nios2-elf-gcc -xc -MP -MMD -c  -I./HAL/inc -I. -I./drivers/inc -pipe -D__hal__ -DALT_NO_INSTRUCTION_EMULATION -DALT_SINGLE_THREADED    -O0 -g -Wall  -mno-hw-div -mno-hw-mul -mno-hw-mulx -mgpopt=global   -o obj/HAL/src/alt_close.o HAL/src/alt_close.c
Compiling alt_dcache_flush.c...
nios2-elf-gcc -xc -MP -MMD -c  -I./HAL/inc -I. -I./drivers/inc -pipe -D__hal__ -DALT_NO_INSTRUCTION_EMULATION -DALT_SINGLE_THREADED    -O0 -g -Wall  -mno-hw-div -mno-hw-mul -mno-hw-mulx -mgpopt=global   -o obj/HAL/src/alt_dcache_flush.o HAL/src/alt_dcache_flush.c
Compiling alt_dcache_flush_all.c...
nios2-elf-gcc -xc -MP -MMD -c  -I./HAL/inc -I. -I./drivers/inc -pipe -D__hal__ -DALT_NO_INSTRUCTION_EMULATION -DALT_SINGLE_THREADED    -O0 -g -Wall  -mno-hw-div -mno-hw-mul -mno-hw-mulx -mgpopt=global   -o obj/HAL/src/alt_dcache_flush_all.o HAL/src/alt_dcache_flush_all.c
Compiling alt_dcache_flush_no_writeback.c...
nios2-elf-gcc -xc -MP -MMD -c  -I./HAL/inc -I. -I./drivers/inc -pipe -D__hal__ -DALT_NO_INSTRUCTION_EMULATION -DALT_SINGLE_THREADED    -O0 -g -Wall  -mno-hw-div -mno-hw-mul -mno-hw-mulx -mgpopt=global   -o obj/HAL/src/alt_dcache_flush_no_writeback.o HAL/src/alt_dcache_flush_no_writeback.c
Compiling alt_dev.c...
nios2-elf-gcc -xc -MP -MMD -c  -I./HAL/inc -I. -I./drivers/inc -pipe -D__hal__ -DALT_NO_INSTRUCTION_EMULATION -DALT_SINGLE_THREADED    -O0 -g -Wall  -mno-hw-div -mno-hw-mul -mno-hw-mulx -mgpopt=global   -o obj/HAL/src/alt_dev.o HAL/src/alt_dev.c
Compiling alt_dev_llist_insert.c...
nios2-elf-gcc -xc -MP -MMD -c  -I./HAL/inc -I. -I./drivers/inc -pipe -D__hal__ -DALT_NO_INSTRUCTION_EMULATION -DALT_SINGLE_THREADED    -O0 -g -Wall  -mno-hw-div -mno-hw-mul -mno-hw-mulx -mgpopt=global   -o obj/HAL/src/alt_dev_llist_insert.o HAL/src/alt_dev_llist_insert.c
Compiling alt_dma_rxchan_open.c...
nios2-elf-gcc -xc -MP -MMD -c  -I./HAL/inc -I. -I./drivers/inc -pipe -D__hal__ -DALT_NO_INSTRUCTION_EMULATION -DALT_SINGLE_THREADED    -O0 -g -Wall  -mno-hw-div -mno-hw-mul -mno-hw-mulx -mgpopt=global   -o obj/HAL/src/alt_dma_rxchan_open.o HAL/src/alt_dma_rxchan_open.c
Compiling alt_dma_txchan_open.c...
nios2-elf-gcc -xc -MP -MMD -c  -I./HAL/inc -I. -I./drivers/inc -pipe -D__hal__ -DALT_NO_INSTRUCTION_EMULATION -DALT_SINGLE_THREADED    -O0 -g -Wall  -mno-hw-div -mno-hw-mul -mno-hw-mulx -mgpopt=global   -o obj/HAL/src/alt_dma_txchan_open.o HAL/src/alt_dma_txchan_open.c
Compiling alt_do_ctors.c...
nios2-elf-gcc -xc -MP -MMD -c  -I./HAL/inc -I. -I./drivers/inc -pipe -D__hal__ -DALT_NO_INSTRUCTION_EMULATION -DALT_SINGLE_THREADED    -O0 -g -Wall  -mno-hw-div -mno-hw-mul -mno-hw-mulx -mgpopt=global   -o obj/HAL/src/alt_do_ctors.o HAL/src/alt_do_ctors.c
Compiling alt_do_dtors.c...
nios2-elf-gcc -xc -MP -MMD -c  -I./HAL/inc -I. -I./drivers/inc -pipe -D__hal__ -DALT_NO_INSTRUCTION_EMULATION -DALT_SINGLE_THREADED    -O0 -g -Wall  -mno-hw-div -mno-hw-mul -mno-hw-mulx -mgpopt=global   -o obj/HAL/src/alt_do_dtors.o HAL/src/alt_do_dtors.c
Compiling alt_ecc_fatal_entry.S...
nios2-elf-gcc -MP -MMD -c   -O0 -g -Wall  -mno-hw-div -mno-hw-mul -mno-hw-mulx -mgpopt=global    -I./HAL/inc -I. -I./drivers/inc -pipe -D__hal__ -DALT_NO_INSTRUCTION_EMULATION -DALT_SINGLE_THREADED  -Wa,-gdwarf2  -o obj/HAL/src/alt_ecc_fatal_entry.o HAL/src/alt_ecc_fatal_entry.S
Compiling alt_ecc_fatal_exception.c...
nios2-elf-gcc -xc -MP -MMD -c  -I./HAL/inc -I. -I./drivers/inc -pipe -D__hal__ -DALT_NO_INSTRUCTION_EMULATION -DALT_SINGLE_THREADED    -O0 -g -Wall  -mno-hw-div -mno-hw-mul -mno-hw-mulx -mgpopt=global   -o obj/HAL/src/alt_ecc_fatal_exception.o HAL/src/alt_ecc_fatal_exception.c
Compiling alt_env_lock.c...
nios2-elf-gcc -xc -MP -MMD -c  -I./HAL/inc -I. -I./drivers/inc -pipe -D__hal__ -DALT_NO_INSTRUCTION_EMULATION -DALT_SINGLE_THREADED    -O0 -g -Wall  -mno-hw-div -mno-hw-mul -mno-hw-mulx -mgpopt=global   -o obj/HAL/src/alt_env_lock.o HAL/src/alt_env_lock.c
Compiling alt_environ.c...
nios2-elf-gcc -xc -MP -MMD -c  -I./HAL/inc -I. -I./drivers/inc -pipe -D__hal__ -DALT_NO_INSTRUCTION_EMULATION -DALT_SINGLE_THREADED    -O0 -g -Wall  -mno-hw-div -mno-hw-mul -mno-hw-mulx -mgpopt=global   -o obj/HAL/src/alt_environ.o HAL/src/alt_environ.c
Compiling alt_errno.c...
nios2-elf-gcc -xc -MP -MMD -c  -I./HAL/inc -I. -I./drivers/inc -pipe -D__hal__ -DALT_NO_INSTRUCTION_EMULATION -DALT_SINGLE_THREADED    -O0 -g -Wall  -mno-hw-div -mno-hw-mul -mno-hw-mulx -mgpopt=global   -o obj/HAL/src/alt_errno.o HAL/src/alt_errno.c
Compiling alt_exception_entry.S...
nios2-elf-gcc -MP -MMD -c   -O0 -g -Wall  -mno-hw-div -mno-hw-mul -mno-hw-mulx -mgpopt=global    -I./HAL/inc -I. -I./drivers/inc -pipe -D__hal__ -DALT_NO_INSTRUCTION_EMULATION -DALT_SINGLE_THREADED  -Wa,-gdwarf2  -o obj/HAL/src/alt_exception_entry.o HAL/src/alt_exception_entry.S
Compiling alt_exception_muldiv.S...
nios2-elf-gcc -MP -MMD -c   -O0 -g -Wall  -mno-hw-div -mno-hw-mul -mno-hw-mulx -mgpopt=global    -I./HAL/inc -I. -I./drivers/inc -pipe -D__hal__ -DALT_NO_INSTRUCTION_EMULATION -DALT_SINGLE_THREADED  -Wa,-gdwarf2  -o obj/HAL/src/alt_exception_muldiv.o HAL/src/alt_exception_muldiv.S
Compiling alt_exception_trap.S...
nios2-elf-gcc -MP -MMD -c   -O0 -g -Wall  -mno-hw-div -mno-hw-mul -mno-hw-mulx -mgpopt=global    -I./HAL/inc -I. -I./drivers/inc -pipe -D__hal__ -DALT_NO_INSTRUCTION_EMULATION -DALT_SINGLE_THREADED  -Wa,-gdwarf2  -o obj/HAL/src/alt_exception_trap.o HAL/src/alt_exception_trap.S
Compiling alt_execve.c...
nios2-elf-gcc -xc -MP -MMD -c  -I./HAL/inc -I. -I./drivers/inc -pipe -D__hal__ -DALT_NO_INSTRUCTION_EMULATION -DALT_SINGLE_THREADED    -O0 -g -Wall  -mno-hw-div -mno-hw-mul -mno-hw-mulx -mgpopt=global   -o obj/HAL/src/alt_execve.o HAL/src/alt_execve.c
Compiling alt_exit.c...
nios2-elf-gcc -xc -MP -MMD -c  -I./HAL/inc -I. -I./drivers/inc -pipe -D__hal__ -DALT_NO_INSTRUCTION_EMULATION -DALT_SINGLE_THREADED    -O0 -g -Wall  -mno-hw-div -mno-hw-mul -mno-hw-mulx -mgpopt=global   -o obj/HAL/src/alt_exit.o HAL/src/alt_exit.c
Compiling alt_fcntl.c...
nios2-elf-gcc -xc -MP -MMD -c  -I./HAL/inc -I. -I./drivers/inc -pipe -D__hal__ -DALT_NO_INSTRUCTION_EMULATION -DALT_SINGLE_THREADED    -O0 -g -Wall  -mno-hw-div -mno-hw-mul -mno-hw-mulx -mgpopt=global   -o obj/HAL/src/alt_fcntl.o HAL/src/alt_fcntl.c
Compiling alt_fd_lock.c...
nios2-elf-gcc -xc -MP -MMD -c  -I./HAL/inc -I. -I./drivers/inc -pipe -D__hal__ -DALT_NO_INSTRUCTION_EMULATION -DALT_SINGLE_THREADED    -O0 -g -Wall  -mno-hw-div -mno-hw-mul -mno-hw-mulx -mgpopt=global   -o obj/HAL/src/alt_fd_lock.o HAL/src/alt_fd_lock.c
Compiling alt_fd_unlock.c...
nios2-elf-gcc -xc -MP -MMD -c  -I./HAL/inc -I. -I./drivers/inc -pipe -D__hal__ -DALT_NO_INSTRUCTION_EMULATION -DALT_SINGLE_THREADED    -O0 -g -Wall  -mno-hw-div -mno-hw-mul -mno-hw-mulx -mgpopt=global   -o obj/HAL/src/alt_fd_unlock.o HAL/src/alt_fd_unlock.c
Compiling alt_find_dev.c...
nios2-elf-gcc -xc -MP -MMD -c  -I./HAL/inc -I. -I./drivers/inc -pipe -D__hal__ -DALT_NO_INSTRUCTION_EMULATION -DALT_SINGLE_THREADED    -O0 -g -Wall  -mno-hw-div -mno-hw-mul -mno-hw-mulx -mgpopt=global   -o obj/HAL/src/alt_find_dev.o HAL/src/alt_find_dev.c
Compiling alt_find_file.c...
nios2-elf-gcc -xc -MP -MMD -c  -I./HAL/inc -I. -I./drivers/inc -pipe -D__hal__ -DALT_NO_INSTRUCTION_EMULATION -DALT_SINGLE_THREADED    -O0 -g -Wall  -mno-hw-div -mno-hw-mul -mno-hw-mulx -mgpopt=global   -o obj/HAL/src/alt_find_file.o HAL/src/alt_find_file.c
Compiling alt_flash_dev.c...
nios2-elf-gcc -xc -MP -MMD -c  -I./HAL/inc -I. -I./drivers/inc -pipe -D__hal__ -DALT_NO_INSTRUCTION_EMULATION -DALT_SINGLE_THREADED    -O0 -g -Wall  -mno-hw-div -mno-hw-mul -mno-hw-mulx -mgpopt=global   -o obj/HAL/src/alt_flash_dev.o HAL/src/alt_flash_dev.c
Compiling alt_fork.c...
nios2-elf-gcc -xc -MP -MMD -c  -I./HAL/inc -I. -I./drivers/inc -pipe -D__hal__ -DALT_NO_INSTRUCTION_EMULATION -DALT_SINGLE_THREADED    -O0 -g -Wall  -mno-hw-div -mno-hw-mul -mno-hw-mulx -mgpopt=global   -o obj/HAL/src/alt_fork.o HAL/src/alt_fork.c
Compiling alt_fs_reg.c...
nios2-elf-gcc -xc -MP -MMD -c  -I./HAL/inc -I. -I./drivers/inc -pipe -D__hal__ -DALT_NO_INSTRUCTION_EMULATION -DALT_SINGLE_THREADED    -O0 -g -Wall  -mno-hw-div -mno-hw-mul -mno-hw-mulx -mgpopt=global   -o obj/HAL/src/alt_fs_reg.o HAL/src/alt_fs_reg.c
Compiling alt_fstat.c...
nios2-elf-gcc -xc -MP -MMD -c  -I./HAL/inc -I. -I./drivers/inc -pipe -D__hal__ -DALT_NO_INSTRUCTION_EMULATION -DALT_SINGLE_THREADED    -O0 -g -Wall  -mno-hw-div -mno-hw-mul -mno-hw-mulx -mgpopt=global   -o obj/HAL/src/alt_fstat.o HAL/src/alt_fstat.c
Compiling alt_get_fd.c...
nios2-elf-gcc -xc -MP -MMD -c  -I./HAL/inc -I. -I./drivers/inc -pipe -D__hal__ -DALT_NO_INSTRUCTION_EMULATION -DALT_SINGLE_THREADED    -O0 -g -Wall  -mno-hw-div -mno-hw-mul -mno-hw-mulx -mgpopt=global   -o obj/HAL/src/alt_get_fd.o HAL/src/alt_get_fd.c
Compiling alt_getchar.c...
nios2-elf-gcc -xc -MP -MMD -c  -I./HAL/inc -I. -I./drivers/inc -pipe -D__hal__ -DALT_NO_INSTRUCTION_EMULATION -DALT_SINGLE_THREADED    -O0 -g -Wall  -mno-hw-div -mno-hw-mul -mno-hw-mulx -mgpopt=global   -o obj/HAL/src/alt_getchar.o HAL/src/alt_getchar.c
Compiling alt_getpid.c...
nios2-elf-gcc -xc -MP -MMD -c  -I./HAL/inc -I. -I./drivers/inc -pipe -D__hal__ -DALT_NO_INSTRUCTION_EMULATION -DALT_SINGLE_THREADED    -O0 -g -Wall  -mno-hw-div -mno-hw-mul -mno-hw-mulx -mgpopt=global   -o obj/HAL/src/alt_getpid.o HAL/src/alt_getpid.c
Compiling alt_gettod.c...
nios2-elf-gcc -xc -MP -MMD -c  -I./HAL/inc -I. -I./drivers/inc -pipe -D__hal__ -DALT_NO_INSTRUCTION_EMULATION -DALT_SINGLE_THREADED    -O0 -g -Wall  -mno-hw-div -mno-hw-mul -mno-hw-mulx -mgpopt=global   -o obj/HAL/src/alt_gettod.o HAL/src/alt_gettod.c
Compiling alt_gmon.c...
nios2-elf-gcc -xc -MP -MMD -c  -I./HAL/inc -I. -I./drivers/inc -pipe -D__hal__ -DALT_NO_INSTRUCTION_EMULATION -DALT_SINGLE_THREADED    -O0 -g -Wall  -mno-hw-div -mno-hw-mul -mno-hw-mulx -mgpopt=global   -o obj/HAL/src/alt_gmon.o HAL/src/alt_gmon.c
Compiling alt_icache_flush.c...
nios2-elf-gcc -xc -MP -MMD -c  -I./HAL/inc -I. -I./drivers/inc -pipe -D__hal__ -DALT_NO_INSTRUCTION_EMULATION -DALT_SINGLE_THREADED    -O0 -g -Wall  -mno-hw-div -mno-hw-mul -mno-hw-mulx -mgpopt=global   -o obj/HAL/src/alt_icache_flush.o HAL/src/alt_icache_flush.c
Compiling alt_icache_flush_all.c...
nios2-elf-gcc -xc -MP -MMD -c  -I./HAL/inc -I. -I./drivers/inc -pipe -D__hal__ -DALT_NO_INSTRUCTION_EMULATION -DALT_SINGLE_THREADED    -O0 -g -Wall  -mno-hw-div -mno-hw-mul -mno-hw-mulx -mgpopt=global   -o obj/HAL/src/alt_icache_flush_all.o HAL/src/alt_icache_flush_all.c
Compiling alt_iic.c...
nios2-elf-gcc -xc -MP -MMD -c  -I./HAL/inc -I. -I./drivers/inc -pipe -D__hal__ -DALT_NO_INSTRUCTION_EMULATION -DALT_SINGLE_THREADED    -O0 -g -Wall  -mno-hw-div -mno-hw-mul -mno-hw-mulx -mgpopt=global   -o obj/HAL/src/alt_iic.o HAL/src/alt_iic.c
Compiling alt_iic_isr_register.c...
nios2-elf-gcc -xc -MP -MMD -c  -I./HAL/inc -I. -I./drivers/inc -pipe -D__hal__ -DALT_NO_INSTRUCTION_EMULATION -DALT_SINGLE_THREADED    -O0 -g -Wall  -mno-hw-div -mno-hw-mul -mno-hw-mulx -mgpopt=global   -o obj/HAL/src/alt_iic_isr_register.o HAL/src/alt_iic_isr_register.c
Compiling alt_instruction_exception_entry.c...
nios2-elf-gcc -xc -MP -MMD -c  -I./HAL/inc -I. -I./drivers/inc -pipe -D__hal__ -DALT_NO_INSTRUCTION_EMULATION -DALT_SINGLE_THREADED    -O0 -g -Wall  -mno-hw-div -mno-hw-mul -mno-hw-mulx -mgpopt=global   -o obj/HAL/src/alt_instruction_exception_entry.o HAL/src/alt_instruction_exception_entry.c
Compiling alt_instruction_exception_register.c...
nios2-elf-gcc -xc -MP -MMD -c  -I./HAL/inc -I. -I./drivers/inc -pipe -D__hal__ -DALT_NO_INSTRUCTION_EMULATION -DALT_SINGLE_THREADED    -O0 -g -Wall  -mno-hw-div -mno-hw-mul -mno-hw-mulx -mgpopt=global   -o obj/HAL/src/alt_instruction_exception_register.o HAL/src/alt_instruction_exception_register.c
Compiling alt_io_redirect.c...
nios2-elf-gcc -xc -MP -MMD -c  -I./HAL/inc -I. -I./drivers/inc -pipe -D__hal__ -DALT_NO_INSTRUCTION_EMULATION -DALT_SINGLE_THREADED    -O0 -g -Wall  -mno-hw-div -mno-hw-mul -mno-hw-mulx -mgpopt=global   -o obj/HAL/src/alt_io_redirect.o HAL/src/alt_io_redirect.c
Compiling alt_ioctl.c...
nios2-elf-gcc -xc -MP -MMD -c  -I./HAL/inc -I. -I./drivers/inc -pipe -D__hal__ -DALT_NO_INSTRUCTION_EMULATION -DALT_SINGLE_THREADED    -O0 -g -Wall  -mno-hw-div -mno-hw-mul -mno-hw-mulx -mgpopt=global   -o obj/HAL/src/alt_ioctl.o HAL/src/alt_ioctl.c
Compiling alt_irq_entry.S...
nios2-elf-gcc -MP -MMD -c   -O0 -g -Wall  -mno-hw-div -mno-hw-mul -mno-hw-mulx -mgpopt=global    -I./HAL/inc -I. -I./drivers/inc -pipe -D__hal__ -DALT_NO_INSTRUCTION_EMULATION -DALT_SINGLE_THREADED  -Wa,-gdwarf2  -o obj/HAL/src/alt_irq_entry.o HAL/src/alt_irq_entry.S
Compiling alt_irq_handler.c...
nios2-elf-gcc -xc -MP -MMD -c  -I./HAL/inc -I. -I./drivers/inc -pipe -D__hal__ -DALT_NO_INSTRUCTION_EMULATION -DALT_SINGLE_THREADED    -O0 -g -Wall  -mno-hw-div -mno-hw-mul -mno-hw-mulx -mgpopt=global   -o obj/HAL/src/alt_irq_handler.o HAL/src/alt_irq_handler.c
Compiling alt_irq_register.c...
nios2-elf-gcc -xc -MP -MMD -c  -I./HAL/inc -I. -I./drivers/inc -pipe -D__hal__ -DALT_NO_INSTRUCTION_EMULATION -DALT_SINGLE_THREADED    -O0 -g -Wall  -mno-hw-div -mno-hw-mul -mno-hw-mulx -mgpopt=global   -o obj/HAL/src/alt_irq_register.o HAL/src/alt_irq_register.c
Compiling alt_irq_vars.c...
nios2-elf-gcc -xc -MP -MMD -c  -I./HAL/inc -I. -I./drivers/inc -pipe -D__hal__ -DALT_NO_INSTRUCTION_EMULATION -DALT_SINGLE_THREADED    -O0 -g -Wall  -mno-hw-div -mno-hw-mul -mno-hw-mulx -mgpopt=global   -o obj/HAL/src/alt_irq_vars.o HAL/src/alt_irq_vars.c
Compiling alt_isatty.c...
nios2-elf-gcc -xc -MP -MMD -c  -I./HAL/inc -I. -I./drivers/inc -pipe -D__hal__ -DALT_NO_INSTRUCTION_EMULATION -DALT_SINGLE_THREADED    -O0 -g -Wall  -mno-hw-div -mno-hw-mul -mno-hw-mulx -mgpopt=global   -o obj/HAL/src/alt_isatty.o HAL/src/alt_isatty.c
Compiling alt_kill.c...
nios2-elf-gcc -xc -MP -MMD -c  -I./HAL/inc -I. -I./drivers/inc -pipe -D__hal__ -DALT_NO_INSTRUCTION_EMULATION -DALT_SINGLE_THREADED    -O0 -g -Wall  -mno-hw-div -mno-hw-mul -mno-hw-mulx -mgpopt=global   -o obj/HAL/src/alt_kill.o HAL/src/alt_kill.c
Compiling alt_link.c...
nios2-elf-gcc -xc -MP -MMD -c  -I./HAL/inc -I. -I./drivers/inc -pipe -D__hal__ -DALT_NO_INSTRUCTION_EMULATION -DALT_SINGLE_THREADED    -O0 -g -Wall  -mno-hw-div -mno-hw-mul -mno-hw-mulx -mgpopt=global   -o obj/HAL/src/alt_link.o HAL/src/alt_link.c
Compiling alt_load.c...
nios2-elf-gcc -xc -MP -MMD -c  -I./HAL/inc -I. -I./drivers/inc -pipe -D__hal__ -DALT_NO_INSTRUCTION_EMULATION -DALT_SINGLE_THREADED    -O0 -g -Wall  -mno-hw-div -mno-hw-mul -mno-hw-mulx -mgpopt=global   -o obj/HAL/src/alt_load.o HAL/src/alt_load.c
Compiling alt_log_macro.S...
nios2-elf-gcc -MP -MMD -c   -O0 -g -Wall  -mno-hw-div -mno-hw-mul -mno-hw-mulx -mgpopt=global    -I./HAL/inc -I. -I./drivers/inc -pipe -D__hal__ -DALT_NO_INSTRUCTION_EMULATION -DALT_SINGLE_THREADED  -Wa,-gdwarf2  -o obj/HAL/src/alt_log_macro.o HAL/src/alt_log_macro.S
Compiling alt_log_printf.c...
nios2-elf-gcc -xc -MP -MMD -c  -I./HAL/inc -I. -I./drivers/inc -pipe -D__hal__ -DALT_NO_INSTRUCTION_EMULATION -DALT_SINGLE_THREADED    -O0 -g -Wall  -mno-hw-div -mno-hw-mul -mno-hw-mulx -mgpopt=global   -o obj/HAL/src/alt_log_printf.o HAL/src/alt_log_printf.c
Compiling alt_lseek.c...
nios2-elf-gcc -xc -MP -MMD -c  -I./HAL/inc -I. -I./drivers/inc -pipe -D__hal__ -DALT_NO_INSTRUCTION_EMULATION -DALT_SINGLE_THREADED    -O0 -g -Wall  -mno-hw-div -mno-hw-mul -mno-hw-mulx -mgpopt=global   -o obj/HAL/src/alt_lseek.o HAL/src/alt_lseek.c
Compiling alt_main.c...
nios2-elf-gcc -xc -MP -MMD -c  -I./HAL/inc -I. -I./drivers/inc -pipe -D__hal__ -DALT_NO_INSTRUCTION_EMULATION -DALT_SINGLE_THREADED    -O0 -g -Wall  -mno-hw-div -mno-hw-mul -mno-hw-mulx -mgpopt=global   -o obj/HAL/src/alt_main.o HAL/src/alt_main.c
Compiling alt_malloc_lock.c...
nios2-elf-gcc -xc -MP -MMD -c  -I./HAL/inc -I. -I./drivers/inc -pipe -D__hal__ -DALT_NO_INSTRUCTION_EMULATION -DALT_SINGLE_THREADED    -O0 -g -Wall  -mno-hw-div -mno-hw-mul -mno-hw-mulx -mgpopt=global   -o obj/HAL/src/alt_malloc_lock.o HAL/src/alt_malloc_lock.c
Compiling alt_mcount.S...
nios2-elf-gcc -MP -MMD -c   -O0 -g -Wall  -mno-hw-div -mno-hw-mul -mno-hw-mulx -mgpopt=global    -I./HAL/inc -I. -I./drivers/inc -pipe -D__hal__ -DALT_NO_INSTRUCTION_EMULATION -DALT_SINGLE_THREADED  -Wa,-gdwarf2  -o obj/HAL/src/alt_mcount.o HAL/src/alt_mcount.S
Compiling alt_open.c...
nios2-elf-gcc -xc -MP -MMD -c  -I./HAL/inc -I. -I./drivers/inc -pipe -D__hal__ -DALT_NO_INSTRUCTION_EMULATION -DALT_SINGLE_THREADED    -O0 -g -Wall  -mno-hw-div -mno-hw-mul -mno-hw-mulx -mgpopt=global   -o obj/HAL/src/alt_open.o HAL/src/alt_open.c
Compiling alt_printf.c...
nios2-elf-gcc -xc -MP -MMD -c  -I./HAL/inc -I. -I./drivers/inc -pipe -D__hal__ -DALT_NO_INSTRUCTION_EMULATION -DALT_SINGLE_THREADED    -O0 -g -Wall  -mno-hw-div -mno-hw-mul -mno-hw-mulx -mgpopt=global   -o obj/HAL/src/alt_printf.o HAL/src/alt_printf.c
Compiling alt_putchar.c...
nios2-elf-gcc -xc -MP -MMD -c  -I./HAL/inc -I. -I./drivers/inc -pipe -D__hal__ -DALT_NO_INSTRUCTION_EMULATION -DALT_SINGLE_THREADED    -O0 -g -Wall  -mno-hw-div -mno-hw-mul -mno-hw-mulx -mgpopt=global   -o obj/HAL/src/alt_putchar.o HAL/src/alt_putchar.c
Compiling alt_putcharbuf.c...
nios2-elf-gcc -xc -MP -MMD -c  -I./HAL/inc -I. -I./drivers/inc -pipe -D__hal__ -DALT_NO_INSTRUCTION_EMULATION -DALT_SINGLE_THREADED    -O0 -g -Wall  -mno-hw-div -mno-hw-mul -mno-hw-mulx -mgpopt=global   -o obj/HAL/src/alt_putcharbuf.o HAL/src/alt_putcharbuf.c
Compiling alt_putstr.c...
nios2-elf-gcc -xc -MP -MMD -c  -I./HAL/inc -I. -I./drivers/inc -pipe -D__hal__ -DALT_NO_INSTRUCTION_EMULATION -DALT_SINGLE_THREADED    -O0 -g -Wall  -mno-hw-div -mno-hw-mul -mno-hw-mulx -mgpopt=global   -o obj/HAL/src/alt_putstr.o HAL/src/alt_putstr.c
Compiling alt_read.c...
nios2-elf-gcc -xc -MP -MMD -c  -I./HAL/inc -I. -I./drivers/inc -pipe -D__hal__ -DALT_NO_INSTRUCTION_EMULATION -DALT_SINGLE_THREADED    -O0 -g -Wall  -mno-hw-div -mno-hw-mul -mno-hw-mulx -mgpopt=global   -o obj/HAL/src/alt_read.o HAL/src/alt_read.c
Compiling alt_release_fd.c...
nios2-elf-gcc -xc -MP -MMD -c  -I./HAL/inc -I. -I./drivers/inc -pipe -D__hal__ -DALT_NO_INSTRUCTION_EMULATION -DALT_SINGLE_THREADED    -O0 -g -Wall  -mno-hw-div -mno-hw-mul -mno-hw-mulx -mgpopt=global   -o obj/HAL/src/alt_release_fd.o HAL/src/alt_release_fd.c
Compiling alt_remap_cached.c...
nios2-elf-gcc -xc -MP -MMD -c  -I./HAL/inc -I. -I./drivers/inc -pipe -D__hal__ -DALT_NO_INSTRUCTION_EMULATION -DALT_SINGLE_THREADED    -O0 -g -Wall  -mno-hw-div -mno-hw-mul -mno-hw-mulx -mgpopt=global   -o obj/HAL/src/alt_remap_cached.o HAL/src/alt_remap_cached.c
Compiling alt_remap_uncached.c...
nios2-elf-gcc -xc -MP -MMD -c  -I./HAL/inc -I. -I./drivers/inc -pipe -D__hal__ -DALT_NO_INSTRUCTION_EMULATION -DALT_SINGLE_THREADED    -O0 -g -Wall  -mno-hw-div -mno-hw-mul -mno-hw-mulx -mgpopt=global   -o obj/HAL/src/alt_remap_uncached.o HAL/src/alt_remap_uncached.c
Compiling alt_rename.c...
nios2-elf-gcc -xc -MP -MMD -c  -I./HAL/inc -I. -I./drivers/inc -pipe -D__hal__ -DALT_NO_INSTRUCTION_EMULATION -DALT_SINGLE_THREADED    -O0 -g -Wall  -mno-hw-div -mno-hw-mul -mno-hw-mulx -mgpopt=global   -o obj/HAL/src/alt_rename.o HAL/src/alt_rename.c
Compiling alt_sbrk.c...
nios2-elf-gcc -xc -MP -MMD -c  -I./HAL/inc -I. -I./drivers/inc -pipe -D__hal__ -DALT_NO_INSTRUCTION_EMULATION -DALT_SINGLE_THREADED    -O0 -g -Wall  -mno-hw-div -mno-hw-mul -mno-hw-mulx -mgpopt=global   -o obj/HAL/src/alt_sbrk.o HAL/src/alt_sbrk.c
Compiling alt_settod.c...
nios2-elf-gcc -xc -MP -MMD -c  -I./HAL/inc -I. -I./drivers/inc -pipe -D__hal__ -DALT_NO_INSTRUCTION_EMULATION -DALT_SINGLE_THREADED    -O0 -g -Wall  -mno-hw-div -mno-hw-mul -mno-hw-mulx -mgpopt=global   -o obj/HAL/src/alt_settod.o HAL/src/alt_settod.c
Compiling alt_software_exception.S...
nios2-elf-gcc -MP -MMD -c   -O0 -g -Wall  -mno-hw-div -mno-hw-mul -mno-hw-mulx -mgpopt=global    -I./HAL/inc -I. -I./drivers/inc -pipe -D__hal__ -DALT_NO_INSTRUCTION_EMULATION -DALT_SINGLE_THREADED  -Wa,-gdwarf2  -o obj/HAL/src/alt_software_exception.o HAL/src/alt_software_exception.S
Compiling alt_stat.c...
nios2-elf-gcc -xc -MP -MMD -c  -I./HAL/inc -I. -I./drivers/inc -pipe -D__hal__ -DALT_NO_INSTRUCTION_EMULATION -DALT_SINGLE_THREADED    -O0 -g -Wall  -mno-hw-div -mno-hw-mul -mno-hw-mulx -mgpopt=global   -o obj/HAL/src/alt_stat.o HAL/src/alt_stat.c
Compiling alt_tick.c...
nios2-elf-gcc -xc -MP -MMD -c  -I./HAL/inc -I. -I./drivers/inc -pipe -D__hal__ -DALT_NO_INSTRUCTION_EMULATION -DALT_SINGLE_THREADED    -O0 -g -Wall  -mno-hw-div -mno-hw-mul -mno-hw-mulx -mgpopt=global   -o obj/HAL/src/alt_tick.o HAL/src/alt_tick.c
Compiling alt_times.c...
nios2-elf-gcc -xc -MP -MMD -c  -I./HAL/inc -I. -I./drivers/inc -pipe -D__hal__ -DALT_NO_INSTRUCTION_EMULATION -DALT_SINGLE_THREADED    -O0 -g -Wall  -mno-hw-div -mno-hw-mul -mno-hw-mulx -mgpopt=global   -o obj/HAL/src/alt_times.o HAL/src/alt_times.c
Compiling alt_uncached_free.c...
nios2-elf-gcc -xc -MP -MMD -c  -I./HAL/inc -I. -I./drivers/inc -pipe -D__hal__ -DALT_NO_INSTRUCTION_EMULATION -DALT_SINGLE_THREADED    -O0 -g -Wall  -mno-hw-div -mno-hw-mul -mno-hw-mulx -mgpopt=global   -o obj/HAL/src/alt_uncached_free.o HAL/src/alt_uncached_free.c
Compiling alt_uncached_malloc.c...
nios2-elf-gcc -xc -MP -MMD -c  -I./HAL/inc -I. -I./drivers/inc -pipe -D__hal__ -DALT_NO_INSTRUCTION_EMULATION -DALT_SINGLE_THREADED    -O0 -g -Wall  -mno-hw-div -mno-hw-mul -mno-hw-mulx -mgpopt=global   -o obj/HAL/src/alt_uncached_malloc.o HAL/src/alt_uncached_malloc.c
Compiling alt_unlink.c...
nios2-elf-gcc -xc -MP -MMD -c  -I./HAL/inc -I. -I./drivers/inc -pipe -D__hal__ -DALT_NO_INSTRUCTION_EMULATION -DALT_SINGLE_THREADED    -O0 -g -Wall  -mno-hw-div -mno-hw-mul -mno-hw-mulx -mgpopt=global   -o obj/HAL/src/alt_unlink.o HAL/src/alt_unlink.c
Compiling alt_usleep.c...
nios2-elf-gcc -xc -MP -MMD -c  -I./HAL/inc -I. -I./drivers/inc -pipe -D__hal__ -DALT_NO_INSTRUCTION_EMULATION -DALT_SINGLE_THREADED    -O0 -g -Wall  -mno-hw-div -mno-hw-mul -mno-hw-mulx -mgpopt=global   -o obj/HAL/src/alt_usleep.o HAL/src/alt_usleep.c
Compiling alt_wait.c...
nios2-elf-gcc -xc -MP -MMD -c  -I./HAL/inc -I. -I./drivers/inc -pipe -D__hal__ -DALT_NO_INSTRUCTION_EMULATION -DALT_SINGLE_THREADED    -O0 -g -Wall  -mno-hw-div -mno-hw-mul -mno-hw-mulx -mgpopt=global   -o obj/HAL/src/alt_wait.o HAL/src/alt_wait.c
Compiling alt_write.c...
nios2-elf-gcc -xc -MP -MMD -c  -I./HAL/inc -I. -I./drivers/inc -pipe -D__hal__ -DALT_NO_INSTRUCTION_EMULATION -DALT_SINGLE_THREADED    -O0 -g -Wall  -mno-hw-div -mno-hw-mul -mno-hw-mulx -mgpopt=global   -o obj/HAL/src/alt_write.o HAL/src/alt_write.c
Compiling altera_nios2_gen2_irq.c...
nios2-elf-gcc -xc -MP -MMD -c  -I./HAL/inc -I. -I./drivers/inc -pipe -D__hal__ -DALT_NO_INSTRUCTION_EMULATION -DALT_SINGLE_THREADED    -O0 -g -Wall  -mno-hw-div -mno-hw-mul -mno-hw-mulx -mgpopt=global   -o obj/HAL/src/altera_nios2_gen2_irq.o HAL/src/altera_nios2_gen2_irq.c
Compiling crt0.S...
nios2-elf-gcc -MP -MMD -c   -O0 -g -Wall  -mno-hw-div -mno-hw-mul -mno-hw-mulx -mgpopt=global    -I./HAL/inc -I. -I./drivers/inc -pipe -D__hal__ -DALT_NO_INSTRUCTION_EMULATION -DALT_SINGLE_THREADED  -Wa,-gdwarf2  -o obj/HAL/src/crt0.o HAL/src/crt0.S
Compiling alt_sys_init.c...
nios2-elf-gcc -xc -MP -MMD -c  -I./HAL/inc -I. -I./drivers/inc -pipe -D__hal__ -DALT_NO_INSTRUCTION_EMULATION -DALT_SINGLE_THREADED    -O0 -g -Wall  -mno-hw-div -mno-hw-mul -mno-hw-mulx -mgpopt=global   -o obj/alt_sys_init.o alt_sys_init.c
Compiling altera_avalon_epcs_flash_controller.c...
nios2-elf-gcc -xc -MP -MMD -c  -I./HAL/inc -I. -I./drivers/inc -pipe -D__hal__ -DALT_NO_INSTRUCTION_EMULATION -DALT_SINGLE_THREADED    -O0 -g -Wall  -mno-hw-div -mno-hw-mul -mno-hw-mulx -mgpopt=global   -o obj/drivers/src/altera_avalon_epcs_flash_controller.o drivers/src/altera_avalon_epcs_flash_controller.c
Compiling altera_avalon_jtag_uart_fd.c...
nios2-elf-gcc -xc -MP -MMD -c  -I./HAL/inc -I. -I./drivers/inc -pipe -D__hal__ -DALT_NO_INSTRUCTION_EMULATION -DALT_SINGLE_THREADED    -O0 -g -Wall  -mno-hw-div -mno-hw-mul -mno-hw-mulx -mgpopt=global   -o obj/drivers/src/altera_avalon_jtag_uart_fd.o drivers/src/altera_avalon_jtag_uart_fd.c
Compiling altera_avalon_jtag_uart_init.c...
nios2-elf-gcc -xc -MP -MMD -c  -I./HAL/inc -I. -I./drivers/inc -pipe -D__hal__ -DALT_NO_INSTRUCTION_EMULATION -DALT_SINGLE_THREADED    -O0 -g -Wall  -mno-hw-div -mno-hw-mul -mno-hw-mulx -mgpopt=global   -o obj/drivers/src/altera_avalon_jtag_uart_init.o drivers/src/altera_avalon_jtag_uart_init.c
Compiling altera_avalon_jtag_uart_ioctl.c...
nios2-elf-gcc -xc -MP -MMD -c  -I./HAL/inc -I. -I./drivers/inc -pipe -D__hal__ -DALT_NO_INSTRUCTION_EMULATION -DALT_SINGLE_THREADED    -O0 -g -Wall  -mno-hw-div -mno-hw-mul -mno-hw-mulx -mgpopt=global   -o obj/drivers/src/altera_avalon_jtag_uart_ioctl.o drivers/src/altera_avalon_jtag_uart_ioctl.c
Compiling altera_avalon_jtag_uart_read.c...
nios2-elf-gcc -xc -MP -MMD -c  -I./HAL/inc -I. -I./drivers/inc -pipe -D__hal__ -DALT_NO_INSTRUCTION_EMULATION -DALT_SINGLE_THREADED    -O0 -g -Wall  -mno-hw-div -mno-hw-mul -mno-hw-mulx -mgpopt=global   -o obj/drivers/src/altera_avalon_jtag_uart_read.o drivers/src/altera_avalon_jtag_uart_read.c
Compiling altera_avalon_jtag_uart_write.c...
nios2-elf-gcc -xc -MP -MMD -c  -I./HAL/inc -I. -I./drivers/inc -pipe -D__hal__ -DALT_NO_INSTRUCTION_EMULATION -DALT_SINGLE_THREADED    -O0 -g -Wall  -mno-hw-div -mno-hw-mul -mno-hw-mulx -mgpopt=global   -o obj/drivers/src/altera_avalon_jtag_uart_write.o drivers/src/altera_avalon_jtag_uart_write.c
Compiling altera_avalon_spi.c...
nios2-elf-gcc -xc -MP -MMD -c  -I./HAL/inc -I. -I./drivers/inc -pipe -D__hal__ -DALT_NO_INSTRUCTION_EMULATION -DALT_SINGLE_THREADED    -O0 -g -Wall  -mno-hw-div -mno-hw-mul -mno-hw-mulx -mgpopt=global   -o obj/drivers/src/altera_avalon_spi.o drivers/src/altera_avalon_spi.c
Compiling altera_avalon_sysid_qsys.c...
nios2-elf-gcc -xc -MP -MMD -c  -I./HAL/inc -I. -I./drivers/inc -pipe -D__hal__ -DALT_NO_INSTRUCTION_EMULATION -DALT_SINGLE_THREADED    -O0 -g -Wall  -mno-hw-div -mno-hw-mul -mno-hw-mulx -mgpopt=global   -o obj/drivers/src/altera_avalon_sysid_qsys.o drivers/src/altera_avalon_sysid_qsys.c
Compiling altera_avalon_uart_fd.c...
nios2-elf-gcc -xc -MP -MMD -c  -I./HAL/inc -I. -I./drivers/inc -pipe -D__hal__ -DALT_NO_INSTRUCTION_EMULATION -DALT_SINGLE_THREADED    -O0 -g -Wall  -mno-hw-div -mno-hw-mul -mno-hw-mulx -mgpopt=global   -o obj/drivers/src/altera_avalon_uart_fd.o drivers/src/altera_avalon_uart_fd.c
Compiling altera_avalon_uart_init.c...
nios2-elf-gcc -xc -MP -MMD -c  -I./HAL/inc -I. -I./drivers/inc -pipe -D__hal__ -DALT_NO_INSTRUCTION_EMULATION -DALT_SINGLE_THREADED    -O0 -g -Wall  -mno-hw-div -mno-hw-mul -mno-hw-mulx -mgpopt=global   -o obj/drivers/src/altera_avalon_uart_init.o drivers/src/altera_avalon_uart_init.c
Compiling altera_avalon_uart_ioctl.c...
nios2-elf-gcc -xc -MP -MMD -c  -I./HAL/inc -I. -I./drivers/inc -pipe -D__hal__ -DALT_NO_INSTRUCTION_EMULATION -DALT_SINGLE_THREADED    -O0 -g -Wall  -mno-hw-div -mno-hw-mul -mno-hw-mulx -mgpopt=global   -o obj/drivers/src/altera_avalon_uart_ioctl.o drivers/src/altera_avalon_uart_ioctl.c
Compiling altera_avalon_uart_read.c...
nios2-elf-gcc -xc -MP -MMD -c  -I./HAL/inc -I. -I./drivers/inc -pipe -D__hal__ -DALT_NO_INSTRUCTION_EMULATION -DALT_SINGLE_THREADED    -O0 -g -Wall  -mno-hw-div -mno-hw-mul -mno-hw-mulx -mgpopt=global   -o obj/drivers/src/altera_avalon_uart_read.o drivers/src/altera_avalon_uart_read.c
Compiling altera_avalon_uart_write.c...
nios2-elf-gcc -xc -MP -MMD -c  -I./HAL/inc -I. -I./drivers/inc -pipe -D__hal__ -DALT_NO_INSTRUCTION_EMULATION -DALT_SINGLE_THREADED    -O0 -g -Wall  -mno-hw-div -mno-hw-mul -mno-hw-mulx -mgpopt=global   -o obj/drivers/src/altera_avalon_uart_write.o drivers/src/altera_avalon_uart_write.c
Compiling epcs_commands.c...
nios2-elf-gcc -xc -MP -MMD -c  -I./HAL/inc -I. -I./drivers/inc -pipe -D__hal__ -DALT_NO_INSTRUCTION_EMULATION -DALT_SINGLE_THREADED    -O0 -g -Wall  -mno-hw-div -mno-hw-mul -mno-hw-mulx -mgpopt=global   -o obj/drivers/src/epcs_commands.o drivers/src/epcs_commands.c
Creating libhal_bsp.a...
rm -f -f libhal_bsp.a
nios2-elf-ar -src libhal_bsp.a obj/HAL/src/alt_alarm_start.o obj/HAL/src/alt_busy_sleep.o obj/HAL/src/alt_close.o obj/HAL/src/alt_dcache_flush.o obj/HAL/src/alt_dcache_flush_all.o obj/HAL/src/alt_dcache_flush_no_writeback.o obj/HAL/src/alt_dev.o obj/HAL/src/alt_dev_llist_insert.o obj/HAL/src/alt_dma_rxchan_open.o obj/HAL/src/alt_dma_txchan_open.o obj/HAL/src/alt_do_ctors.o obj/HAL/src/alt_do_dtors.o obj/HAL/src/alt_ecc_fatal_entry.o obj/HAL/src/alt_ecc_fatal_exception.o obj/HAL/src/alt_env_lock.o obj/HAL/src/alt_environ.o obj/HAL/src/alt_errno.o obj/HAL/src/alt_exception_entry.o obj/HAL/src/alt_exception_muldiv.o obj/HAL/src/alt_exception_trap.o obj/HAL/src/alt_execve.o obj/HAL/src/alt_exit.o obj/HAL/src/alt_fcntl.o obj/HAL/src/alt_fd_lock.o obj/HAL/src/alt_fd_unlock.o obj/HAL/src/alt_find_dev.o obj/HAL/src/alt_find_file.o obj/HAL/src/alt_flash_dev.o obj/HAL/src/alt_fork.o obj/HAL/src/alt_fs_reg.o obj/HAL/src/alt_fstat.o obj/HAL/src/alt_get_fd.o obj/HAL/src/alt_getchar.o obj/HAL/src/alt_getpid.o obj/HAL/src/alt_gettod.o obj/HAL/src/alt_gmon.o obj/HAL/src/alt_icache_flush.o obj/HAL/src/alt_icache_flush_all.o obj/HAL/src/alt_iic.o obj/HAL/src/alt_iic_isr_register.o obj/HAL/src/alt_instruction_exception_entry.o obj/HAL/src/alt_instruction_exception_register.o obj/HAL/src/alt_io_redirect.o obj/HAL/src/alt_ioctl.o obj/HAL/src/alt_irq_entry.o obj/HAL/src/alt_irq_handler.o obj/HAL/src/alt_irq_register.o obj/HAL/src/alt_irq_vars.o obj/HAL/src/alt_isatty.o obj/HAL/src/alt_kill.o obj/HAL/src/alt_link.o obj/HAL/src/alt_load.o obj/HAL/src/alt_log_macro.o obj/HAL/src/alt_log_printf.o obj/HAL/src/alt_lseek.o obj/HAL/src/alt_main.o obj/HAL/src/alt_malloc_lock.o obj/HAL/src/alt_mcount.o obj/HAL/src/alt_open.o obj/HAL/src/alt_printf.o obj/HAL/src/alt_putchar.o obj/HAL/src/alt_putcharbuf.o obj/HAL/src/alt_putstr.o obj/HAL/src/alt_read.o obj/HAL/src/alt_release_fd.o obj/HAL/src/alt_remap_cached.o obj/HAL/src/alt_remap_uncached.o obj/HAL/src/alt_rename.o obj/HAL/src/alt_sbrk.o obj/HAL/src/alt_settod.o obj/HAL/src/alt_software_exception.o obj/HAL/src/alt_stat.o obj/HAL/src/alt_tick.o obj/HAL/src/alt_times.o obj/HAL/src/alt_uncached_free.o obj/HAL/src/alt_uncached_malloc.o obj/HAL/src/alt_unlink.o obj/HAL/src/alt_usleep.o obj/HAL/src/alt_wait.o obj/HAL/src/alt_write.o obj/HAL/src/altera_nios2_gen2_irq.o obj/HAL/src/crt0.o obj/alt_sys_init.o obj/drivers/src/altera_avalon_epcs_flash_controller.o obj/drivers/src/altera_avalon_jtag_uart_fd.o obj/drivers/src/altera_avalon_jtag_uart_init.o obj/drivers/src/altera_avalon_jtag_uart_ioctl.o obj/drivers/src/altera_avalon_jtag_uart_read.o obj/drivers/src/altera_avalon_jtag_uart_write.o obj/drivers/src/altera_avalon_spi.o obj/drivers/src/altera_avalon_sysid_qsys.o obj/drivers/src/altera_avalon_uart_fd.o obj/drivers/src/altera_avalon_uart_init.o obj/drivers/src/altera_avalon_uart_ioctl.o obj/drivers/src/altera_avalon_uart_read.o obj/drivers/src/altera_avalon_uart_write.o obj/drivers/src/epcs_commands.o
[BSP build complete]
Info: Linking IRIS1_CPU_V01_7.elf
nios2-elf-g++  -T'../IRIS1_CPU_V01_7_bsp//linker.x' -msys-crt0='../IRIS1_CPU_V01_7_bsp//obj/HAL/src/crt0.o' -msys-lib=hal_bsp -L../IRIS1_CPU_V01_7_bsp/   -Wl,-Map=IRIS1_CPU_V01_7.map   -O0 -g -Wall   -mno-hw-div -mno-hw-mul -mno-hw-mulx -mgpopt=global  -o IRIS1_CPU_V01_7.elf  -lm -msys-lib=m
../IRIS1_CPU_V01_7_bsp/\libhal_bsp.a(alt_main.o): In function `alt_main':
D:\github\adamShiau_FPGA\intel_IP\IRIS\PRJ\IRIS_PRJ_V1\software\IRIS1_CPU_V01_7_bsp/HAL/src/alt_main.c:154: undefined reference to `main'
collect2.exe: error: ld returned 1 exit status
make: *** [IRIS1_CPU_V01_7.elf] Error 1
16:18:27 **** Build of configuration Nios II for project IRIS1_CPU_V01_7_bsp ****
make all 
[BSP build complete]
16:26:07 **** Incremental Build of configuration Nios II for project IRIS1_CPU_V01_7 ****
make all 
Info: Building ../IRIS1_CPU_V01_7_bsp/
D:/intelFPGA_lite/18.1/nios2eds/bin/gnu/H-x86_64-mingw32/bin/make --no-print-directory -C ../IRIS1_CPU_V01_7_bsp/
[BSP build complete]
Info: Compiling D:/github/adamShiau_FPGA/intel_IP/IRIS/NIOS/IRIS1_CPU_V01_7/IRIS1_CPU_V01_7.c to obj/default//D/github/adamShiau_FPGA/intel_IP/IRIS/NIOS/IRIS1_CPU_V01_7/IRIS1_CPU_V01_7.o
nios2-elf-gcc -xc -MP -MMD -c -ID:\github\adamShiau_FPGA\intel_IP\IRIS\NIOS\IRIS1_CPU_V01_7\include -I../IRIS1_CPU_V01_7_bsp//HAL/inc -I../IRIS1_CPU_V01_7_bsp/ -I../IRIS1_CPU_V01_7_bsp//drivers/inc  -pipe -D__hal__ -DALT_NO_INSTRUCTION_EMULATION -DALT_SINGLE_THREADED    -O0 -g -Wall   -mno-hw-div -mno-hw-mul -mno-hw-mulx -mgpopt=global  -o obj/default//D/github/adamShiau_FPGA/intel_IP/IRIS/NIOS/IRIS1_CPU_V01_7/IRIS1_CPU_V01_7.o D:/github/adamShiau_FPGA/intel_IP/IRIS/NIOS/IRIS1_CPU_V01_7/IRIS1_CPU_V01_7.c
In file included from D:\github\adamShiau_FPGA\intel_IP\IRIS\NIOS\IRIS1_CPU_V01_7\include/IRIS1_V1.h:17:0,
                 from D:/github/adamShiau_FPGA/intel_IP/IRIS/NIOS/IRIS1_CPU_V01_7/IRIS1_CPU_V01_7.c:8:
D:\github\adamShiau_FPGA\intel_IP\IRIS\NIOS\IRIS1_CPU_V01_7\include/common.h:24:0: warning: "DEBUG_PRINT" redefined
     #define DEBUG_PRINT(...) uart_printf_dbg(__VA_ARGS__)
 ^
D:\github\adamShiau_FPGA\intel_IP\IRIS\NIOS\IRIS1_CPU_V01_7\include/common.h:13:0: note: this is the location of the previous definition
  #define DEBUG_PRINT
 ^
Info: Compiling D:/github/adamShiau_FPGA/intel_IP/IRIS/NIOS/IRIS1_CPU_V01_7/lib/acq_fog.c to obj/default//D/github/adamShiau_FPGA/intel_IP/IRIS/NIOS/IRIS1_CPU_V01_7/lib/acq_fog.o
nios2-elf-gcc -xc -MP -MMD -c -ID:\github\adamShiau_FPGA\intel_IP\IRIS\NIOS\IRIS1_CPU_V01_7\include -I../IRIS1_CPU_V01_7_bsp//HAL/inc -I../IRIS1_CPU_V01_7_bsp/ -I../IRIS1_CPU_V01_7_bsp//drivers/inc  -pipe -D__hal__ -DALT_NO_INSTRUCTION_EMULATION -DALT_SINGLE_THREADED    -O0 -g -Wall   -mno-hw-div -mno-hw-mul -mno-hw-mulx -mgpopt=global  -o obj/default//D/github/adamShiau_FPGA/intel_IP/IRIS/NIOS/IRIS1_CPU_V01_7/lib/acq_fog.o D:/github/adamShiau_FPGA/intel_IP/IRIS/NIOS/IRIS1_CPU_V01_7/lib/acq_fog.c
In file included from D:\github\adamShiau_FPGA\intel_IP\IRIS\NIOS\IRIS1_CPU_V01_7\include/acq_fog.h:8:0,
                 from D:/github/adamShiau_FPGA/intel_IP/IRIS/NIOS/IRIS1_CPU_V01_7/lib/acq_fog.c:2:
D:\github\adamShiau_FPGA\intel_IP\IRIS\NIOS\IRIS1_CPU_V01_7\include/common.h:24:0: warning: "DEBUG_PRINT" redefined
     #define DEBUG_PRINT(...) uart_printf_dbg(__VA_ARGS__)
 ^
D:\github\adamShiau_FPGA\intel_IP\IRIS\NIOS\IRIS1_CPU_V01_7\include/common.h:13:0: note: this is the location of the previous definition
  #define DEBUG_PRINT
 ^
Info: Compiling D:/github/adamShiau_FPGA/intel_IP/IRIS/NIOS/IRIS1_CPU_V01_7/lib/acq_imu.c to obj/default//D/github/adamShiau_FPGA/intel_IP/IRIS/NIOS/IRIS1_CPU_V01_7/lib/acq_imu.o
nios2-elf-gcc -xc -MP -MMD -c -ID:\github\adamShiau_FPGA\intel_IP\IRIS\NIOS\IRIS1_CPU_V01_7\include -I../IRIS1_CPU_V01_7_bsp//HAL/inc -I../IRIS1_CPU_V01_7_bsp/ -I../IRIS1_CPU_V01_7_bsp//drivers/inc  -pipe -D__hal__ -DALT_NO_INSTRUCTION_EMULATION -DALT_SINGLE_THREADED    -O0 -g -Wall   -mno-hw-div -mno-hw-mul -mno-hw-mulx -mgpopt=global  -o obj/default//D/github/adamShiau_FPGA/intel_IP/IRIS/NIOS/IRIS1_CPU_V01_7/lib/acq_imu.o D:/github/adamShiau_FPGA/intel_IP/IRIS/NIOS/IRIS1_CPU_V01_7/lib/acq_imu.c
In file included from D:\github\adamShiau_FPGA\intel_IP\IRIS\NIOS\IRIS1_CPU_V01_7\include/acq_imu.h:8:0,
                 from D:/github/adamShiau_FPGA/intel_IP/IRIS/NIOS/IRIS1_CPU_V01_7/lib/acq_imu.c:2:
D:\github\adamShiau_FPGA\intel_IP\IRIS\NIOS\IRIS1_CPU_V01_7\include/common.h:24:0: warning: "DEBUG_PRINT" redefined
     #define DEBUG_PRINT(...) uart_printf_dbg(__VA_ARGS__)
 ^
D:\github\adamShiau_FPGA\intel_IP\IRIS\NIOS\IRIS1_CPU_V01_7\include/common.h:13:0: note: this is the location of the previous definition
  #define DEBUG_PRINT
 ^
Info: Compiling D:/github/adamShiau_FPGA/intel_IP/IRIS/NIOS/IRIS1_CPU_V01_7/lib/acq_rst.c to obj/default//D/github/adamShiau_FPGA/intel_IP/IRIS/NIOS/IRIS1_CPU_V01_7/lib/acq_rst.o
nios2-elf-gcc -xc -MP -MMD -c -ID:\github\adamShiau_FPGA\intel_IP\IRIS\NIOS\IRIS1_CPU_V01_7\include -I../IRIS1_CPU_V01_7_bsp//HAL/inc -I../IRIS1_CPU_V01_7_bsp/ -I../IRIS1_CPU_V01_7_bsp//drivers/inc  -pipe -D__hal__ -DALT_NO_INSTRUCTION_EMULATION -DALT_SINGLE_THREADED    -O0 -g -Wall   -mno-hw-div -mno-hw-mul -mno-hw-mulx -mgpopt=global  -o obj/default//D/github/adamShiau_FPGA/intel_IP/IRIS/NIOS/IRIS1_CPU_V01_7/lib/acq_rst.o D:/github/adamShiau_FPGA/intel_IP/IRIS/NIOS/IRIS1_CPU_V01_7/lib/acq_rst.c
In file included from D:\github\adamShiau_FPGA\intel_IP\IRIS\NIOS\IRIS1_CPU_V01_7\include/acq_rst.h:8:0,
                 from D:/github/adamShiau_FPGA/intel_IP/IRIS/NIOS/IRIS1_CPU_V01_7/lib/acq_rst.c:2:
D:\github\adamShiau_FPGA\intel_IP\IRIS\NIOS\IRIS1_CPU_V01_7\include/common.h:24:0: warning: "DEBUG_PRINT" redefined
     #define DEBUG_PRINT(...) uart_printf_dbg(__VA_ARGS__)
 ^
D:\github\adamShiau_FPGA\intel_IP\IRIS\NIOS\IRIS1_CPU_V01_7\include/common.h:13:0: note: this is the location of the previous definition
  #define DEBUG_PRINT
 ^
Info: Compiling D:/github/adamShiau_FPGA/intel_IP/IRIS/NIOS/IRIS1_CPU_V01_7/lib/adda_config.c to obj/default//D/github/adamShiau_FPGA/intel_IP/IRIS/NIOS/IRIS1_CPU_V01_7/lib/adda_config.o
nios2-elf-gcc -xc -MP -MMD -c -ID:\github\adamShiau_FPGA\intel_IP\IRIS\NIOS\IRIS1_CPU_V01_7\include -I../IRIS1_CPU_V01_7_bsp//HAL/inc -I../IRIS1_CPU_V01_7_bsp/ -I../IRIS1_CPU_V01_7_bsp//drivers/inc  -pipe -D__hal__ -DALT_NO_INSTRUCTION_EMULATION -DALT_SINGLE_THREADED    -O0 -g -Wall   -mno-hw-div -mno-hw-mul -mno-hw-mulx -mgpopt=global  -o obj/default//D/github/adamShiau_FPGA/intel_IP/IRIS/NIOS/IRIS1_CPU_V01_7/lib/adda_config.o D:/github/adamShiau_FPGA/intel_IP/IRIS/NIOS/IRIS1_CPU_V01_7/lib/adda_config.c
D:/github/adamShiau_FPGA/intel_IP/IRIS/NIOS/IRIS1_CPU_V01_7/lib/adda_config.c: In function 'init_ADDA':
D:/github/adamShiau_FPGA/intel_IP/IRIS/NIOS/IRIS1_CPU_V01_7/lib/adda_config.c:8:69: warning: implicit declaration of function 'usleep' [-Wimplicit-function-declaration]
     IOWR_ALTERA_AVALON_SPI_SLAVE_SEL(SPI_ADC_BASE, SEL_CS_ADC_1CH); usleep (10); 
                                                                     ^
Info: Compiling D:/github/adamShiau_FPGA/intel_IP/IRIS/NIOS/IRIS1_CPU_V01_7/lib/ads122c04_se.c to obj/default//D/github/adamShiau_FPGA/intel_IP/IRIS/NIOS/IRIS1_CPU_V01_7/lib/ads122c04_se.o
nios2-elf-gcc -xc -MP -MMD -c -ID:\github\adamShiau_FPGA\intel_IP\IRIS\NIOS\IRIS1_CPU_V01_7\include -I../IRIS1_CPU_V01_7_bsp//HAL/inc -I../IRIS1_CPU_V01_7_bsp/ -I../IRIS1_CPU_V01_7_bsp//drivers/inc  -pipe -D__hal__ -DALT_NO_INSTRUCTION_EMULATION -DALT_SINGLE_THREADED    -O0 -g -Wall   -mno-hw-div -mno-hw-mul -mno-hw-mulx -mgpopt=global  -o obj/default//D/github/adamShiau_FPGA/intel_IP/IRIS/NIOS/IRIS1_CPU_V01_7/lib/ads122c04_se.o D:/github/adamShiau_FPGA/intel_IP/IRIS/NIOS/IRIS1_CPU_V01_7/lib/ads122c04_se.c
In file included from D:\github\adamShiau_FPGA\intel_IP\IRIS\NIOS\IRIS1_CPU_V01_7\include/ads122c04_se.h:9:0,
                 from D:/github/adamShiau_FPGA/intel_IP/IRIS/NIOS/IRIS1_CPU_V01_7/lib/ads122c04_se.c:1:
D:\github\adamShiau_FPGA\intel_IP\IRIS\NIOS\IRIS1_CPU_V01_7\include/common.h:24:0: warning: "DEBUG_PRINT" redefined
     #define DEBUG_PRINT(...) uart_printf_dbg(__VA_ARGS__)
 ^
D:\github\adamShiau_FPGA\intel_IP\IRIS\NIOS\IRIS1_CPU_V01_7\include/common.h:13:0: note: this is the location of the previous definition
  #define DEBUG_PRINT
 ^
D:/github/adamShiau_FPGA/intel_IP/IRIS/NIOS/IRIS1_CPU_V01_7/lib/ads122c04_se.c:88:16: warning: 'dly_cnt' defined but not used [-Wunused-variable]
 static alt_u32 dly_cnt = 0, number = 5000;
                ^
Info: Compiling D:/github/adamShiau_FPGA/intel_IP/IRIS/NIOS/IRIS1_CPU_V01_7/lib/adxl357.c to obj/default//D/github/adamShiau_FPGA/intel_IP/IRIS/NIOS/IRIS1_CPU_V01_7/lib/adxl357.o
nios2-elf-gcc -xc -MP -MMD -c -ID:\github\adamShiau_FPGA\intel_IP\IRIS\NIOS\IRIS1_CPU_V01_7\include -I../IRIS1_CPU_V01_7_bsp//HAL/inc -I../IRIS1_CPU_V01_7_bsp/ -I../IRIS1_CPU_V01_7_bsp//drivers/inc  -pipe -D__hal__ -DALT_NO_INSTRUCTION_EMULATION -DALT_SINGLE_THREADED    -O0 -g -Wall   -mno-hw-div -mno-hw-mul -mno-hw-mulx -mgpopt=global  -o obj/default//D/github/adamShiau_FPGA/intel_IP/IRIS/NIOS/IRIS1_CPU_V01_7/lib/adxl357.o D:/github/adamShiau_FPGA/intel_IP/IRIS/NIOS/IRIS1_CPU_V01_7/lib/adxl357.c
In file included from D:\github\adamShiau_FPGA\intel_IP\IRIS\NIOS\IRIS1_CPU_V01_7\include/adxl357.h:9:0,
                 from D:/github/adamShiau_FPGA/intel_IP/IRIS/NIOS/IRIS1_CPU_V01_7/lib/adxl357.c:1:
D:\github\adamShiau_FPGA\intel_IP\IRIS\NIOS\IRIS1_CPU_V01_7\include/common.h:24:0: warning: "DEBUG_PRINT" redefined
     #define DEBUG_PRINT(...) uart_printf_dbg(__VA_ARGS__)
 ^
D:\github\adamShiau_FPGA\intel_IP\IRIS\NIOS\IRIS1_CPU_V01_7\include/common.h:13:0: note: this is the location of the previous definition
  #define DEBUG_PRINT
 ^
Info: Compiling D:/github/adamShiau_FPGA/intel_IP/IRIS/NIOS/IRIS1_CPU_V01_7/lib/common.c to obj/default//D/github/adamShiau_FPGA/intel_IP/IRIS/NIOS/IRIS1_CPU_V01_7/lib/common.o
nios2-elf-gcc -xc -MP -MMD -c -ID:\github\adamShiau_FPGA\intel_IP\IRIS\NIOS\IRIS1_CPU_V01_7\include -I../IRIS1_CPU_V01_7_bsp//HAL/inc -I../IRIS1_CPU_V01_7_bsp/ -I../IRIS1_CPU_V01_7_bsp//drivers/inc  -pipe -D__hal__ -DALT_NO_INSTRUCTION_EMULATION -DALT_SINGLE_THREADED    -O0 -g -Wall   -mno-hw-div -mno-hw-mul -mno-hw-mulx -mgpopt=global  -o obj/default//D/github/adamShiau_FPGA/intel_IP/IRIS/NIOS/IRIS1_CPU_V01_7/lib/common.o D:/github/adamShiau_FPGA/intel_IP/IRIS/NIOS/IRIS1_CPU_V01_7/lib/common.c
In file included from D:/github/adamShiau_FPGA/intel_IP/IRIS/NIOS/IRIS1_CPU_V01_7/lib/common.c:1:0:
D:\github\adamShiau_FPGA\intel_IP\IRIS\NIOS\IRIS1_CPU_V01_7\include/common.h:24:0: warning: "DEBUG_PRINT" redefined
     #define DEBUG_PRINT(...) uart_printf_dbg(__VA_ARGS__)
 ^
D:\github\adamShiau_FPGA\intel_IP\IRIS\NIOS\IRIS1_CPU_V01_7\include/common.h:13:0: note: this is the location of the previous definition
  #define DEBUG_PRINT
 ^
D:/github/adamShiau_FPGA/intel_IP/IRIS/NIOS/IRIS1_CPU_V01_7/lib/common.c: In function 'moving_average_init':
D:/github/adamShiau_FPGA/intel_IP/IRIS/NIOS/IRIS1_CPU_V01_7/lib/common.c:9:27: warning: implicit declaration of function 'malloc' [-Wimplicit-function-declaration]
     ma->buffer = (float *)malloc(window * sizeof(float));
                           ^
D:/github/adamShiau_FPGA/intel_IP/IRIS/NIOS/IRIS1_CPU_V01_7/lib/common.c:9:27: warning: incompatible implicit declaration of built-in function 'malloc'
D:/github/adamShiau_FPGA/intel_IP/IRIS/NIOS/IRIS1_CPU_V01_7/lib/common.c:9:27: note: include '<stdlib.h>' or provide a declaration of 'malloc'
D:/github/adamShiau_FPGA/intel_IP/IRIS/NIOS/IRIS1_CPU_V01_7/lib/common.c:12:9: warning: implicit declaration of function 'exit' [-Wimplicit-function-declaration]
         exit(1);
         ^
D:/github/adamShiau_FPGA/intel_IP/IRIS/NIOS/IRIS1_CPU_V01_7/lib/common.c:12:9: warning: incompatible implicit declaration of built-in function 'exit'
D:/github/adamShiau_FPGA/intel_IP/IRIS/NIOS/IRIS1_CPU_V01_7/lib/common.c:12:9: note: include '<stdlib.h>' or provide a declaration of 'exit'
D:/github/adamShiau_FPGA/intel_IP/IRIS/NIOS/IRIS1_CPU_V01_7/lib/common.c: In function 'moving_average_free':
D:/github/adamShiau_FPGA/intel_IP/IRIS/NIOS/IRIS1_CPU_V01_7/lib/common.c:42:5: warning: implicit declaration of function 'free' [-Wimplicit-function-declaration]
     free(ma->buffer);
     ^
D:/github/adamShiau_FPGA/intel_IP/IRIS/NIOS/IRIS1_CPU_V01_7/lib/common.c:42:5: warning: incompatible implicit declaration of built-in function 'free'
D:/github/adamShiau_FPGA/intel_IP/IRIS/NIOS/IRIS1_CPU_V01_7/lib/common.c:42:5: note: include '<stdlib.h>' or provide a declaration of 'free'
D:/github/adamShiau_FPGA/intel_IP/IRIS/NIOS/IRIS1_CPU_V01_7/lib/common.c: In function 'uart_printf':
D:/github/adamShiau_FPGA/intel_IP/IRIS/NIOS/IRIS1_CPU_V01_7/lib/common.c:74:5: warning: implicit declaration of function 'vsnprintf' [-Wimplicit-function-declaration]
     vsnprintf(buffer, 256, format, args);  
     ^
D:/github/adamShiau_FPGA/intel_IP/IRIS/NIOS/IRIS1_CPU_V01_7/lib/common.c: In function 'Set_Dac_Gain_x':
D:/github/adamShiau_FPGA/intel_IP/IRIS/NIOS/IRIS1_CPU_V01_7/lib/common.c:289:66: warning: implicit declaration of function 'usleep' [-Wimplicit-function-declaration]
  IOWR_ALTERA_AVALON_SPI_SLAVE_SEL(SPI_DAC_BASE, SEL_CS_DAC_1CH); usleep (10); 
                                                                  ^
D:/github/adamShiau_FPGA/intel_IP/IRIS/NIOS/IRIS1_CPU_V01_7/lib/common.c: In function 'fog_parameter':
D:/github/adamShiau_FPGA/intel_IP/IRIS/NIOS/IRIS1_CPU_V01_7/lib/common.c:340:8: warning: implicit declaration of function 'PARAMETER_Write_s' [-Wimplicit-function-declaration]
        PARAMETER_Write_s(base, CMD_MOD_FREQ - CONTAINER_TO_CMD_OFFSET, rx->value, fog_inst);
        ^
D:/github/adamShiau_FPGA/intel_IP/IRIS/NIOS/IRIS1_CPU_V01_7/lib/common.c:346:8: warning: implicit declaration of function 'PARAMETER_Read' [-Wimplicit-function-declaration]
        PARAMETER_Read(base, CMD_MOD_FREQ - CONTAINER_TO_CMD_OFFSET, data.bin_val);
        ^
D:/github/adamShiau_FPGA/intel_IP/IRIS/NIOS/IRIS1_CPU_V01_7/lib/common.c:1122:19: warning: unused variable 'nack' [-Wunused-variable]
          uint8_t  nack = (uint8_t)(rx->value & 1); // TODO: ?ã•Ë¶ÅÊîØ?è¥ NACKÔºöÊü•Âø´Â?? (seq,ch) ??? ?õ¥?é•??çÈ?Å‰?ä‰???ÖÔ?õÊ≠§??ïÁï•
                   ^
D:/github/adamShiau_FPGA/intel_IP/IRIS/NIOS/IRIS1_CPU_V01_7/lib/common.c:1129:19: warning: unused variable 'nack' [-Wunused-variable]
          uint8_t  nack = (uint8_t)(rx->value & 1); // TODO: ?ã•Ë¶ÅÊîØ?è¥ NACKÔºöÊü•Âø´Â?? (seq,ch) ??? ?õ¥?é•??çÈ?Å‰?ä‰???ÖÔ?õÊ≠§??ïÁï•
                   ^
D:/github/adamShiau_FPGA/intel_IP/IRIS/NIOS/IRIS1_CPU_V01_7/lib/common.c:1136:19: warning: unused variable 'nack' [-Wunused-variable]
          uint8_t  nack = (uint8_t)(rx->value & 1); // TODO: ?ã•Ë¶ÅÊîØ?è¥ NACKÔºöÊü•Âø´Â?? (seq,ch) ??? ?õ¥?é•??çÈ?Å‰?ä‰???ÖÔ?õÊ≠§??ïÁï•
                   ^
D:/github/adamShiau_FPGA/intel_IP/IRIS/NIOS/IRIS1_CPU_V01_7/lib/common.c:1169:7: warning: implicit declaration of function 'PARAMETER_Write_f' [-Wimplicit-function-declaration]
       PARAMETER_Write_f(MEM_BASE_SN, 0, SN1);
       ^
D:/github/adamShiau_FPGA/intel_IP/IRIS/NIOS/IRIS1_CPU_V01_7/lib/common.c: In function 'dump_fog_param':
D:/github/adamShiau_FPGA/intel_IP/IRIS/NIOS/IRIS1_CPU_V01_7/lib/common.c:1278:19: warning: implicit declaration of function 'snprintf' [-Wimplicit-function-declaration]
         offset += snprintf(buffer + offset, sizeof(buffer) - offset, "{");
                   ^
D:/github/adamShiau_FPGA/intel_IP/IRIS/NIOS/IRIS1_CPU_V01_7/lib/common.c:1278:19: warning: incompatible implicit declaration of built-in function 'snprintf'
D:/github/adamShiau_FPGA/intel_IP/IRIS/NIOS/IRIS1_CPU_V01_7/lib/common.c:1278:19: note: include '<stdio.h>' or provide a declaration of 'snprintf'
D:/github/adamShiau_FPGA/intel_IP/IRIS/NIOS/IRIS1_CPU_V01_7/lib/common.c:1282:23: warning: incompatible implicit declaration of built-in function 'snprintf'
             offset += snprintf(buffer + offset, sizeof(buffer) - offset,
                       ^
D:/github/adamShiau_FPGA/intel_IP/IRIS/NIOS/IRIS1_CPU_V01_7/lib/common.c:1282:23: note: include '<stdio.h>' or provide a declaration of 'snprintf'
D:/github/adamShiau_FPGA/intel_IP/IRIS/NIOS/IRIS1_CPU_V01_7/lib/common.c:1288:19: warning: incompatible implicit declaration of built-in function 'snprintf'
         offset += snprintf(buffer + offset, sizeof(buffer) - offset, "}\n");
                   ^
D:/github/adamShiau_FPGA/intel_IP/IRIS/NIOS/IRIS1_CPU_V01_7/lib/common.c:1288:19: note: include '<stdio.h>' or provide a declaration of 'snprintf'
D:/github/adamShiau_FPGA/intel_IP/IRIS/NIOS/IRIS1_CPU_V01_7/lib/common.c: In function 'dump_fog_param_framed':
D:/github/adamShiau_FPGA/intel_IP/IRIS/NIOS/IRIS1_CPU_V01_7/lib/common.c:1317:16: warning: incompatible implicit declaration of built-in function 'snprintf'
         off += snprintf(json + off, sizeof(json) - off, "{");
                ^
D:/github/adamShiau_FPGA/intel_IP/IRIS/NIOS/IRIS1_CPU_V01_7/lib/common.c:1317:16: note: include '<stdio.h>' or provide a declaration of 'snprintf'
D:/github/adamShiau_FPGA/intel_IP/IRIS/NIOS/IRIS1_CPU_V01_7/lib/common.c:1321:20: warning: incompatible implicit declaration of built-in function 'snprintf'
             off += snprintf(json + off, sizeof(json) - off,
                    ^
D:/github/adamShiau_FPGA/intel_IP/IRIS/NIOS/IRIS1_CPU_V01_7/lib/common.c:1321:20: note: include '<stdio.h>' or provide a declaration of 'snprintf'
D:/github/adamShiau_FPGA/intel_IP/IRIS/NIOS/IRIS1_CPU_V01_7/lib/common.c:1329:16: warning: incompatible implicit declaration of built-in function 'snprintf'
         off += snprintf(json + off, sizeof(json) - off, "}");
                ^
D:/github/adamShiau_FPGA/intel_IP/IRIS/NIOS/IRIS1_CPU_V01_7/lib/common.c:1329:16: note: include '<stdio.h>' or provide a declaration of 'snprintf'
D:/github/adamShiau_FPGA/intel_IP/IRIS/NIOS/IRIS1_CPU_V01_7/lib/common.c: In function 'send_framed_payload':
D:/github/adamShiau_FPGA/intel_IP/IRIS/NIOS/IRIS1_CPU_V01_7/lib/common.c:1352:16: warning: incompatible implicit declaration of built-in function 'snprintf'
     int hlen = snprintf(header, sizeof(header), "@%lu,%u,%lu,",
                ^
D:/github/adamShiau_FPGA/intel_IP/IRIS/NIOS/IRIS1_CPU_V01_7/lib/common.c:1352:16: note: include '<stdio.h>' or provide a declaration of 'snprintf'
D:/github/adamShiau_FPGA/intel_IP/IRIS/NIOS/IRIS1_CPU_V01_7/lib/common.c: In function 'dump_misalignment_param':
D:/github/adamShiau_FPGA/intel_IP/IRIS/NIOS/IRIS1_CPU_V01_7/lib/common.c:1377:15: warning: incompatible implicit declaration of built-in function 'snprintf'
     offset += snprintf(buffer + offset, sizeof(buffer) - offset, "{");
               ^
D:/github/adamShiau_FPGA/intel_IP/IRIS/NIOS/IRIS1_CPU_V01_7/lib/common.c:1377:15: note: include '<stdio.h>' or provide a declaration of 'snprintf'
D:/github/adamShiau_FPGA/intel_IP/IRIS/NIOS/IRIS1_CPU_V01_7/lib/common.c: In function 'dump_misalignment_param_framed':
D:/github/adamShiau_FPGA/intel_IP/IRIS/NIOS/IRIS1_CPU_V01_7/lib/common.c:1397:16: warning: incompatible implicit declaration of built-in function 'snprintf'
         off += snprintf(json + off, sizeof(json) - off, "{");
                ^
D:/github/adamShiau_FPGA/intel_IP/IRIS/NIOS/IRIS1_CPU_V01_7/lib/common.c:1397:16: note: include '<stdio.h>' or provide a declaration of 'snprintf'
D:/github/adamShiau_FPGA/intel_IP/IRIS/NIOS/IRIS1_CPU_V01_7/lib/common.c:1401:20: warning: incompatible implicit declaration of built-in function 'snprintf'
             off += snprintf(json + off, sizeof(json) - off,
                    ^
D:/github/adamShiau_FPGA/intel_IP/IRIS/NIOS/IRIS1_CPU_V01_7/lib/common.c:1401:20: note: include '<stdio.h>' or provide a declaration of 'snprintf'
D:/github/adamShiau_FPGA/intel_IP/IRIS/NIOS/IRIS1_CPU_V01_7/lib/common.c:1409:16: warning: incompatible implicit declaration of built-in function 'snprintf'
         off += snprintf(json + off, sizeof(json) - off, "}");
                ^
D:/github/adamShiau_FPGA/intel_IP/IRIS/NIOS/IRIS1_CPU_V01_7/lib/common.c:1409:16: note: include '<stdio.h>' or provide a declaration of 'snprintf'
Info: Compiling D:/github/adamShiau_FPGA/intel_IP/IRIS/NIOS/IRIS1_CPU_V01_7/lib/eeprom_v2.c to obj/default//D/github/adamShiau_FPGA/intel_IP/IRIS/NIOS/IRIS1_CPU_V01_7/lib/eeprom_v2.o
nios2-elf-gcc -xc -MP -MMD -c -ID:\github\adamShiau_FPGA\intel_IP\IRIS\NIOS\IRIS1_CPU_V01_7\include -I../IRIS1_CPU_V01_7_bsp//HAL/inc -I../IRIS1_CPU_V01_7_bsp/ -I../IRIS1_CPU_V01_7_bsp//drivers/inc  -pipe -D__hal__ -DALT_NO_INSTRUCTION_EMULATION -DALT_SINGLE_THREADED    -O0 -g -Wall   -mno-hw-div -mno-hw-mul -mno-hw-mulx -mgpopt=global  -o obj/default//D/github/adamShiau_FPGA/intel_IP/IRIS/NIOS/IRIS1_CPU_V01_7/lib/eeprom_v2.o D:/github/adamShiau_FPGA/intel_IP/IRIS/NIOS/IRIS1_CPU_V01_7/lib/eeprom_v2.c
In file included from D:\github\adamShiau_FPGA\intel_IP\IRIS\NIOS\IRIS1_CPU_V01_7\include/eeprom_v2.h:10:0,
                 from D:/github/adamShiau_FPGA/intel_IP/IRIS/NIOS/IRIS1_CPU_V01_7/lib/eeprom_v2.c:1:
D:\github\adamShiau_FPGA\intel_IP\IRIS\NIOS\IRIS1_CPU_V01_7\include/common.h:24:0: warning: "DEBUG_PRINT" redefined
     #define DEBUG_PRINT(...) uart_printf_dbg(__VA_ARGS__)
 ^
D:\github\adamShiau_FPGA\intel_IP\IRIS\NIOS\IRIS1_CPU_V01_7\include/common.h:13:0: note: this is the location of the previous definition
  #define DEBUG_PRINT
 ^
D:/github/adamShiau_FPGA/intel_IP/IRIS/NIOS/IRIS1_CPU_V01_7/lib/eeprom_v2.c: In function 'EEPROM_Write_4B':
D:/github/adamShiau_FPGA/intel_IP/IRIS/NIOS/IRIS1_CPU_V01_7/lib/eeprom_v2.c:138:2: warning: implicit declaration of function 'usleep' [-Wimplicit-function-declaration]
  usleep(1320);
  ^
D:/github/adamShiau_FPGA/intel_IP/IRIS/NIOS/IRIS1_CPU_V01_7/lib/eeprom_v2.c: In function 'EEPROM_Read_4B':
D:/github/adamShiau_FPGA/intel_IP/IRIS/NIOS/IRIS1_CPU_V01_7/lib/eeprom_v2.c:154:9: warning: unused variable 'i' [-Wunused-variable]
  alt_u8 i=0;
         ^
D:/github/adamShiau_FPGA/intel_IP/IRIS/NIOS/IRIS1_CPU_V01_7/lib/eeprom_v2.c: In function 'EEPROM_Read_4B_R':
D:/github/adamShiau_FPGA/intel_IP/IRIS/NIOS/IRIS1_CPU_V01_7/lib/eeprom_v2.c:192:9: warning: unused variable 'i' [-Wunused-variable]
  alt_u8 i=0;
         ^
D:/github/adamShiau_FPGA/intel_IP/IRIS/NIOS/IRIS1_CPU_V01_7/lib/eeprom_v2.c: In function 'I2C_sm_start':
D:/github/adamShiau_FPGA/intel_IP/IRIS/NIOS/IRIS1_CPU_V01_7/lib/eeprom_v2.c:404:9: warning: unused variable 'dly' [-Wunused-variable]
  alt_u8 dly = 50;
         ^
Info: Compiling D:/github/adamShiau_FPGA/intel_IP/IRIS/NIOS/IRIS1_CPU_V01_7/lib/memory_manage.c to obj/default//D/github/adamShiau_FPGA/intel_IP/IRIS/NIOS/IRIS1_CPU_V01_7/lib/memory_manage.o
nios2-elf-gcc -xc -MP -MMD -c -ID:\github\adamShiau_FPGA\intel_IP\IRIS\NIOS\IRIS1_CPU_V01_7\include -I../IRIS1_CPU_V01_7_bsp//HAL/inc -I../IRIS1_CPU_V01_7_bsp/ -I../IRIS1_CPU_V01_7_bsp//drivers/inc  -pipe -D__hal__ -DALT_NO_INSTRUCTION_EMULATION -DALT_SINGLE_THREADED    -O0 -g -Wall   -mno-hw-div -mno-hw-mul -mno-hw-mulx -mgpopt=global  -o obj/default//D/github/adamShiau_FPGA/intel_IP/IRIS/NIOS/IRIS1_CPU_V01_7/lib/memory_manage.o D:/github/adamShiau_FPGA/intel_IP/IRIS/NIOS/IRIS1_CPU_V01_7/lib/memory_manage.c
D:/github/adamShiau_FPGA/intel_IP/IRIS/NIOS/IRIS1_CPU_V01_7/lib/memory_manage.c: In function 'initialize_fog_params_all':
D:/github/adamShiau_FPGA/intel_IP/IRIS/NIOS/IRIS1_CPU_V01_7/lib/memory_manage.c:44:5: warning: implicit declaration of function 'strncpy' [-Wimplicit-function-declaration]
     strncpy(fog_params->sn, "NewParameter", sizeof(fog_params->sn) - 1);
     ^
D:/github/adamShiau_FPGA/intel_IP/IRIS/NIOS/IRIS1_CPU_V01_7/lib/memory_manage.c:44:5: warning: incompatible implicit declaration of built-in function 'strncpy'
D:/github/adamShiau_FPGA/intel_IP/IRIS/NIOS/IRIS1_CPU_V01_7/lib/memory_manage.c:44:5: note: include '<string.h>' or provide a declaration of 'strncpy'
D:/github/adamShiau_FPGA/intel_IP/IRIS/NIOS/IRIS1_CPU_V01_7/lib/memory_manage.c:44:13: warning: pointer targets in passing argument 1 of 'strncpy' differ in signedness [-Wpointer-sign]
     strncpy(fog_params->sn, "NewParameter", sizeof(fog_params->sn) - 1);
             ^
D:/github/adamShiau_FPGA/intel_IP/IRIS/NIOS/IRIS1_CPU_V01_7/lib/memory_manage.c:44:13: note: expected 'char *' but argument is of type 'alt_u8 * {aka unsigned char *}'
Info: Compiling D:/github/adamShiau_FPGA/intel_IP/IRIS/NIOS/IRIS1_CPU_V01_7/lib/output_mode.c to obj/default//D/github/adamShiau_FPGA/intel_IP/IRIS/NIOS/IRIS1_CPU_V01_7/lib/output_mode.o
nios2-elf-gcc -xc -MP -MMD -c -ID:\github\adamShiau_FPGA\intel_IP\IRIS\NIOS\IRIS1_CPU_V01_7\include -I../IRIS1_CPU_V01_7_bsp//HAL/inc -I../IRIS1_CPU_V01_7_bsp/ -I../IRIS1_CPU_V01_7_bsp//drivers/inc  -pipe -D__hal__ -DALT_NO_INSTRUCTION_EMULATION -DALT_SINGLE_THREADED    -O0 -g -Wall   -mno-hw-div -mno-hw-mul -mno-hw-mulx -mgpopt=global  -o obj/default//D/github/adamShiau_FPGA/intel_IP/IRIS/NIOS/IRIS1_CPU_V01_7/lib/output_mode.o D:/github/adamShiau_FPGA/intel_IP/IRIS/NIOS/IRIS1_CPU_V01_7/lib/output_mode.c
In file included from D:\github\adamShiau_FPGA\intel_IP\IRIS\NIOS\IRIS1_CPU_V01_7\include/output_fn.h:7:0,
                 from D:\github\adamShiau_FPGA\intel_IP\IRIS\NIOS\IRIS1_CPU_V01_7\include/output_mode.h:4,
                 from D:/github/adamShiau_FPGA/intel_IP/IRIS/NIOS/IRIS1_CPU_V01_7/lib/output_mode.c:1:
D:\github\adamShiau_FPGA\intel_IP\IRIS\NIOS\IRIS1_CPU_V01_7\include/common.h:24:0: warning: "DEBUG_PRINT" redefined
     #define DEBUG_PRINT(...) uart_printf_dbg(__VA_ARGS__)
 ^
D:\github\adamShiau_FPGA\intel_IP\IRIS\NIOS\IRIS1_CPU_V01_7\include/common.h:13:0: note: this is the location of the previous definition
  #define DEBUG_PRINT
 ^
Info: Compiling D:/github/adamShiau_FPGA/intel_IP/IRIS/NIOS/IRIS1_CPU_V01_7/lib/uart_dual.c to obj/default//D/github/adamShiau_FPGA/intel_IP/IRIS/NIOS/IRIS1_CPU_V01_7/lib/uart_dual.o
nios2-elf-gcc -xc -MP -MMD -c -ID:\github\adamShiau_FPGA\intel_IP\IRIS\NIOS\IRIS1_CPU_V01_7\include -I../IRIS1_CPU_V01_7_bsp//HAL/inc -I../IRIS1_CPU_V01_7_bsp/ -I../IRIS1_CPU_V01_7_bsp//drivers/inc  -pipe -D__hal__ -DALT_NO_INSTRUCTION_EMULATION -DALT_SINGLE_THREADED    -O0 -g -Wall   -mno-hw-div -mno-hw-mul -mno-hw-mulx -mgpopt=global  -o obj/default//D/github/adamShiau_FPGA/intel_IP/IRIS/NIOS/IRIS1_CPU_V01_7/lib/uart_dual.o D:/github/adamShiau_FPGA/intel_IP/IRIS/NIOS/IRIS1_CPU_V01_7/lib/uart_dual.c
In file included from D:/github/adamShiau_FPGA/intel_IP/IRIS/NIOS/IRIS1_CPU_V01_7/lib/uart_dual.c:6:0:
D:\github\adamShiau_FPGA\intel_IP\IRIS\NIOS\IRIS1_CPU_V01_7\include/common.h:24:0: warning: "DEBUG_PRINT" redefined
     #define DEBUG_PRINT(...) uart_printf_dbg(__VA_ARGS__)
 ^
D:\github\adamShiau_FPGA\intel_IP\IRIS\NIOS\IRIS1_CPU_V01_7\include/common.h:13:0: note: this is the location of the previous definition
  #define DEBUG_PRINT
 ^
Info: Linking IRIS1_CPU_V01_7.elf
nios2-elf-g++  -T'../IRIS1_CPU_V01_7_bsp//linker.x' -msys-crt0='../IRIS1_CPU_V01_7_bsp//obj/HAL/src/crt0.o' -msys-lib=hal_bsp -L../IRIS1_CPU_V01_7_bsp/   -Wl,-Map=IRIS1_CPU_V01_7.map   -O0 -g -Wall   -mno-hw-div -mno-hw-mul -mno-hw-mulx -mgpopt=global  -o IRIS1_CPU_V01_7.elf obj/default//D/github/adamShiau_FPGA/intel_IP/IRIS/NIOS/IRIS1_CPU_V01_7/IRIS1_CPU_V01_7.o obj/default//D/github/adamShiau_FPGA/intel_IP/IRIS/NIOS/IRIS1_CPU_V01_7/lib/acq_fog.o obj/default//D/github/adamShiau_FPGA/intel_IP/IRIS/NIOS/IRIS1_CPU_V01_7/lib/acq_imu.o obj/default//D/github/adamShiau_FPGA/intel_IP/IRIS/NIOS/IRIS1_CPU_V01_7/lib/acq_rst.o obj/default//D/github/adamShiau_FPGA/intel_IP/IRIS/NIOS/IRIS1_CPU_V01_7/lib/adda_config.o obj/default//D/github/adamShiau_FPGA/intel_IP/IRIS/NIOS/IRIS1_CPU_V01_7/lib/ads122c04_se.o obj/default//D/github/adamShiau_FPGA/intel_IP/IRIS/NIOS/IRIS1_CPU_V01_7/lib/adxl357.o obj/default//D/github/adamShiau_FPGA/intel_IP/IRIS/NIOS/IRIS1_CPU_V01_7/lib/common.o obj/default//D/github/adamShiau_FPGA/intel_IP/IRIS/NIOS/IRIS1_CPU_V01_7/lib/eeprom_v2.o obj/default//D/github/adamShiau_FPGA/intel_IP/IRIS/NIOS/IRIS1_CPU_V01_7/lib/memory_manage.o obj/default//D/github/adamShiau_FPGA/intel_IP/IRIS/NIOS/IRIS1_CPU_V01_7/lib/output_mode.o obj/default//D/github/adamShiau_FPGA/intel_IP/IRIS/NIOS/IRIS1_CPU_V01_7/lib/uart_dual.o -lm -msys-lib=m
nios2-elf-insert IRIS1_CPU_V01_7.elf --thread_model hal --cpu_name nios2 --qsys true --simulation_enabled false --id 16777216 --sidp 0x20022c0 --timestamp 1765180751 --stderr_dev jtag_uart --stdin_dev jtag_uart --stdout_dev jtag_uart --sopc_system_name CPU --quartus_project_dir "D:/github/adamShiau_FPGA/intel_IP/IRIS/PRJ/IRIS_PRJ_V1" --jdi D:/github/adamShiau_FPGA/intel_IP/IRIS/PRJ/IRIS_PRJ_V1/software/IRIS1_CPU_V01_7_bsp/../../IRIS_PRJ_V1.jdi --sopcinfo D:/github/adamShiau_FPGA/intel_IP/IRIS/PRJ/IRIS_PRJ_V1/software/IRIS1_CPU_V01_7_bsp/../../CPU.sopcinfo
Info: (IRIS1_CPU_V01_7.elf) 120 KBytes program size (code + initialized data).
Info:                       16263 KBytes free for stack + heap.
Info: Creating IRIS1_CPU_V01_7.objdump
nios2-elf-objdump --disassemble --syms --all-header --source IRIS1_CPU_V01_7.elf >IRIS1_CPU_V01_7.objdump
[IRIS1_CPU_V01_7 build complete]
16:26:10 **** Incremental Build of configuration Nios II for project IRIS1_CPU_V01_7_bsp ****
make all 
[BSP build complete]
16:35:42 **** Incremental Build of configuration Nios II for project IRIS1_CPU_V01_7 ****
make all 
Info: Building ../IRIS1_CPU_V01_7_bsp/
D:/intelFPGA_lite/18.1/nios2eds/bin/gnu/H-x86_64-mingw32/bin/make --no-print-directory -C ../IRIS1_CPU_V01_7_bsp/
[BSP build complete]
[IRIS1_CPU_V01_7 build complete]
16:35:44 **** Incremental Build of configuration Nios II for project IRIS1_CPU_V01_7_bsp ****
make all 
[BSP build complete]
