18:26:53 **** Clean-only build of configuration Nios II for project IRIS_CPU_V1_0_bsp ****
make clean 
[BSP clean complete]
18:26:56 **** Clean-only build of configuration Nios II for project IRIS_CPU_V1_0 ****
make clean 
[IRIS_CPU_V1_0 clean complete]
18:36:08 **** Build of configuration Nios II for project IRIS_CPU_V1_0 ****
make all 
Info: Building ../IRIS_CPU_V1_0_bsp/
D:/intelFPGA_lite/18.1/nios2eds/bin/gnu/H-x86_64-mingw32/bin/make --no-print-directory -C ../IRIS_CPU_V1_0_bsp/
Compiling alt_alarm_start.c...
nios2-elf-gcc -xc -MP -MMD -c  -I./HAL/inc -I. -I./drivers/inc -pipe -D__hal__ -DALT_NO_INSTRUCTION_EMULATION -DALT_SINGLE_THREADED    -O0 -g -Wall  -mno-hw-div -mno-hw-mul -mno-hw-mulx -mgpopt=global   -o obj/HAL/src/alt_alarm_start.o HAL/src/alt_alarm_start.c
Compiling alt_busy_sleep.c...
nios2-elf-gcc -xc -MP -MMD -c  -I./HAL/inc -I. -I./drivers/inc -pipe -D__hal__ -DALT_NO_INSTRUCTION_EMULATION -DALT_SINGLE_THREADED    -O0 -g -Wall  -mno-hw-div -mno-hw-mul -mno-hw-mulx -mgpopt=global   -o obj/HAL/src/alt_busy_sleep.o HAL/src/alt_busy_sleep.c
Compiling alt_close.c...
nios2-elf-gcc -xc -MP -MMD -c  -I./HAL/inc -I. -I./drivers/inc -pipe -D__hal__ -DALT_NO_INSTRUCTION_EMULATION -DALT_SINGLE_THREADED    -O0 -g -Wall  -mno-hw-div -mno-hw-mul -mno-hw-mulx -mgpopt=global   -o obj/HAL/src/alt_close.o HAL/src/alt_close.c
Compiling alt_dcache_flush.c...
nios2-elf-gcc -xc -MP -MMD -c  -I./HAL/inc -I. -I./drivers/inc -pipe -D__hal__ -DALT_NO_INSTRUCTION_EMULATION -DALT_SINGLE_THREADED    -O0 -g -Wall  -mno-hw-div -mno-hw-mul -mno-hw-mulx -mgpopt=global   -o obj/HAL/src/alt_dcache_flush.o HAL/src/alt_dcache_flush.c
Compiling alt_dcache_flush_all.c...
nios2-elf-gcc -xc -MP -MMD -c  -I./HAL/inc -I. -I./drivers/inc -pipe -D__hal__ -DALT_NO_INSTRUCTION_EMULATION -DALT_SINGLE_THREADED    -O0 -g -Wall  -mno-hw-div -mno-hw-mul -mno-hw-mulx -mgpopt=global   -o obj/HAL/src/alt_dcache_flush_all.o HAL/src/alt_dcache_flush_all.c
Compiling alt_dcache_flush_no_writeback.c...
nios2-elf-gcc -xc -MP -MMD -c  -I./HAL/inc -I. -I./drivers/inc -pipe -D__hal__ -DALT_NO_INSTRUCTION_EMULATION -DALT_SINGLE_THREADED    -O0 -g -Wall  -mno-hw-div -mno-hw-mul -mno-hw-mulx -mgpopt=global   -o obj/HAL/src/alt_dcache_flush_no_writeback.o HAL/src/alt_dcache_flush_no_writeback.c
Compiling alt_dev.c...
nios2-elf-gcc -xc -MP -MMD -c  -I./HAL/inc -I. -I./drivers/inc -pipe -D__hal__ -DALT_NO_INSTRUCTION_EMULATION -DALT_SINGLE_THREADED    -O0 -g -Wall  -mno-hw-div -mno-hw-mul -mno-hw-mulx -mgpopt=global   -o obj/HAL/src/alt_dev.o HAL/src/alt_dev.c
Compiling alt_dev_llist_insert.c...
nios2-elf-gcc -xc -MP -MMD -c  -I./HAL/inc -I. -I./drivers/inc -pipe -D__hal__ -DALT_NO_INSTRUCTION_EMULATION -DALT_SINGLE_THREADED    -O0 -g -Wall  -mno-hw-div -mno-hw-mul -mno-hw-mulx -mgpopt=global   -o obj/HAL/src/alt_dev_llist_insert.o HAL/src/alt_dev_llist_insert.c
Compiling alt_dma_rxchan_open.c...
nios2-elf-gcc -xc -MP -MMD -c  -I./HAL/inc -I. -I./drivers/inc -pipe -D__hal__ -DALT_NO_INSTRUCTION_EMULATION -DALT_SINGLE_THREADED    -O0 -g -Wall  -mno-hw-div -mno-hw-mul -mno-hw-mulx -mgpopt=global   -o obj/HAL/src/alt_dma_rxchan_open.o HAL/src/alt_dma_rxchan_open.c
Compiling alt_dma_txchan_open.c...
nios2-elf-gcc -xc -MP -MMD -c  -I./HAL/inc -I. -I./drivers/inc -pipe -D__hal__ -DALT_NO_INSTRUCTION_EMULATION -DALT_SINGLE_THREADED    -O0 -g -Wall  -mno-hw-div -mno-hw-mul -mno-hw-mulx -mgpopt=global   -o obj/HAL/src/alt_dma_txchan_open.o HAL/src/alt_dma_txchan_open.c
Compiling alt_do_ctors.c...
nios2-elf-gcc -xc -MP -MMD -c  -I./HAL/inc -I. -I./drivers/inc -pipe -D__hal__ -DALT_NO_INSTRUCTION_EMULATION -DALT_SINGLE_THREADED    -O0 -g -Wall  -mno-hw-div -mno-hw-mul -mno-hw-mulx -mgpopt=global   -o obj/HAL/src/alt_do_ctors.o HAL/src/alt_do_ctors.c
Compiling alt_do_dtors.c...
nios2-elf-gcc -xc -MP -MMD -c  -I./HAL/inc -I. -I./drivers/inc -pipe -D__hal__ -DALT_NO_INSTRUCTION_EMULATION -DALT_SINGLE_THREADED    -O0 -g -Wall  -mno-hw-div -mno-hw-mul -mno-hw-mulx -mgpopt=global   -o obj/HAL/src/alt_do_dtors.o HAL/src/alt_do_dtors.c
Compiling alt_ecc_fatal_entry.S...
nios2-elf-gcc -MP -MMD -c   -O0 -g -Wall  -mno-hw-div -mno-hw-mul -mno-hw-mulx -mgpopt=global    -I./HAL/inc -I. -I./drivers/inc -pipe -D__hal__ -DALT_NO_INSTRUCTION_EMULATION -DALT_SINGLE_THREADED  -Wa,-gdwarf2  -o obj/HAL/src/alt_ecc_fatal_entry.o HAL/src/alt_ecc_fatal_entry.S
Compiling alt_ecc_fatal_exception.c...
nios2-elf-gcc -xc -MP -MMD -c  -I./HAL/inc -I. -I./drivers/inc -pipe -D__hal__ -DALT_NO_INSTRUCTION_EMULATION -DALT_SINGLE_THREADED    -O0 -g -Wall  -mno-hw-div -mno-hw-mul -mno-hw-mulx -mgpopt=global   -o obj/HAL/src/alt_ecc_fatal_exception.o HAL/src/alt_ecc_fatal_exception.c
Compiling alt_env_lock.c...
nios2-elf-gcc -xc -MP -MMD -c  -I./HAL/inc -I. -I./drivers/inc -pipe -D__hal__ -DALT_NO_INSTRUCTION_EMULATION -DALT_SINGLE_THREADED    -O0 -g -Wall  -mno-hw-div -mno-hw-mul -mno-hw-mulx -mgpopt=global   -o obj/HAL/src/alt_env_lock.o HAL/src/alt_env_lock.c
Compiling alt_environ.c...
nios2-elf-gcc -xc -MP -MMD -c  -I./HAL/inc -I. -I./drivers/inc -pipe -D__hal__ -DALT_NO_INSTRUCTION_EMULATION -DALT_SINGLE_THREADED    -O0 -g -Wall  -mno-hw-div -mno-hw-mul -mno-hw-mulx -mgpopt=global   -o obj/HAL/src/alt_environ.o HAL/src/alt_environ.c
Compiling alt_errno.c...
nios2-elf-gcc -xc -MP -MMD -c  -I./HAL/inc -I. -I./drivers/inc -pipe -D__hal__ -DALT_NO_INSTRUCTION_EMULATION -DALT_SINGLE_THREADED    -O0 -g -Wall  -mno-hw-div -mno-hw-mul -mno-hw-mulx -mgpopt=global   -o obj/HAL/src/alt_errno.o HAL/src/alt_errno.c
Compiling alt_exception_entry.S...
nios2-elf-gcc -MP -MMD -c   -O0 -g -Wall  -mno-hw-div -mno-hw-mul -mno-hw-mulx -mgpopt=global    -I./HAL/inc -I. -I./drivers/inc -pipe -D__hal__ -DALT_NO_INSTRUCTION_EMULATION -DALT_SINGLE_THREADED  -Wa,-gdwarf2  -o obj/HAL/src/alt_exception_entry.o HAL/src/alt_exception_entry.S
Compiling alt_exception_muldiv.S...
nios2-elf-gcc -MP -MMD -c   -O0 -g -Wall  -mno-hw-div -mno-hw-mul -mno-hw-mulx -mgpopt=global    -I./HAL/inc -I. -I./drivers/inc -pipe -D__hal__ -DALT_NO_INSTRUCTION_EMULATION -DALT_SINGLE_THREADED  -Wa,-gdwarf2  -o obj/HAL/src/alt_exception_muldiv.o HAL/src/alt_exception_muldiv.S
Compiling alt_exception_trap.S...
nios2-elf-gcc -MP -MMD -c   -O0 -g -Wall  -mno-hw-div -mno-hw-mul -mno-hw-mulx -mgpopt=global    -I./HAL/inc -I. -I./drivers/inc -pipe -D__hal__ -DALT_NO_INSTRUCTION_EMULATION -DALT_SINGLE_THREADED  -Wa,-gdwarf2  -o obj/HAL/src/alt_exception_trap.o HAL/src/alt_exception_trap.S
Compiling alt_execve.c...
nios2-elf-gcc -xc -MP -MMD -c  -I./HAL/inc -I. -I./drivers/inc -pipe -D__hal__ -DALT_NO_INSTRUCTION_EMULATION -DALT_SINGLE_THREADED    -O0 -g -Wall  -mno-hw-div -mno-hw-mul -mno-hw-mulx -mgpopt=global   -o obj/HAL/src/alt_execve.o HAL/src/alt_execve.c
Compiling alt_exit.c...
nios2-elf-gcc -xc -MP -MMD -c  -I./HAL/inc -I. -I./drivers/inc -pipe -D__hal__ -DALT_NO_INSTRUCTION_EMULATION -DALT_SINGLE_THREADED    -O0 -g -Wall  -mno-hw-div -mno-hw-mul -mno-hw-mulx -mgpopt=global   -o obj/HAL/src/alt_exit.o HAL/src/alt_exit.c
Compiling alt_fcntl.c...
nios2-elf-gcc -xc -MP -MMD -c  -I./HAL/inc -I. -I./drivers/inc -pipe -D__hal__ -DALT_NO_INSTRUCTION_EMULATION -DALT_SINGLE_THREADED    -O0 -g -Wall  -mno-hw-div -mno-hw-mul -mno-hw-mulx -mgpopt=global   -o obj/HAL/src/alt_fcntl.o HAL/src/alt_fcntl.c
Compiling alt_fd_lock.c...
nios2-elf-gcc -xc -MP -MMD -c  -I./HAL/inc -I. -I./drivers/inc -pipe -D__hal__ -DALT_NO_INSTRUCTION_EMULATION -DALT_SINGLE_THREADED    -O0 -g -Wall  -mno-hw-div -mno-hw-mul -mno-hw-mulx -mgpopt=global   -o obj/HAL/src/alt_fd_lock.o HAL/src/alt_fd_lock.c
Compiling alt_fd_unlock.c...
nios2-elf-gcc -xc -MP -MMD -c  -I./HAL/inc -I. -I./drivers/inc -pipe -D__hal__ -DALT_NO_INSTRUCTION_EMULATION -DALT_SINGLE_THREADED    -O0 -g -Wall  -mno-hw-div -mno-hw-mul -mno-hw-mulx -mgpopt=global   -o obj/HAL/src/alt_fd_unlock.o HAL/src/alt_fd_unlock.c
Compiling alt_find_dev.c...
nios2-elf-gcc -xc -MP -MMD -c  -I./HAL/inc -I. -I./drivers/inc -pipe -D__hal__ -DALT_NO_INSTRUCTION_EMULATION -DALT_SINGLE_THREADED    -O0 -g -Wall  -mno-hw-div -mno-hw-mul -mno-hw-mulx -mgpopt=global   -o obj/HAL/src/alt_find_dev.o HAL/src/alt_find_dev.c
Compiling alt_find_file.c...
nios2-elf-gcc -xc -MP -MMD -c  -I./HAL/inc -I. -I./drivers/inc -pipe -D__hal__ -DALT_NO_INSTRUCTION_EMULATION -DALT_SINGLE_THREADED    -O0 -g -Wall  -mno-hw-div -mno-hw-mul -mno-hw-mulx -mgpopt=global   -o obj/HAL/src/alt_find_file.o HAL/src/alt_find_file.c
Compiling alt_flash_dev.c...
nios2-elf-gcc -xc -MP -MMD -c  -I./HAL/inc -I. -I./drivers/inc -pipe -D__hal__ -DALT_NO_INSTRUCTION_EMULATION -DALT_SINGLE_THREADED    -O0 -g -Wall  -mno-hw-div -mno-hw-mul -mno-hw-mulx -mgpopt=global   -o obj/HAL/src/alt_flash_dev.o HAL/src/alt_flash_dev.c
Compiling alt_fork.c...
nios2-elf-gcc -xc -MP -MMD -c  -I./HAL/inc -I. -I./drivers/inc -pipe -D__hal__ -DALT_NO_INSTRUCTION_EMULATION -DALT_SINGLE_THREADED    -O0 -g -Wall  -mno-hw-div -mno-hw-mul -mno-hw-mulx -mgpopt=global   -o obj/HAL/src/alt_fork.o HAL/src/alt_fork.c
Compiling alt_fs_reg.c...
nios2-elf-gcc -xc -MP -MMD -c  -I./HAL/inc -I. -I./drivers/inc -pipe -D__hal__ -DALT_NO_INSTRUCTION_EMULATION -DALT_SINGLE_THREADED    -O0 -g -Wall  -mno-hw-div -mno-hw-mul -mno-hw-mulx -mgpopt=global   -o obj/HAL/src/alt_fs_reg.o HAL/src/alt_fs_reg.c
Compiling alt_fstat.c...
nios2-elf-gcc -xc -MP -MMD -c  -I./HAL/inc -I. -I./drivers/inc -pipe -D__hal__ -DALT_NO_INSTRUCTION_EMULATION -DALT_SINGLE_THREADED    -O0 -g -Wall  -mno-hw-div -mno-hw-mul -mno-hw-mulx -mgpopt=global   -o obj/HAL/src/alt_fstat.o HAL/src/alt_fstat.c
Compiling alt_get_fd.c...
nios2-elf-gcc -xc -MP -MMD -c  -I./HAL/inc -I. -I./drivers/inc -pipe -D__hal__ -DALT_NO_INSTRUCTION_EMULATION -DALT_SINGLE_THREADED    -O0 -g -Wall  -mno-hw-div -mno-hw-mul -mno-hw-mulx -mgpopt=global   -o obj/HAL/src/alt_get_fd.o HAL/src/alt_get_fd.c
Compiling alt_getchar.c...
nios2-elf-gcc -xc -MP -MMD -c  -I./HAL/inc -I. -I./drivers/inc -pipe -D__hal__ -DALT_NO_INSTRUCTION_EMULATION -DALT_SINGLE_THREADED    -O0 -g -Wall  -mno-hw-div -mno-hw-mul -mno-hw-mulx -mgpopt=global   -o obj/HAL/src/alt_getchar.o HAL/src/alt_getchar.c
Compiling alt_getpid.c...
nios2-elf-gcc -xc -MP -MMD -c  -I./HAL/inc -I. -I./drivers/inc -pipe -D__hal__ -DALT_NO_INSTRUCTION_EMULATION -DALT_SINGLE_THREADED    -O0 -g -Wall  -mno-hw-div -mno-hw-mul -mno-hw-mulx -mgpopt=global   -o obj/HAL/src/alt_getpid.o HAL/src/alt_getpid.c
Compiling alt_gettod.c...
nios2-elf-gcc -xc -MP -MMD -c  -I./HAL/inc -I. -I./drivers/inc -pipe -D__hal__ -DALT_NO_INSTRUCTION_EMULATION -DALT_SINGLE_THREADED    -O0 -g -Wall  -mno-hw-div -mno-hw-mul -mno-hw-mulx -mgpopt=global   -o obj/HAL/src/alt_gettod.o HAL/src/alt_gettod.c
Compiling alt_gmon.c...
nios2-elf-gcc -xc -MP -MMD -c  -I./HAL/inc -I. -I./drivers/inc -pipe -D__hal__ -DALT_NO_INSTRUCTION_EMULATION -DALT_SINGLE_THREADED    -O0 -g -Wall  -mno-hw-div -mno-hw-mul -mno-hw-mulx -mgpopt=global   -o obj/HAL/src/alt_gmon.o HAL/src/alt_gmon.c
Compiling alt_icache_flush.c...
nios2-elf-gcc -xc -MP -MMD -c  -I./HAL/inc -I. -I./drivers/inc -pipe -D__hal__ -DALT_NO_INSTRUCTION_EMULATION -DALT_SINGLE_THREADED    -O0 -g -Wall  -mno-hw-div -mno-hw-mul -mno-hw-mulx -mgpopt=global   -o obj/HAL/src/alt_icache_flush.o HAL/src/alt_icache_flush.c
Compiling alt_icache_flush_all.c...
nios2-elf-gcc -xc -MP -MMD -c  -I./HAL/inc -I. -I./drivers/inc -pipe -D__hal__ -DALT_NO_INSTRUCTION_EMULATION -DALT_SINGLE_THREADED    -O0 -g -Wall  -mno-hw-div -mno-hw-mul -mno-hw-mulx -mgpopt=global   -o obj/HAL/src/alt_icache_flush_all.o HAL/src/alt_icache_flush_all.c
Compiling alt_iic.c...
nios2-elf-gcc -xc -MP -MMD -c  -I./HAL/inc -I. -I./drivers/inc -pipe -D__hal__ -DALT_NO_INSTRUCTION_EMULATION -DALT_SINGLE_THREADED    -O0 -g -Wall  -mno-hw-div -mno-hw-mul -mno-hw-mulx -mgpopt=global   -o obj/HAL/src/alt_iic.o HAL/src/alt_iic.c
Compiling alt_iic_isr_register.c...
nios2-elf-gcc -xc -MP -MMD -c  -I./HAL/inc -I. -I./drivers/inc -pipe -D__hal__ -DALT_NO_INSTRUCTION_EMULATION -DALT_SINGLE_THREADED    -O0 -g -Wall  -mno-hw-div -mno-hw-mul -mno-hw-mulx -mgpopt=global   -o obj/HAL/src/alt_iic_isr_register.o HAL/src/alt_iic_isr_register.c
Compiling alt_instruction_exception_entry.c...
nios2-elf-gcc -xc -MP -MMD -c  -I./HAL/inc -I. -I./drivers/inc -pipe -D__hal__ -DALT_NO_INSTRUCTION_EMULATION -DALT_SINGLE_THREADED    -O0 -g -Wall  -mno-hw-div -mno-hw-mul -mno-hw-mulx -mgpopt=global   -o obj/HAL/src/alt_instruction_exception_entry.o HAL/src/alt_instruction_exception_entry.c
Compiling alt_instruction_exception_register.c...
nios2-elf-gcc -xc -MP -MMD -c  -I./HAL/inc -I. -I./drivers/inc -pipe -D__hal__ -DALT_NO_INSTRUCTION_EMULATION -DALT_SINGLE_THREADED    -O0 -g -Wall  -mno-hw-div -mno-hw-mul -mno-hw-mulx -mgpopt=global   -o obj/HAL/src/alt_instruction_exception_register.o HAL/src/alt_instruction_exception_register.c
Compiling alt_io_redirect.c...
nios2-elf-gcc -xc -MP -MMD -c  -I./HAL/inc -I. -I./drivers/inc -pipe -D__hal__ -DALT_NO_INSTRUCTION_EMULATION -DALT_SINGLE_THREADED    -O0 -g -Wall  -mno-hw-div -mno-hw-mul -mno-hw-mulx -mgpopt=global   -o obj/HAL/src/alt_io_redirect.o HAL/src/alt_io_redirect.c
Compiling alt_ioctl.c...
nios2-elf-gcc -xc -MP -MMD -c  -I./HAL/inc -I. -I./drivers/inc -pipe -D__hal__ -DALT_NO_INSTRUCTION_EMULATION -DALT_SINGLE_THREADED    -O0 -g -Wall  -mno-hw-div -mno-hw-mul -mno-hw-mulx -mgpopt=global   -o obj/HAL/src/alt_ioctl.o HAL/src/alt_ioctl.c
Compiling alt_irq_entry.S...
nios2-elf-gcc -MP -MMD -c   -O0 -g -Wall  -mno-hw-div -mno-hw-mul -mno-hw-mulx -mgpopt=global    -I./HAL/inc -I. -I./drivers/inc -pipe -D__hal__ -DALT_NO_INSTRUCTION_EMULATION -DALT_SINGLE_THREADED  -Wa,-gdwarf2  -o obj/HAL/src/alt_irq_entry.o HAL/src/alt_irq_entry.S
Compiling alt_irq_handler.c...
nios2-elf-gcc -xc -MP -MMD -c  -I./HAL/inc -I. -I./drivers/inc -pipe -D__hal__ -DALT_NO_INSTRUCTION_EMULATION -DALT_SINGLE_THREADED    -O0 -g -Wall  -mno-hw-div -mno-hw-mul -mno-hw-mulx -mgpopt=global   -o obj/HAL/src/alt_irq_handler.o HAL/src/alt_irq_handler.c
Compiling alt_irq_register.c...
nios2-elf-gcc -xc -MP -MMD -c  -I./HAL/inc -I. -I./drivers/inc -pipe -D__hal__ -DALT_NO_INSTRUCTION_EMULATION -DALT_SINGLE_THREADED    -O0 -g -Wall  -mno-hw-div -mno-hw-mul -mno-hw-mulx -mgpopt=global   -o obj/HAL/src/alt_irq_register.o HAL/src/alt_irq_register.c
Compiling alt_irq_vars.c...
nios2-elf-gcc -xc -MP -MMD -c  -I./HAL/inc -I. -I./drivers/inc -pipe -D__hal__ -DALT_NO_INSTRUCTION_EMULATION -DALT_SINGLE_THREADED    -O0 -g -Wall  -mno-hw-div -mno-hw-mul -mno-hw-mulx -mgpopt=global   -o obj/HAL/src/alt_irq_vars.o HAL/src/alt_irq_vars.c
Compiling alt_isatty.c...
nios2-elf-gcc -xc -MP -MMD -c  -I./HAL/inc -I. -I./drivers/inc -pipe -D__hal__ -DALT_NO_INSTRUCTION_EMULATION -DALT_SINGLE_THREADED    -O0 -g -Wall  -mno-hw-div -mno-hw-mul -mno-hw-mulx -mgpopt=global   -o obj/HAL/src/alt_isatty.o HAL/src/alt_isatty.c
Compiling alt_kill.c...
nios2-elf-gcc -xc -MP -MMD -c  -I./HAL/inc -I. -I./drivers/inc -pipe -D__hal__ -DALT_NO_INSTRUCTION_EMULATION -DALT_SINGLE_THREADED    -O0 -g -Wall  -mno-hw-div -mno-hw-mul -mno-hw-mulx -mgpopt=global   -o obj/HAL/src/alt_kill.o HAL/src/alt_kill.c
Compiling alt_link.c...
nios2-elf-gcc -xc -MP -MMD -c  -I./HAL/inc -I. -I./drivers/inc -pipe -D__hal__ -DALT_NO_INSTRUCTION_EMULATION -DALT_SINGLE_THREADED    -O0 -g -Wall  -mno-hw-div -mno-hw-mul -mno-hw-mulx -mgpopt=global   -o obj/HAL/src/alt_link.o HAL/src/alt_link.c
Compiling alt_load.c...
nios2-elf-gcc -xc -MP -MMD -c  -I./HAL/inc -I. -I./drivers/inc -pipe -D__hal__ -DALT_NO_INSTRUCTION_EMULATION -DALT_SINGLE_THREADED    -O0 -g -Wall  -mno-hw-div -mno-hw-mul -mno-hw-mulx -mgpopt=global   -o obj/HAL/src/alt_load.o HAL/src/alt_load.c
Compiling alt_log_macro.S...
nios2-elf-gcc -MP -MMD -c   -O0 -g -Wall  -mno-hw-div -mno-hw-mul -mno-hw-mulx -mgpopt=global    -I./HAL/inc -I. -I./drivers/inc -pipe -D__hal__ -DALT_NO_INSTRUCTION_EMULATION -DALT_SINGLE_THREADED  -Wa,-gdwarf2  -o obj/HAL/src/alt_log_macro.o HAL/src/alt_log_macro.S
Compiling alt_log_printf.c...
nios2-elf-gcc -xc -MP -MMD -c  -I./HAL/inc -I. -I./drivers/inc -pipe -D__hal__ -DALT_NO_INSTRUCTION_EMULATION -DALT_SINGLE_THREADED    -O0 -g -Wall  -mno-hw-div -mno-hw-mul -mno-hw-mulx -mgpopt=global   -o obj/HAL/src/alt_log_printf.o HAL/src/alt_log_printf.c
Compiling alt_lseek.c...
nios2-elf-gcc -xc -MP -MMD -c  -I./HAL/inc -I. -I./drivers/inc -pipe -D__hal__ -DALT_NO_INSTRUCTION_EMULATION -DALT_SINGLE_THREADED    -O0 -g -Wall  -mno-hw-div -mno-hw-mul -mno-hw-mulx -mgpopt=global   -o obj/HAL/src/alt_lseek.o HAL/src/alt_lseek.c
Compiling alt_main.c...
nios2-elf-gcc -xc -MP -MMD -c  -I./HAL/inc -I. -I./drivers/inc -pipe -D__hal__ -DALT_NO_INSTRUCTION_EMULATION -DALT_SINGLE_THREADED    -O0 -g -Wall  -mno-hw-div -mno-hw-mul -mno-hw-mulx -mgpopt=global   -o obj/HAL/src/alt_main.o HAL/src/alt_main.c
Compiling alt_malloc_lock.c...
nios2-elf-gcc -xc -MP -MMD -c  -I./HAL/inc -I. -I./drivers/inc -pipe -D__hal__ -DALT_NO_INSTRUCTION_EMULATION -DALT_SINGLE_THREADED    -O0 -g -Wall  -mno-hw-div -mno-hw-mul -mno-hw-mulx -mgpopt=global   -o obj/HAL/src/alt_malloc_lock.o HAL/src/alt_malloc_lock.c
Compiling alt_mcount.S...
nios2-elf-gcc -MP -MMD -c   -O0 -g -Wall  -mno-hw-div -mno-hw-mul -mno-hw-mulx -mgpopt=global    -I./HAL/inc -I. -I./drivers/inc -pipe -D__hal__ -DALT_NO_INSTRUCTION_EMULATION -DALT_SINGLE_THREADED  -Wa,-gdwarf2  -o obj/HAL/src/alt_mcount.o HAL/src/alt_mcount.S
Compiling alt_open.c...
nios2-elf-gcc -xc -MP -MMD -c  -I./HAL/inc -I. -I./drivers/inc -pipe -D__hal__ -DALT_NO_INSTRUCTION_EMULATION -DALT_SINGLE_THREADED    -O0 -g -Wall  -mno-hw-div -mno-hw-mul -mno-hw-mulx -mgpopt=global   -o obj/HAL/src/alt_open.o HAL/src/alt_open.c
Compiling alt_printf.c...
nios2-elf-gcc -xc -MP -MMD -c  -I./HAL/inc -I. -I./drivers/inc -pipe -D__hal__ -DALT_NO_INSTRUCTION_EMULATION -DALT_SINGLE_THREADED    -O0 -g -Wall  -mno-hw-div -mno-hw-mul -mno-hw-mulx -mgpopt=global   -o obj/HAL/src/alt_printf.o HAL/src/alt_printf.c
Compiling alt_putchar.c...
nios2-elf-gcc -xc -MP -MMD -c  -I./HAL/inc -I. -I./drivers/inc -pipe -D__hal__ -DALT_NO_INSTRUCTION_EMULATION -DALT_SINGLE_THREADED    -O0 -g -Wall  -mno-hw-div -mno-hw-mul -mno-hw-mulx -mgpopt=global   -o obj/HAL/src/alt_putchar.o HAL/src/alt_putchar.c
Compiling alt_putcharbuf.c...
nios2-elf-gcc -xc -MP -MMD -c  -I./HAL/inc -I. -I./drivers/inc -pipe -D__hal__ -DALT_NO_INSTRUCTION_EMULATION -DALT_SINGLE_THREADED    -O0 -g -Wall  -mno-hw-div -mno-hw-mul -mno-hw-mulx -mgpopt=global   -o obj/HAL/src/alt_putcharbuf.o HAL/src/alt_putcharbuf.c
Compiling alt_putstr.c...
nios2-elf-gcc -xc -MP -MMD -c  -I./HAL/inc -I. -I./drivers/inc -pipe -D__hal__ -DALT_NO_INSTRUCTION_EMULATION -DALT_SINGLE_THREADED    -O0 -g -Wall  -mno-hw-div -mno-hw-mul -mno-hw-mulx -mgpopt=global   -o obj/HAL/src/alt_putstr.o HAL/src/alt_putstr.c
Compiling alt_read.c...
nios2-elf-gcc -xc -MP -MMD -c  -I./HAL/inc -I. -I./drivers/inc -pipe -D__hal__ -DALT_NO_INSTRUCTION_EMULATION -DALT_SINGLE_THREADED    -O0 -g -Wall  -mno-hw-div -mno-hw-mul -mno-hw-mulx -mgpopt=global   -o obj/HAL/src/alt_read.o HAL/src/alt_read.c
Compiling alt_release_fd.c...
nios2-elf-gcc -xc -MP -MMD -c  -I./HAL/inc -I. -I./drivers/inc -pipe -D__hal__ -DALT_NO_INSTRUCTION_EMULATION -DALT_SINGLE_THREADED    -O0 -g -Wall  -mno-hw-div -mno-hw-mul -mno-hw-mulx -mgpopt=global   -o obj/HAL/src/alt_release_fd.o HAL/src/alt_release_fd.c
Compiling alt_remap_cached.c...
nios2-elf-gcc -xc -MP -MMD -c  -I./HAL/inc -I. -I./drivers/inc -pipe -D__hal__ -DALT_NO_INSTRUCTION_EMULATION -DALT_SINGLE_THREADED    -O0 -g -Wall  -mno-hw-div -mno-hw-mul -mno-hw-mulx -mgpopt=global   -o obj/HAL/src/alt_remap_cached.o HAL/src/alt_remap_cached.c
Compiling alt_remap_uncached.c...
nios2-elf-gcc -xc -MP -MMD -c  -I./HAL/inc -I. -I./drivers/inc -pipe -D__hal__ -DALT_NO_INSTRUCTION_EMULATION -DALT_SINGLE_THREADED    -O0 -g -Wall  -mno-hw-div -mno-hw-mul -mno-hw-mulx -mgpopt=global   -o obj/HAL/src/alt_remap_uncached.o HAL/src/alt_remap_uncached.c
Compiling alt_rename.c...
nios2-elf-gcc -xc -MP -MMD -c  -I./HAL/inc -I. -I./drivers/inc -pipe -D__hal__ -DALT_NO_INSTRUCTION_EMULATION -DALT_SINGLE_THREADED    -O0 -g -Wall  -mno-hw-div -mno-hw-mul -mno-hw-mulx -mgpopt=global   -o obj/HAL/src/alt_rename.o HAL/src/alt_rename.c
Compiling alt_sbrk.c...
nios2-elf-gcc -xc -MP -MMD -c  -I./HAL/inc -I. -I./drivers/inc -pipe -D__hal__ -DALT_NO_INSTRUCTION_EMULATION -DALT_SINGLE_THREADED    -O0 -g -Wall  -mno-hw-div -mno-hw-mul -mno-hw-mulx -mgpopt=global   -o obj/HAL/src/alt_sbrk.o HAL/src/alt_sbrk.c
Compiling alt_settod.c...
nios2-elf-gcc -xc -MP -MMD -c  -I./HAL/inc -I. -I./drivers/inc -pipe -D__hal__ -DALT_NO_INSTRUCTION_EMULATION -DALT_SINGLE_THREADED    -O0 -g -Wall  -mno-hw-div -mno-hw-mul -mno-hw-mulx -mgpopt=global   -o obj/HAL/src/alt_settod.o HAL/src/alt_settod.c
Compiling alt_software_exception.S...
nios2-elf-gcc -MP -MMD -c   -O0 -g -Wall  -mno-hw-div -mno-hw-mul -mno-hw-mulx -mgpopt=global    -I./HAL/inc -I. -I./drivers/inc -pipe -D__hal__ -DALT_NO_INSTRUCTION_EMULATION -DALT_SINGLE_THREADED  -Wa,-gdwarf2  -o obj/HAL/src/alt_software_exception.o HAL/src/alt_software_exception.S
Compiling alt_stat.c...
nios2-elf-gcc -xc -MP -MMD -c  -I./HAL/inc -I. -I./drivers/inc -pipe -D__hal__ -DALT_NO_INSTRUCTION_EMULATION -DALT_SINGLE_THREADED    -O0 -g -Wall  -mno-hw-div -mno-hw-mul -mno-hw-mulx -mgpopt=global   -o obj/HAL/src/alt_stat.o HAL/src/alt_stat.c
Compiling alt_tick.c...
nios2-elf-gcc -xc -MP -MMD -c  -I./HAL/inc -I. -I./drivers/inc -pipe -D__hal__ -DALT_NO_INSTRUCTION_EMULATION -DALT_SINGLE_THREADED    -O0 -g -Wall  -mno-hw-div -mno-hw-mul -mno-hw-mulx -mgpopt=global   -o obj/HAL/src/alt_tick.o HAL/src/alt_tick.c
Compiling alt_times.c...
nios2-elf-gcc -xc -MP -MMD -c  -I./HAL/inc -I. -I./drivers/inc -pipe -D__hal__ -DALT_NO_INSTRUCTION_EMULATION -DALT_SINGLE_THREADED    -O0 -g -Wall  -mno-hw-div -mno-hw-mul -mno-hw-mulx -mgpopt=global   -o obj/HAL/src/alt_times.o HAL/src/alt_times.c
Compiling alt_uncached_free.c...
nios2-elf-gcc -xc -MP -MMD -c  -I./HAL/inc -I. -I./drivers/inc -pipe -D__hal__ -DALT_NO_INSTRUCTION_EMULATION -DALT_SINGLE_THREADED    -O0 -g -Wall  -mno-hw-div -mno-hw-mul -mno-hw-mulx -mgpopt=global   -o obj/HAL/src/alt_uncached_free.o HAL/src/alt_uncached_free.c
Compiling alt_uncached_malloc.c...
nios2-elf-gcc -xc -MP -MMD -c  -I./HAL/inc -I. -I./drivers/inc -pipe -D__hal__ -DALT_NO_INSTRUCTION_EMULATION -DALT_SINGLE_THREADED    -O0 -g -Wall  -mno-hw-div -mno-hw-mul -mno-hw-mulx -mgpopt=global   -o obj/HAL/src/alt_uncached_malloc.o HAL/src/alt_uncached_malloc.c
Compiling alt_unlink.c...
nios2-elf-gcc -xc -MP -MMD -c  -I./HAL/inc -I. -I./drivers/inc -pipe -D__hal__ -DALT_NO_INSTRUCTION_EMULATION -DALT_SINGLE_THREADED    -O0 -g -Wall  -mno-hw-div -mno-hw-mul -mno-hw-mulx -mgpopt=global   -o obj/HAL/src/alt_unlink.o HAL/src/alt_unlink.c
Compiling alt_usleep.c...
nios2-elf-gcc -xc -MP -MMD -c  -I./HAL/inc -I. -I./drivers/inc -pipe -D__hal__ -DALT_NO_INSTRUCTION_EMULATION -DALT_SINGLE_THREADED    -O0 -g -Wall  -mno-hw-div -mno-hw-mul -mno-hw-mulx -mgpopt=global   -o obj/HAL/src/alt_usleep.o HAL/src/alt_usleep.c
Compiling alt_wait.c...
nios2-elf-gcc -xc -MP -MMD -c  -I./HAL/inc -I. -I./drivers/inc -pipe -D__hal__ -DALT_NO_INSTRUCTION_EMULATION -DALT_SINGLE_THREADED    -O0 -g -Wall  -mno-hw-div -mno-hw-mul -mno-hw-mulx -mgpopt=global   -o obj/HAL/src/alt_wait.o HAL/src/alt_wait.c
Compiling alt_write.c...
nios2-elf-gcc -xc -MP -MMD -c  -I./HAL/inc -I. -I./drivers/inc -pipe -D__hal__ -DALT_NO_INSTRUCTION_EMULATION -DALT_SINGLE_THREADED    -O0 -g -Wall  -mno-hw-div -mno-hw-mul -mno-hw-mulx -mgpopt=global   -o obj/HAL/src/alt_write.o HAL/src/alt_write.c
Compiling altera_nios2_gen2_irq.c...
nios2-elf-gcc -xc -MP -MMD -c  -I./HAL/inc -I. -I./drivers/inc -pipe -D__hal__ -DALT_NO_INSTRUCTION_EMULATION -DALT_SINGLE_THREADED    -O0 -g -Wall  -mno-hw-div -mno-hw-mul -mno-hw-mulx -mgpopt=global   -o obj/HAL/src/altera_nios2_gen2_irq.o HAL/src/altera_nios2_gen2_irq.c
Compiling crt0.S...
nios2-elf-gcc -MP -MMD -c   -O0 -g -Wall  -mno-hw-div -mno-hw-mul -mno-hw-mulx -mgpopt=global    -I./HAL/inc -I. -I./drivers/inc -pipe -D__hal__ -DALT_NO_INSTRUCTION_EMULATION -DALT_SINGLE_THREADED  -Wa,-gdwarf2  -o obj/HAL/src/crt0.o HAL/src/crt0.S
Compiling alt_sys_init.c...
nios2-elf-gcc -xc -MP -MMD -c  -I./HAL/inc -I. -I./drivers/inc -pipe -D__hal__ -DALT_NO_INSTRUCTION_EMULATION -DALT_SINGLE_THREADED    -O0 -g -Wall  -mno-hw-div -mno-hw-mul -mno-hw-mulx -mgpopt=global   -o obj/alt_sys_init.o alt_sys_init.c
Compiling altera_avalon_epcs_flash_controller.c...
nios2-elf-gcc -xc -MP -MMD -c  -I./HAL/inc -I. -I./drivers/inc -pipe -D__hal__ -DALT_NO_INSTRUCTION_EMULATION -DALT_SINGLE_THREADED    -O0 -g -Wall  -mno-hw-div -mno-hw-mul -mno-hw-mulx -mgpopt=global   -o obj/drivers/src/altera_avalon_epcs_flash_controller.o drivers/src/altera_avalon_epcs_flash_controller.c
Compiling altera_avalon_jtag_uart_fd.c...
nios2-elf-gcc -xc -MP -MMD -c  -I./HAL/inc -I. -I./drivers/inc -pipe -D__hal__ -DALT_NO_INSTRUCTION_EMULATION -DALT_SINGLE_THREADED    -O0 -g -Wall  -mno-hw-div -mno-hw-mul -mno-hw-mulx -mgpopt=global   -o obj/drivers/src/altera_avalon_jtag_uart_fd.o drivers/src/altera_avalon_jtag_uart_fd.c
Compiling altera_avalon_jtag_uart_init.c...
nios2-elf-gcc -xc -MP -MMD -c  -I./HAL/inc -I. -I./drivers/inc -pipe -D__hal__ -DALT_NO_INSTRUCTION_EMULATION -DALT_SINGLE_THREADED    -O0 -g -Wall  -mno-hw-div -mno-hw-mul -mno-hw-mulx -mgpopt=global   -o obj/drivers/src/altera_avalon_jtag_uart_init.o drivers/src/altera_avalon_jtag_uart_init.c
Compiling altera_avalon_jtag_uart_ioctl.c...
nios2-elf-gcc -xc -MP -MMD -c  -I./HAL/inc -I. -I./drivers/inc -pipe -D__hal__ -DALT_NO_INSTRUCTION_EMULATION -DALT_SINGLE_THREADED    -O0 -g -Wall  -mno-hw-div -mno-hw-mul -mno-hw-mulx -mgpopt=global   -o obj/drivers/src/altera_avalon_jtag_uart_ioctl.o drivers/src/altera_avalon_jtag_uart_ioctl.c
Compiling altera_avalon_jtag_uart_read.c...
nios2-elf-gcc -xc -MP -MMD -c  -I./HAL/inc -I. -I./drivers/inc -pipe -D__hal__ -DALT_NO_INSTRUCTION_EMULATION -DALT_SINGLE_THREADED    -O0 -g -Wall  -mno-hw-div -mno-hw-mul -mno-hw-mulx -mgpopt=global   -o obj/drivers/src/altera_avalon_jtag_uart_read.o drivers/src/altera_avalon_jtag_uart_read.c
Compiling altera_avalon_jtag_uart_write.c...
nios2-elf-gcc -xc -MP -MMD -c  -I./HAL/inc -I. -I./drivers/inc -pipe -D__hal__ -DALT_NO_INSTRUCTION_EMULATION -DALT_SINGLE_THREADED    -O0 -g -Wall  -mno-hw-div -mno-hw-mul -mno-hw-mulx -mgpopt=global   -o obj/drivers/src/altera_avalon_jtag_uart_write.o drivers/src/altera_avalon_jtag_uart_write.c
Compiling altera_avalon_spi.c...
nios2-elf-gcc -xc -MP -MMD -c  -I./HAL/inc -I. -I./drivers/inc -pipe -D__hal__ -DALT_NO_INSTRUCTION_EMULATION -DALT_SINGLE_THREADED    -O0 -g -Wall  -mno-hw-div -mno-hw-mul -mno-hw-mulx -mgpopt=global   -o obj/drivers/src/altera_avalon_spi.o drivers/src/altera_avalon_spi.c
Compiling altera_avalon_sysid_qsys.c...
nios2-elf-gcc -xc -MP -MMD -c  -I./HAL/inc -I. -I./drivers/inc -pipe -D__hal__ -DALT_NO_INSTRUCTION_EMULATION -DALT_SINGLE_THREADED    -O0 -g -Wall  -mno-hw-div -mno-hw-mul -mno-hw-mulx -mgpopt=global   -o obj/drivers/src/altera_avalon_sysid_qsys.o drivers/src/altera_avalon_sysid_qsys.c
Compiling altera_avalon_uart_fd.c...
nios2-elf-gcc -xc -MP -MMD -c  -I./HAL/inc -I. -I./drivers/inc -pipe -D__hal__ -DALT_NO_INSTRUCTION_EMULATION -DALT_SINGLE_THREADED    -O0 -g -Wall  -mno-hw-div -mno-hw-mul -mno-hw-mulx -mgpopt=global   -o obj/drivers/src/altera_avalon_uart_fd.o drivers/src/altera_avalon_uart_fd.c
Compiling altera_avalon_uart_init.c...
nios2-elf-gcc -xc -MP -MMD -c  -I./HAL/inc -I. -I./drivers/inc -pipe -D__hal__ -DALT_NO_INSTRUCTION_EMULATION -DALT_SINGLE_THREADED    -O0 -g -Wall  -mno-hw-div -mno-hw-mul -mno-hw-mulx -mgpopt=global   -o obj/drivers/src/altera_avalon_uart_init.o drivers/src/altera_avalon_uart_init.c
Compiling altera_avalon_uart_ioctl.c...
nios2-elf-gcc -xc -MP -MMD -c  -I./HAL/inc -I. -I./drivers/inc -pipe -D__hal__ -DALT_NO_INSTRUCTION_EMULATION -DALT_SINGLE_THREADED    -O0 -g -Wall  -mno-hw-div -mno-hw-mul -mno-hw-mulx -mgpopt=global   -o obj/drivers/src/altera_avalon_uart_ioctl.o drivers/src/altera_avalon_uart_ioctl.c
Compiling altera_avalon_uart_read.c...
nios2-elf-gcc -xc -MP -MMD -c  -I./HAL/inc -I. -I./drivers/inc -pipe -D__hal__ -DALT_NO_INSTRUCTION_EMULATION -DALT_SINGLE_THREADED    -O0 -g -Wall  -mno-hw-div -mno-hw-mul -mno-hw-mulx -mgpopt=global   -o obj/drivers/src/altera_avalon_uart_read.o drivers/src/altera_avalon_uart_read.c
Compiling altera_avalon_uart_write.c...
nios2-elf-gcc -xc -MP -MMD -c  -I./HAL/inc -I. -I./drivers/inc -pipe -D__hal__ -DALT_NO_INSTRUCTION_EMULATION -DALT_SINGLE_THREADED    -O0 -g -Wall  -mno-hw-div -mno-hw-mul -mno-hw-mulx -mgpopt=global   -o obj/drivers/src/altera_avalon_uart_write.o drivers/src/altera_avalon_uart_write.c
Compiling epcs_commands.c...
nios2-elf-gcc -xc -MP -MMD -c  -I./HAL/inc -I. -I./drivers/inc -pipe -D__hal__ -DALT_NO_INSTRUCTION_EMULATION -DALT_SINGLE_THREADED    -O0 -g -Wall  -mno-hw-div -mno-hw-mul -mno-hw-mulx -mgpopt=global   -o obj/drivers/src/epcs_commands.o drivers/src/epcs_commands.c
Creating libhal_bsp.a...
rm -f -f libhal_bsp.a
nios2-elf-ar -src libhal_bsp.a obj/HAL/src/alt_alarm_start.o obj/HAL/src/alt_busy_sleep.o obj/HAL/src/alt_close.o obj/HAL/src/alt_dcache_flush.o obj/HAL/src/alt_dcache_flush_all.o obj/HAL/src/alt_dcache_flush_no_writeback.o obj/HAL/src/alt_dev.o obj/HAL/src/alt_dev_llist_insert.o obj/HAL/src/alt_dma_rxchan_open.o obj/HAL/src/alt_dma_txchan_open.o obj/HAL/src/alt_do_ctors.o obj/HAL/src/alt_do_dtors.o obj/HAL/src/alt_ecc_fatal_entry.o obj/HAL/src/alt_ecc_fatal_exception.o obj/HAL/src/alt_env_lock.o obj/HAL/src/alt_environ.o obj/HAL/src/alt_errno.o obj/HAL/src/alt_exception_entry.o obj/HAL/src/alt_exception_muldiv.o obj/HAL/src/alt_exception_trap.o obj/HAL/src/alt_execve.o obj/HAL/src/alt_exit.o obj/HAL/src/alt_fcntl.o obj/HAL/src/alt_fd_lock.o obj/HAL/src/alt_fd_unlock.o obj/HAL/src/alt_find_dev.o obj/HAL/src/alt_find_file.o obj/HAL/src/alt_flash_dev.o obj/HAL/src/alt_fork.o obj/HAL/src/alt_fs_reg.o obj/HAL/src/alt_fstat.o obj/HAL/src/alt_get_fd.o obj/HAL/src/alt_getchar.o obj/HAL/src/alt_getpid.o obj/HAL/src/alt_gettod.o obj/HAL/src/alt_gmon.o obj/HAL/src/alt_icache_flush.o obj/HAL/src/alt_icache_flush_all.o obj/HAL/src/alt_iic.o obj/HAL/src/alt_iic_isr_register.o obj/HAL/src/alt_instruction_exception_entry.o obj/HAL/src/alt_instruction_exception_register.o obj/HAL/src/alt_io_redirect.o obj/HAL/src/alt_ioctl.o obj/HAL/src/alt_irq_entry.o obj/HAL/src/alt_irq_handler.o obj/HAL/src/alt_irq_register.o obj/HAL/src/alt_irq_vars.o obj/HAL/src/alt_isatty.o obj/HAL/src/alt_kill.o obj/HAL/src/alt_link.o obj/HAL/src/alt_load.o obj/HAL/src/alt_log_macro.o obj/HAL/src/alt_log_printf.o obj/HAL/src/alt_lseek.o obj/HAL/src/alt_main.o obj/HAL/src/alt_malloc_lock.o obj/HAL/src/alt_mcount.o obj/HAL/src/alt_open.o obj/HAL/src/alt_printf.o obj/HAL/src/alt_putchar.o obj/HAL/src/alt_putcharbuf.o obj/HAL/src/alt_putstr.o obj/HAL/src/alt_read.o obj/HAL/src/alt_release_fd.o obj/HAL/src/alt_remap_cached.o obj/HAL/src/alt_remap_uncached.o obj/HAL/src/alt_rename.o obj/HAL/src/alt_sbrk.o obj/HAL/src/alt_settod.o obj/HAL/src/alt_software_exception.o obj/HAL/src/alt_stat.o obj/HAL/src/alt_tick.o obj/HAL/src/alt_times.o obj/HAL/src/alt_uncached_free.o obj/HAL/src/alt_uncached_malloc.o obj/HAL/src/alt_unlink.o obj/HAL/src/alt_usleep.o obj/HAL/src/alt_wait.o obj/HAL/src/alt_write.o obj/HAL/src/altera_nios2_gen2_irq.o obj/HAL/src/crt0.o obj/alt_sys_init.o obj/drivers/src/altera_avalon_epcs_flash_controller.o obj/drivers/src/altera_avalon_jtag_uart_fd.o obj/drivers/src/altera_avalon_jtag_uart_init.o obj/drivers/src/altera_avalon_jtag_uart_ioctl.o obj/drivers/src/altera_avalon_jtag_uart_read.o obj/drivers/src/altera_avalon_jtag_uart_write.o obj/drivers/src/altera_avalon_spi.o obj/drivers/src/altera_avalon_sysid_qsys.o obj/drivers/src/altera_avalon_uart_fd.o obj/drivers/src/altera_avalon_uart_init.o obj/drivers/src/altera_avalon_uart_ioctl.o obj/drivers/src/altera_avalon_uart_read.o obj/drivers/src/altera_avalon_uart_write.o obj/drivers/src/epcs_commands.o
[BSP build complete]
Info: Compiling D:/github/adamShiau_FPGA/intel_IP/IRIS/NIOS/IRIS_CPU_V1_0/IRIS_CPU_V1_0.c to obj/default//D/github/adamShiau_FPGA/intel_IP/IRIS/NIOS/IRIS_CPU_V1_0/IRIS_CPU_V1_0.o
nios2-elf-gcc -xc -MP -MMD -c -ID:\github\adamShiau_FPGA\intel_IP\IRIS\NIOS\IRIS_CPU_V1_0\include -I../IRIS_CPU_V1_0_bsp//HAL/inc -I../IRIS_CPU_V1_0_bsp/ -I../IRIS_CPU_V1_0_bsp//drivers/inc  -pipe -D__hal__ -DALT_NO_INSTRUCTION_EMULATION -DALT_SINGLE_THREADED    -O0 -g -Wall   -mno-hw-div -mno-hw-mul -mno-hw-mulx -mgpopt=global  -o obj/default//D/github/adamShiau_FPGA/intel_IP/IRIS/NIOS/IRIS_CPU_V1_0/IRIS_CPU_V1_0.o D:/github/adamShiau_FPGA/intel_IP/IRIS/NIOS/IRIS_CPU_V1_0/IRIS_CPU_V1_0.c
In file included from D:\github\adamShiau_FPGA\intel_IP\IRIS\NIOS\IRIS_CPU_V1_0\include/IRIS.h:21:0,
                 from D:/github/adamShiau_FPGA/intel_IP/IRIS/NIOS/IRIS_CPU_V1_0/IRIS_CPU_V1_0.c:7:
D:\github\adamShiau_FPGA\intel_IP\IRIS\NIOS\IRIS_CPU_V1_0\include/common.h:26:0: warning: "DEBUG_PRINT" redefined
     #define DEBUG_PRINT(...) uart_printf_dbg(__VA_ARGS__)
 ^
D:\github\adamShiau_FPGA\intel_IP\IRIS\NIOS\IRIS_CPU_V1_0\include/common.h:15:0: note: this is the location of the previous definition
  #define DEBUG_PRINT
 ^
D:/github/adamShiau_FPGA/intel_IP/IRIS/NIOS/IRIS_CPU_V1_0/IRIS_CPU_V1_0.c: In function 'monitor_reg':
D:/github/adamShiau_FPGA/intel_IP/IRIS/NIOS/IRIS_CPU_V1_0/IRIS_CPU_V1_0.c:162:18: warning: type defaults to 'int' in declaration of 'DELAY_NUM' [-Wimplicit-int]
     static const DELAY_NUM = 5000;
                  ^
D:/github/adamShiau_FPGA/intel_IP/IRIS/NIOS/IRIS_CPU_V1_0/IRIS_CPU_V1_0.c: In function 'dbg_mems':
D:/github/adamShiau_FPGA/intel_IP/IRIS/NIOS/IRIS_CPU_V1_0/IRIS_CPU_V1_0.c:181:18: warning: type defaults to 'int' in declaration of 'DELAY_NUM' [-Wimplicit-int]
     static const DELAY_NUM = 100;
                  ^
In file included from ../IRIS_CPU_V1_0_bsp//drivers/inc/altera_avalon_uart_regs.h:34:0,
                 from D:/github/adamShiau_FPGA/intel_IP/IRIS/NIOS/IRIS_CPU_V1_0/IRIS_CPU_V1_0.c:6:
D:/github/adamShiau_FPGA/intel_IP/IRIS/NIOS/IRIS_CPU_V1_0/IRIS_CPU_V1_0.c: In function 'TRIGGER_IRQ_init':
D:/github/adamShiau_FPGA/intel_IP/IRIS/NIOS/IRIS_CPU_V1_0/IRIS_CPU_V1_0.c:254:34: error: 'SYNC_IN_BASE' undeclared (first use in this function)
  IOWR_ALTERA_AVALON_PIO_EDGE_CAP(SYNC_IN_BASE, 1); //clear edge capture register
                                  ^
../IRIS_CPU_V1_0_bsp//HAL/inc/io.h:70:23: note: in definition of macro '__IO_CALC_ADDRESS_NATIVE'
   ((void *)(((alt_u8*)BASE) + ((REGNUM) * (SYSTEM_BUS_WIDTH/8))))
                       ^
../IRIS_CPU_V1_0_bsp//drivers/inc/altera_avalon_pio_regs.h:50:55: note: in expansion of macro 'IOWR'
 #define IOWR_ALTERA_AVALON_PIO_EDGE_CAP(base, data)   IOWR(base, 3, data)
                                                       ^
D:/github/adamShiau_FPGA/intel_IP/IRIS/NIOS/IRIS_CPU_V1_0/IRIS_CPU_V1_0.c:254:2: note: in expansion of macro 'IOWR_ALTERA_AVALON_PIO_EDGE_CAP'
  IOWR_ALTERA_AVALON_PIO_EDGE_CAP(SYNC_IN_BASE, 1); //clear edge capture register
  ^
D:/github/adamShiau_FPGA/intel_IP/IRIS/NIOS/IRIS_CPU_V1_0/IRIS_CPU_V1_0.c:254:34: note: each undeclared identifier is reported only once for each function it appears in
  IOWR_ALTERA_AVALON_PIO_EDGE_CAP(SYNC_IN_BASE, 1); //clear edge capture register
                                  ^
../IRIS_CPU_V1_0_bsp//HAL/inc/io.h:70:23: note: in definition of macro '__IO_CALC_ADDRESS_NATIVE'
   ((void *)(((alt_u8*)BASE) + ((REGNUM) * (SYSTEM_BUS_WIDTH/8))))
                       ^
../IRIS_CPU_V1_0_bsp//drivers/inc/altera_avalon_pio_regs.h:50:55: note: in expansion of macro 'IOWR'
 #define IOWR_ALTERA_AVALON_PIO_EDGE_CAP(base, data)   IOWR(base, 3, data)
                                                       ^
D:/github/adamShiau_FPGA/intel_IP/IRIS/NIOS/IRIS_CPU_V1_0/IRIS_CPU_V1_0.c:254:2: note: in expansion of macro 'IOWR_ALTERA_AVALON_PIO_EDGE_CAP'
  IOWR_ALTERA_AVALON_PIO_EDGE_CAP(SYNC_IN_BASE, 1); //clear edge capture register
  ^
D:/github/adamShiau_FPGA/intel_IP/IRIS/NIOS/IRIS_CPU_V1_0/IRIS_CPU_V1_0.c:257:2: error: 'SYNC_IN_IRQ_INTERRUPT_CONTROLLER_ID' undeclared (first use in this function)
  SYNC_IN_IRQ_INTERRUPT_CONTROLLER_ID,
  ^
D:/github/adamShiau_FPGA/intel_IP/IRIS/NIOS/IRIS_CPU_V1_0/IRIS_CPU_V1_0.c:258:2: error: 'SYNC_IN_IRQ' undeclared (first use in this function)
  SYNC_IN_IRQ,
  ^
In file included from ../IRIS_CPU_V1_0_bsp//drivers/inc/altera_avalon_uart_regs.h:34:0,
                 from D:/github/adamShiau_FPGA/intel_IP/IRIS/NIOS/IRIS_CPU_V1_0/IRIS_CPU_V1_0.c:6:
D:/github/adamShiau_FPGA/intel_IP/IRIS/NIOS/IRIS_CPU_V1_0/IRIS_CPU_V1_0.c: In function 'IRQ_TRIGGER_ISR':
D:/github/adamShiau_FPGA/intel_IP/IRIS/NIOS/IRIS_CPU_V1_0/IRIS_CPU_V1_0.c:267:34: error: 'SYNC_IN_BASE' undeclared (first use in this function)
  IOWR_ALTERA_AVALON_PIO_EDGE_CAP(SYNC_IN_BASE, 1); //clear edge capture register
                                  ^
../IRIS_CPU_V1_0_bsp//HAL/inc/io.h:70:23: note: in definition of macro '__IO_CALC_ADDRESS_NATIVE'
   ((void *)(((alt_u8*)BASE) + ((REGNUM) * (SYSTEM_BUS_WIDTH/8))))
                       ^
../IRIS_CPU_V1_0_bsp//drivers/inc/altera_avalon_pio_regs.h:50:55: note: in expansion of macro 'IOWR'
 #define IOWR_ALTERA_AVALON_PIO_EDGE_CAP(base, data)   IOWR(base, 3, data)
                                                       ^
D:/github/adamShiau_FPGA/intel_IP/IRIS/NIOS/IRIS_CPU_V1_0/IRIS_CPU_V1_0.c:267:2: note: in expansion of macro 'IOWR_ALTERA_AVALON_PIO_EDGE_CAP'
  IOWR_ALTERA_AVALON_PIO_EDGE_CAP(SYNC_IN_BASE, 1); //clear edge capture register
  ^
make: *** [obj/default//D/github/adamShiau_FPGA/intel_IP/IRIS/NIOS/IRIS_CPU_V1_0/IRIS_CPU_V1_0.o] Error 1
18:36:15 **** Build of configuration Nios II for project IRIS_CPU_V1_0_bsp ****
make all 
[BSP build complete]
10:46:22 **** Incremental Build of configuration Nios II for project IRIS_CPU_V1_0 ****
make all 
Info: Building ../IRIS_CPU_V1_0_bsp/
D:/intelFPGA_lite/18.1/nios2eds/bin/gnu/H-x86_64-mingw32/bin/make --no-print-directory -C ../IRIS_CPU_V1_0_bsp/
[BSP build complete]
Info: Compiling D:/github/adamShiau_FPGA/intel_IP/IRIS/NIOS/IRIS_CPU_V1_0/IRIS_CPU_V1_0.c to obj/default//D/github/adamShiau_FPGA/intel_IP/IRIS/NIOS/IRIS_CPU_V1_0/IRIS_CPU_V1_0.o
nios2-elf-gcc -xc -MP -MMD -c -ID:\github\adamShiau_FPGA\intel_IP\IRIS\NIOS\IRIS_CPU_V1_0\include -I../IRIS_CPU_V1_0_bsp//HAL/inc -I../IRIS_CPU_V1_0_bsp/ -I../IRIS_CPU_V1_0_bsp//drivers/inc  -pipe -D__hal__ -DALT_NO_INSTRUCTION_EMULATION -DALT_SINGLE_THREADED    -O0 -g -Wall   -mno-hw-div -mno-hw-mul -mno-hw-mulx -mgpopt=global  -o obj/default//D/github/adamShiau_FPGA/intel_IP/IRIS/NIOS/IRIS_CPU_V1_0/IRIS_CPU_V1_0.o D:/github/adamShiau_FPGA/intel_IP/IRIS/NIOS/IRIS_CPU_V1_0/IRIS_CPU_V1_0.c
In file included from D:\github\adamShiau_FPGA\intel_IP\IRIS\NIOS\IRIS_CPU_V1_0\include/IRIS.h:21:0,
                 from D:/github/adamShiau_FPGA/intel_IP/IRIS/NIOS/IRIS_CPU_V1_0/IRIS_CPU_V1_0.c:7:
D:\github\adamShiau_FPGA\intel_IP\IRIS\NIOS\IRIS_CPU_V1_0\include/common.h:26:0: warning: "DEBUG_PRINT" redefined
     #define DEBUG_PRINT(...) uart_printf_dbg(__VA_ARGS__)
 ^
D:\github\adamShiau_FPGA\intel_IP\IRIS\NIOS\IRIS_CPU_V1_0\include/common.h:15:0: note: this is the location of the previous definition
  #define DEBUG_PRINT
 ^
D:/github/adamShiau_FPGA/intel_IP/IRIS/NIOS/IRIS_CPU_V1_0/IRIS_CPU_V1_0.c:63:8: error: expected declaration specifiers or '...' before '&' token
 memset(&sensor_data, 0, sizeof(sensor_data));
        ^
D:/github/adamShiau_FPGA/intel_IP/IRIS/NIOS/IRIS_CPU_V1_0/IRIS_CPU_V1_0.c:63:22: error: expected declaration specifiers or '...' before numeric constant
 memset(&sensor_data, 0, sizeof(sensor_data));
                      ^
D:/github/adamShiau_FPGA/intel_IP/IRIS/NIOS/IRIS_CPU_V1_0/IRIS_CPU_V1_0.c:63:25: error: expected declaration specifiers or '...' before 'sizeof'
 memset(&sensor_data, 0, sizeof(sensor_data));
                         ^
D:/github/adamShiau_FPGA/intel_IP/IRIS/NIOS/IRIS_CPU_V1_0/IRIS_CPU_V1_0.c: In function 'monitor_reg':
D:/github/adamShiau_FPGA/intel_IP/IRIS/NIOS/IRIS_CPU_V1_0/IRIS_CPU_V1_0.c:161:18: warning: type defaults to 'int' in declaration of 'DELAY_NUM' [-Wimplicit-int]
     static const DELAY_NUM = 5000;
                  ^
D:/github/adamShiau_FPGA/intel_IP/IRIS/NIOS/IRIS_CPU_V1_0/IRIS_CPU_V1_0.c: In function 'dbg_mems':
D:/github/adamShiau_FPGA/intel_IP/IRIS/NIOS/IRIS_CPU_V1_0/IRIS_CPU_V1_0.c:180:18: warning: type defaults to 'int' in declaration of 'DELAY_NUM' [-Wimplicit-int]
     static const DELAY_NUM = 100;
                  ^
In file included from ../IRIS_CPU_V1_0_bsp//drivers/inc/altera_avalon_uart_regs.h:34:0,
                 from D:/github/adamShiau_FPGA/intel_IP/IRIS/NIOS/IRIS_CPU_V1_0/IRIS_CPU_V1_0.c:6:
D:/github/adamShiau_FPGA/intel_IP/IRIS/NIOS/IRIS_CPU_V1_0/IRIS_CPU_V1_0.c: In function 'update_sensor_data':
D:/github/adamShiau_FPGA/intel_IP/IRIS/NIOS/IRIS_CPU_V1_0/IRIS_CPU_V1_0.c:206:53: error: 'i_var_err' undeclared (first use in this function)
      data->fog.fogz.err.int_val = IORD(VARSET_BASE, i_var_err);
                                                     ^
../IRIS_CPU_V1_0_bsp//HAL/inc/io.h:70:33: note: in definition of macro '__IO_CALC_ADDRESS_NATIVE'
   ((void *)(((alt_u8*)BASE) + ((REGNUM) * (SYSTEM_BUS_WIDTH/8))))
                                 ^
D:/github/adamShiau_FPGA/intel_IP/IRIS/NIOS/IRIS_CPU_V1_0/IRIS_CPU_V1_0.c:206:35: note: in expansion of macro 'IORD'
      data->fog.fogz.err.int_val = IORD(VARSET_BASE, i_var_err);
                                   ^
D:/github/adamShiau_FPGA/intel_IP/IRIS/NIOS/IRIS_CPU_V1_0/IRIS_CPU_V1_0.c:206:53: note: each undeclared identifier is reported only once for each function it appears in
      data->fog.fogz.err.int_val = IORD(VARSET_BASE, i_var_err);
                                                     ^
../IRIS_CPU_V1_0_bsp//HAL/inc/io.h:70:33: note: in definition of macro '__IO_CALC_ADDRESS_NATIVE'
   ((void *)(((alt_u8*)BASE) + ((REGNUM) * (SYSTEM_BUS_WIDTH/8))))
                                 ^
D:/github/adamShiau_FPGA/intel_IP/IRIS/NIOS/IRIS_CPU_V1_0/IRIS_CPU_V1_0.c:206:35: note: in expansion of macro 'IORD'
      data->fog.fogz.err.int_val = IORD(VARSET_BASE, i_var_err);
                                   ^
D:/github/adamShiau_FPGA/intel_IP/IRIS/NIOS/IRIS_CPU_V1_0/IRIS_CPU_V1_0.c:207:54: error: 'i_var_step' undeclared (first use in this function)
      data->fog.fogz.step.int_val = IORD(VARSET_BASE, i_var_step);
                                                      ^
../IRIS_CPU_V1_0_bsp//HAL/inc/io.h:70:33: note: in definition of macro '__IO_CALC_ADDRESS_NATIVE'
   ((void *)(((alt_u8*)BASE) + ((REGNUM) * (SYSTEM_BUS_WIDTH/8))))
                                 ^
D:/github/adamShiau_FPGA/intel_IP/IRIS/NIOS/IRIS_CPU_V1_0/IRIS_CPU_V1_0.c:207:36: note: in expansion of macro 'IORD'
      data->fog.fogz.step.int_val = IORD(VARSET_BASE, i_var_step);
                                    ^
D:/github/adamShiau_FPGA/intel_IP/IRIS/NIOS/IRIS_CPU_V1_0/IRIS_CPU_V1_0.c:208:56: error: 'i_var_accu_step_H' undeclared (first use in this function)
      data->fog.fogz.step_H.int_val = IORD(VARSET_BASE, i_var_accu_step_H);
                                                        ^
../IRIS_CPU_V1_0_bsp//HAL/inc/io.h:70:33: note: in definition of macro '__IO_CALC_ADDRESS_NATIVE'
   ((void *)(((alt_u8*)BASE) + ((REGNUM) * (SYSTEM_BUS_WIDTH/8))))
                                 ^
D:/github/adamShiau_FPGA/intel_IP/IRIS/NIOS/IRIS_CPU_V1_0/IRIS_CPU_V1_0.c:208:38: note: in expansion of macro 'IORD'
      data->fog.fogz.step_H.int_val = IORD(VARSET_BASE, i_var_accu_step_H);
                                      ^
D:/github/adamShiau_FPGA/intel_IP/IRIS/NIOS/IRIS_CPU_V1_0/IRIS_CPU_V1_0.c:209:55: error: 'i_var_accu_step_L' undeclared (first use in this function)
     data->fog.fogz.step_L.int_val = IORD(VARSET_BASE, i_var_accu_step_L);
                                                       ^
../IRIS_CPU_V1_0_bsp//HAL/inc/io.h:70:33: note: in definition of macro '__IO_CALC_ADDRESS_NATIVE'
   ((void *)(((alt_u8*)BASE) + ((REGNUM) * (SYSTEM_BUS_WIDTH/8))))
                                 ^
D:/github/adamShiau_FPGA/intel_IP/IRIS/NIOS/IRIS_CPU_V1_0/IRIS_CPU_V1_0.c:209:37: note: in expansion of macro 'IORD'
     data->fog.fogz.step_L.int_val = IORD(VARSET_BASE, i_var_accu_step_L);
                                     ^
D:/github/adamShiau_FPGA/intel_IP/IRIS/NIOS/IRIS_CPU_V1_0/IRIS_CPU_V1_0.c:210:57: error: 'i_var_accu_step_cnt' undeclared (first use in this function)
     data->fog.fogz.step_cnt.int_val = IORD(VARSET_BASE, i_var_accu_step_cnt);
                                                         ^
../IRIS_CPU_V1_0_bsp//HAL/inc/io.h:70:33: note: in definition of macro '__IO_CALC_ADDRESS_NATIVE'
   ((void *)(((alt_u8*)BASE) + ((REGNUM) * (SYSTEM_BUS_WIDTH/8))))
                                 ^
D:/github/adamShiau_FPGA/intel_IP/IRIS/NIOS/IRIS_CPU_V1_0/IRIS_CPU_V1_0.c:210:39: note: in expansion of macro 'IORD'
     data->fog.fogz.step_cnt.int_val = IORD(VARSET_BASE, i_var_accu_step_cnt);
                                       ^
D:/github/adamShiau_FPGA/intel_IP/IRIS/NIOS/IRIS_CPU_V1_0/IRIS_CPU_V1_0.c:212:55: error: 'i_var_i2c_ads122c04_rdata_1' undeclared (first use in this function)
      data->ads122c04.ain0.int_val = IORD(VARSET_BASE, i_var_i2c_ads122c04_rdata_1);
                                                       ^
../IRIS_CPU_V1_0_bsp//HAL/inc/io.h:70:33: note: in definition of macro '__IO_CALC_ADDRESS_NATIVE'
   ((void *)(((alt_u8*)BASE) + ((REGNUM) * (SYSTEM_BUS_WIDTH/8))))
                                 ^
D:/github/adamShiau_FPGA/intel_IP/IRIS/NIOS/IRIS_CPU_V1_0/IRIS_CPU_V1_0.c:212:37: note: in expansion of macro 'IORD'
      data->ads122c04.ain0.int_val = IORD(VARSET_BASE, i_var_i2c_ads122c04_rdata_1);
                                     ^
D:/github/adamShiau_FPGA/intel_IP/IRIS/NIOS/IRIS_CPU_V1_0/IRIS_CPU_V1_0.c:213:55: error: 'i_var_i2c_ads122c04_rdata_2' undeclared (first use in this function)
      data->ads122c04.ain1.int_val = IORD(VARSET_BASE, i_var_i2c_ads122c04_rdata_2);
                                                       ^
../IRIS_CPU_V1_0_bsp//HAL/inc/io.h:70:33: note: in definition of macro '__IO_CALC_ADDRESS_NATIVE'
   ((void *)(((alt_u8*)BASE) + ((REGNUM) * (SYSTEM_BUS_WIDTH/8))))
                                 ^
D:/github/adamShiau_FPGA/intel_IP/IRIS/NIOS/IRIS_CPU_V1_0/IRIS_CPU_V1_0.c:213:37: note: in expansion of macro 'IORD'
      data->ads122c04.ain1.int_val = IORD(VARSET_BASE, i_var_i2c_ads122c04_rdata_2);
                                     ^
D:/github/adamShiau_FPGA/intel_IP/IRIS/NIOS/IRIS_CPU_V1_0/IRIS_CPU_V1_0.c:214:55: error: 'i_var_i2c_ads122c04_rdata_3' undeclared (first use in this function)
      data->ads122c04.ain2.int_val = IORD(VARSET_BASE, i_var_i2c_ads122c04_rdata_3);
                                                       ^
../IRIS_CPU_V1_0_bsp//HAL/inc/io.h:70:33: note: in definition of macro '__IO_CALC_ADDRESS_NATIVE'
   ((void *)(((alt_u8*)BASE) + ((REGNUM) * (SYSTEM_BUS_WIDTH/8))))
                                 ^
D:/github/adamShiau_FPGA/intel_IP/IRIS/NIOS/IRIS_CPU_V1_0/IRIS_CPU_V1_0.c:214:37: note: in expansion of macro 'IORD'
      data->ads122c04.ain2.int_val = IORD(VARSET_BASE, i_var_i2c_ads122c04_rdata_3);
                                     ^
D:/github/adamShiau_FPGA/intel_IP/IRIS/NIOS/IRIS_CPU_V1_0/IRIS_CPU_V1_0.c:215:55: error: 'i_var_i2c_ads122c04_rdata_4' undeclared (first use in this function)
      data->ads122c04.ain3.int_val = IORD(VARSET_BASE, i_var_i2c_ads122c04_rdata_4);
                                                       ^
../IRIS_CPU_V1_0_bsp//HAL/inc/io.h:70:33: note: in definition of macro '__IO_CALC_ADDRESS_NATIVE'
   ((void *)(((alt_u8*)BASE) + ((REGNUM) * (SYSTEM_BUS_WIDTH/8))))
                                 ^
D:/github/adamShiau_FPGA/intel_IP/IRIS/NIOS/IRIS_CPU_V1_0/IRIS_CPU_V1_0.c:215:37: note: in expansion of macro 'IORD'
      data->ads122c04.ain3.int_val = IORD(VARSET_BASE, i_var_i2c_ads122c04_rdata_4);
                                     ^
D:/github/adamShiau_FPGA/intel_IP/IRIS/NIOS/IRIS_CPU_V1_0/IRIS_CPU_V1_0.c:221:54: error: 'i_var_i2c_IMU_rdata_1' undeclared (first use in this function)
      data->asm330lhhx.wx.int_val = IORD(VARSET_BASE, i_var_i2c_IMU_rdata_1);
                                                      ^
../IRIS_CPU_V1_0_bsp//HAL/inc/io.h:70:33: note: in definition of macro '__IO_CALC_ADDRESS_NATIVE'
   ((void *)(((alt_u8*)BASE) + ((REGNUM) * (SYSTEM_BUS_WIDTH/8))))
                                 ^
D:/github/adamShiau_FPGA/intel_IP/IRIS/NIOS/IRIS_CPU_V1_0/IRIS_CPU_V1_0.c:221:36: note: in expansion of macro 'IORD'
      data->asm330lhhx.wx.int_val = IORD(VARSET_BASE, i_var_i2c_IMU_rdata_1);
                                    ^
D:/github/adamShiau_FPGA/intel_IP/IRIS/NIOS/IRIS_CPU_V1_0/IRIS_CPU_V1_0.c:222:54: error: 'i_var_i2c_IMU_rdata_2' undeclared (first use in this function)
      data->asm330lhhx.wy.int_val = IORD(VARSET_BASE, i_var_i2c_IMU_rdata_2);
                                                      ^
../IRIS_CPU_V1_0_bsp//HAL/inc/io.h:70:33: note: in definition of macro '__IO_CALC_ADDRESS_NATIVE'
   ((void *)(((alt_u8*)BASE) + ((REGNUM) * (SYSTEM_BUS_WIDTH/8))))
                                 ^
D:/github/adamShiau_FPGA/intel_IP/IRIS/NIOS/IRIS_CPU_V1_0/IRIS_CPU_V1_0.c:222:36: note: in expansion of macro 'IORD'
      data->asm330lhhx.wy.int_val = IORD(VARSET_BASE, i_var_i2c_IMU_rdata_2);
                                    ^
D:/github/adamShiau_FPGA/intel_IP/IRIS/NIOS/IRIS_CPU_V1_0/IRIS_CPU_V1_0.c:223:54: error: 'i_var_i2c_IMU_rdata_3' undeclared (first use in this function)
      data->asm330lhhx.wz.int_val = IORD(VARSET_BASE, i_var_i2c_IMU_rdata_3);
                                                      ^
../IRIS_CPU_V1_0_bsp//HAL/inc/io.h:70:33: note: in definition of macro '__IO_CALC_ADDRESS_NATIVE'
   ((void *)(((alt_u8*)BASE) + ((REGNUM) * (SYSTEM_BUS_WIDTH/8))))
                                 ^
D:/github/adamShiau_FPGA/intel_IP/IRIS/NIOS/IRIS_CPU_V1_0/IRIS_CPU_V1_0.c:223:36: note: in expansion of macro 'IORD'
      data->asm330lhhx.wz.int_val = IORD(VARSET_BASE, i_var_i2c_IMU_rdata_3);
                                    ^
D:/github/adamShiau_FPGA/intel_IP/IRIS/NIOS/IRIS_CPU_V1_0/IRIS_CPU_V1_0.c:224:54: error: 'i_var_i2c_IMU_rdata_4' undeclared (first use in this function)
      data->asm330lhhx.ax.int_val = IORD(VARSET_BASE, i_var_i2c_IMU_rdata_4);
                                                      ^
../IRIS_CPU_V1_0_bsp//HAL/inc/io.h:70:33: note: in definition of macro '__IO_CALC_ADDRESS_NATIVE'
   ((void *)(((alt_u8*)BASE) + ((REGNUM) * (SYSTEM_BUS_WIDTH/8))))
                                 ^
D:/github/adamShiau_FPGA/intel_IP/IRIS/NIOS/IRIS_CPU_V1_0/IRIS_CPU_V1_0.c:224:36: note: in expansion of macro 'IORD'
      data->asm330lhhx.ax.int_val = IORD(VARSET_BASE, i_var_i2c_IMU_rdata_4);
                                    ^
D:/github/adamShiau_FPGA/intel_IP/IRIS/NIOS/IRIS_CPU_V1_0/IRIS_CPU_V1_0.c:225:54: error: 'i_var_i2c_IMU_rdata_5' undeclared (first use in this function)
      data->asm330lhhx.ay.int_val = IORD(VARSET_BASE, i_var_i2c_IMU_rdata_5);
                                                      ^
../IRIS_CPU_V1_0_bsp//HAL/inc/io.h:70:33: note: in definition of macro '__IO_CALC_ADDRESS_NATIVE'
   ((void *)(((alt_u8*)BASE) + ((REGNUM) * (SYSTEM_BUS_WIDTH/8))))
                                 ^
D:/github/adamShiau_FPGA/intel_IP/IRIS/NIOS/IRIS_CPU_V1_0/IRIS_CPU_V1_0.c:225:36: note: in expansion of macro 'IORD'
      data->asm330lhhx.ay.int_val = IORD(VARSET_BASE, i_var_i2c_IMU_rdata_5);
                                    ^
D:/github/adamShiau_FPGA/intel_IP/IRIS/NIOS/IRIS_CPU_V1_0/IRIS_CPU_V1_0.c:226:54: error: 'i_var_i2c_IMU_rdata_6' undeclared (first use in this function)
      data->asm330lhhx.az.int_val = IORD(VARSET_BASE, i_var_i2c_IMU_rdata_6);
                                                      ^
../IRIS_CPU_V1_0_bsp//HAL/inc/io.h:70:33: note: in definition of macro '__IO_CALC_ADDRESS_NATIVE'
   ((void *)(((alt_u8*)BASE) + ((REGNUM) * (SYSTEM_BUS_WIDTH/8))))
                                 ^
D:/github/adamShiau_FPGA/intel_IP/IRIS/NIOS/IRIS_CPU_V1_0/IRIS_CPU_V1_0.c:226:36: note: in expansion of macro 'IORD'
      data->asm330lhhx.az.int_val = IORD(VARSET_BASE, i_var_i2c_IMU_rdata_6);
                                    ^
D:/github/adamShiau_FPGA/intel_IP/IRIS/NIOS/IRIS_CPU_V1_0/IRIS_CPU_V1_0.c:227:56: error: 'i_var_i2c_IMU_rdata_7' undeclared (first use in this function)
      data->asm330lhhx.temp.int_val = IORD(VARSET_BASE, i_var_i2c_IMU_rdata_7);
                                                        ^
../IRIS_CPU_V1_0_bsp//HAL/inc/io.h:70:33: note: in definition of macro '__IO_CALC_ADDRESS_NATIVE'
   ((void *)(((alt_u8*)BASE) + ((REGNUM) * (SYSTEM_BUS_WIDTH/8))))
                                 ^
D:/github/adamShiau_FPGA/intel_IP/IRIS/NIOS/IRIS_CPU_V1_0/IRIS_CPU_V1_0.c:227:38: note: in expansion of macro 'IORD'
      data->asm330lhhx.temp.int_val = IORD(VARSET_BASE, i_var_i2c_IMU_rdata_7);
                                      ^
D:/github/adamShiau_FPGA/intel_IP/IRIS/NIOS/IRIS_CPU_V1_0/IRIS_CPU_V1_0.c: In function 'TRIGGER_IRQ_init':
D:/github/adamShiau_FPGA/intel_IP/IRIS/NIOS/IRIS_CPU_V1_0/IRIS_CPU_V1_0.c:253:34: error: 'SYNC_IN_BASE' undeclared (first use in this function)
  IOWR_ALTERA_AVALON_PIO_EDGE_CAP(SYNC_IN_BASE, 1); //clear edge capture register
                                  ^
../IRIS_CPU_V1_0_bsp//HAL/inc/io.h:70:23: note: in definition of macro '__IO_CALC_ADDRESS_NATIVE'
   ((void *)(((alt_u8*)BASE) + ((REGNUM) * (SYSTEM_BUS_WIDTH/8))))
                       ^
../IRIS_CPU_V1_0_bsp//drivers/inc/altera_avalon_pio_regs.h:50:55: note: in expansion of macro 'IOWR'
 #define IOWR_ALTERA_AVALON_PIO_EDGE_CAP(base, data)   IOWR(base, 3, data)
                                                       ^
D:/github/adamShiau_FPGA/intel_IP/IRIS/NIOS/IRIS_CPU_V1_0/IRIS_CPU_V1_0.c:253:2: note: in expansion of macro 'IOWR_ALTERA_AVALON_PIO_EDGE_CAP'
  IOWR_ALTERA_AVALON_PIO_EDGE_CAP(SYNC_IN_BASE, 1); //clear edge capture register
  ^
D:/github/adamShiau_FPGA/intel_IP/IRIS/NIOS/IRIS_CPU_V1_0/IRIS_CPU_V1_0.c:256:2: error: 'SYNC_IN_IRQ_INTERRUPT_CONTROLLER_ID' undeclared (first use in this function)
  SYNC_IN_IRQ_INTERRUPT_CONTROLLER_ID,
  ^
D:/github/adamShiau_FPGA/intel_IP/IRIS/NIOS/IRIS_CPU_V1_0/IRIS_CPU_V1_0.c:257:2: error: 'SYNC_IN_IRQ' undeclared (first use in this function)
  SYNC_IN_IRQ,
  ^
In file included from ../IRIS_CPU_V1_0_bsp//drivers/inc/altera_avalon_uart_regs.h:34:0,
                 from D:/github/adamShiau_FPGA/intel_IP/IRIS/NIOS/IRIS_CPU_V1_0/IRIS_CPU_V1_0.c:6:
D:/github/adamShiau_FPGA/intel_IP/IRIS/NIOS/IRIS_CPU_V1_0/IRIS_CPU_V1_0.c: In function 'IRQ_TRIGGER_ISR':
D:/github/adamShiau_FPGA/intel_IP/IRIS/NIOS/IRIS_CPU_V1_0/IRIS_CPU_V1_0.c:266:34: error: 'SYNC_IN_BASE' undeclared (first use in this function)
  IOWR_ALTERA_AVALON_PIO_EDGE_CAP(SYNC_IN_BASE, 1); //clear edge capture register
                                  ^
../IRIS_CPU_V1_0_bsp//HAL/inc/io.h:70:23: note: in definition of macro '__IO_CALC_ADDRESS_NATIVE'
   ((void *)(((alt_u8*)BASE) + ((REGNUM) * (SYSTEM_BUS_WIDTH/8))))
                       ^
../IRIS_CPU_V1_0_bsp//drivers/inc/altera_avalon_pio_regs.h:50:55: note: in expansion of macro 'IOWR'
 #define IOWR_ALTERA_AVALON_PIO_EDGE_CAP(base, data)   IOWR(base, 3, data)
                                                       ^
D:/github/adamShiau_FPGA/intel_IP/IRIS/NIOS/IRIS_CPU_V1_0/IRIS_CPU_V1_0.c:266:2: note: in expansion of macro 'IOWR_ALTERA_AVALON_PIO_EDGE_CAP'
  IOWR_ALTERA_AVALON_PIO_EDGE_CAP(SYNC_IN_BASE, 1); //clear edge capture register
  ^
make: *** [obj/default//D/github/adamShiau_FPGA/intel_IP/IRIS/NIOS/IRIS_CPU_V1_0/IRIS_CPU_V1_0.o] Error 1
10:46:25 **** Incremental Build of configuration Nios II for project IRIS_CPU_V1_0_bsp ****
make all 
[BSP build complete]
