16:26:07 **** Incremental Build of configuration Nios II for project IRIS1_CPU_V01_7 ****
make all 
Info: Building ../IRIS1_CPU_V01_7_bsp/
D:/intelFPGA_lite/18.1/nios2eds/bin/gnu/H-x86_64-mingw32/bin/make --no-print-directory -C ../IRIS1_CPU_V01_7_bsp/
[BSP build complete]
Info: Compiling D:/github/adamShiau_FPGA/intel_IP/IRIS/NIOS/IRIS1_CPU_V01_7/IRIS1_CPU_V01_7.c to obj/default//D/github/adamShiau_FPGA/intel_IP/IRIS/NIOS/IRIS1_CPU_V01_7/IRIS1_CPU_V01_7.o
nios2-elf-gcc -xc -MP -MMD -c -ID:\github\adamShiau_FPGA\intel_IP\IRIS\NIOS\IRIS1_CPU_V01_7\include -I../IRIS1_CPU_V01_7_bsp//HAL/inc -I../IRIS1_CPU_V01_7_bsp/ -I../IRIS1_CPU_V01_7_bsp//drivers/inc  -pipe -D__hal__ -DALT_NO_INSTRUCTION_EMULATION -DALT_SINGLE_THREADED    -O0 -g -Wall   -mno-hw-div -mno-hw-mul -mno-hw-mulx -mgpopt=global  -o obj/default//D/github/adamShiau_FPGA/intel_IP/IRIS/NIOS/IRIS1_CPU_V01_7/IRIS1_CPU_V01_7.o D:/github/adamShiau_FPGA/intel_IP/IRIS/NIOS/IRIS1_CPU_V01_7/IRIS1_CPU_V01_7.c
In file included from D:\github\adamShiau_FPGA\intel_IP\IRIS\NIOS\IRIS1_CPU_V01_7\include/IRIS1_V1.h:17:0,
                 from D:/github/adamShiau_FPGA/intel_IP/IRIS/NIOS/IRIS1_CPU_V01_7/IRIS1_CPU_V01_7.c:8:
D:\github\adamShiau_FPGA\intel_IP\IRIS\NIOS\IRIS1_CPU_V01_7\include/common.h:24:0: warning: "DEBUG_PRINT" redefined
     #define DEBUG_PRINT(...) uart_printf_dbg(__VA_ARGS__)
 ^
D:\github\adamShiau_FPGA\intel_IP\IRIS\NIOS\IRIS1_CPU_V01_7\include/common.h:13:0: note: this is the location of the previous definition
  #define DEBUG_PRINT
 ^
Info: Compiling D:/github/adamShiau_FPGA/intel_IP/IRIS/NIOS/IRIS1_CPU_V01_7/lib/acq_fog.c to obj/default//D/github/adamShiau_FPGA/intel_IP/IRIS/NIOS/IRIS1_CPU_V01_7/lib/acq_fog.o
nios2-elf-gcc -xc -MP -MMD -c -ID:\github\adamShiau_FPGA\intel_IP\IRIS\NIOS\IRIS1_CPU_V01_7\include -I../IRIS1_CPU_V01_7_bsp//HAL/inc -I../IRIS1_CPU_V01_7_bsp/ -I../IRIS1_CPU_V01_7_bsp//drivers/inc  -pipe -D__hal__ -DALT_NO_INSTRUCTION_EMULATION -DALT_SINGLE_THREADED    -O0 -g -Wall   -mno-hw-div -mno-hw-mul -mno-hw-mulx -mgpopt=global  -o obj/default//D/github/adamShiau_FPGA/intel_IP/IRIS/NIOS/IRIS1_CPU_V01_7/lib/acq_fog.o D:/github/adamShiau_FPGA/intel_IP/IRIS/NIOS/IRIS1_CPU_V01_7/lib/acq_fog.c
In file included from D:\github\adamShiau_FPGA\intel_IP\IRIS\NIOS\IRIS1_CPU_V01_7\include/acq_fog.h:8:0,
                 from D:/github/adamShiau_FPGA/intel_IP/IRIS/NIOS/IRIS1_CPU_V01_7/lib/acq_fog.c:2:
D:\github\adamShiau_FPGA\intel_IP\IRIS\NIOS\IRIS1_CPU_V01_7\include/common.h:24:0: warning: "DEBUG_PRINT" redefined
     #define DEBUG_PRINT(...) uart_printf_dbg(__VA_ARGS__)
 ^
D:\github\adamShiau_FPGA\intel_IP\IRIS\NIOS\IRIS1_CPU_V01_7\include/common.h:13:0: note: this is the location of the previous definition
  #define DEBUG_PRINT
 ^
Info: Compiling D:/github/adamShiau_FPGA/intel_IP/IRIS/NIOS/IRIS1_CPU_V01_7/lib/acq_imu.c to obj/default//D/github/adamShiau_FPGA/intel_IP/IRIS/NIOS/IRIS1_CPU_V01_7/lib/acq_imu.o
nios2-elf-gcc -xc -MP -MMD -c -ID:\github\adamShiau_FPGA\intel_IP\IRIS\NIOS\IRIS1_CPU_V01_7\include -I../IRIS1_CPU_V01_7_bsp//HAL/inc -I../IRIS1_CPU_V01_7_bsp/ -I../IRIS1_CPU_V01_7_bsp//drivers/inc  -pipe -D__hal__ -DALT_NO_INSTRUCTION_EMULATION -DALT_SINGLE_THREADED    -O0 -g -Wall   -mno-hw-div -mno-hw-mul -mno-hw-mulx -mgpopt=global  -o obj/default//D/github/adamShiau_FPGA/intel_IP/IRIS/NIOS/IRIS1_CPU_V01_7/lib/acq_imu.o D:/github/adamShiau_FPGA/intel_IP/IRIS/NIOS/IRIS1_CPU_V01_7/lib/acq_imu.c
In file included from D:\github\adamShiau_FPGA\intel_IP\IRIS\NIOS\IRIS1_CPU_V01_7\include/acq_imu.h:8:0,
                 from D:/github/adamShiau_FPGA/intel_IP/IRIS/NIOS/IRIS1_CPU_V01_7/lib/acq_imu.c:2:
D:\github\adamShiau_FPGA\intel_IP\IRIS\NIOS\IRIS1_CPU_V01_7\include/common.h:24:0: warning: "DEBUG_PRINT" redefined
     #define DEBUG_PRINT(...) uart_printf_dbg(__VA_ARGS__)
 ^
D:\github\adamShiau_FPGA\intel_IP\IRIS\NIOS\IRIS1_CPU_V01_7\include/common.h:13:0: note: this is the location of the previous definition
  #define DEBUG_PRINT
 ^
Info: Compiling D:/github/adamShiau_FPGA/intel_IP/IRIS/NIOS/IRIS1_CPU_V01_7/lib/acq_rst.c to obj/default//D/github/adamShiau_FPGA/intel_IP/IRIS/NIOS/IRIS1_CPU_V01_7/lib/acq_rst.o
nios2-elf-gcc -xc -MP -MMD -c -ID:\github\adamShiau_FPGA\intel_IP\IRIS\NIOS\IRIS1_CPU_V01_7\include -I../IRIS1_CPU_V01_7_bsp//HAL/inc -I../IRIS1_CPU_V01_7_bsp/ -I../IRIS1_CPU_V01_7_bsp//drivers/inc  -pipe -D__hal__ -DALT_NO_INSTRUCTION_EMULATION -DALT_SINGLE_THREADED    -O0 -g -Wall   -mno-hw-div -mno-hw-mul -mno-hw-mulx -mgpopt=global  -o obj/default//D/github/adamShiau_FPGA/intel_IP/IRIS/NIOS/IRIS1_CPU_V01_7/lib/acq_rst.o D:/github/adamShiau_FPGA/intel_IP/IRIS/NIOS/IRIS1_CPU_V01_7/lib/acq_rst.c
In file included from D:\github\adamShiau_FPGA\intel_IP\IRIS\NIOS\IRIS1_CPU_V01_7\include/acq_rst.h:8:0,
                 from D:/github/adamShiau_FPGA/intel_IP/IRIS/NIOS/IRIS1_CPU_V01_7/lib/acq_rst.c:2:
D:\github\adamShiau_FPGA\intel_IP\IRIS\NIOS\IRIS1_CPU_V01_7\include/common.h:24:0: warning: "DEBUG_PRINT" redefined
     #define DEBUG_PRINT(...) uart_printf_dbg(__VA_ARGS__)
 ^
D:\github\adamShiau_FPGA\intel_IP\IRIS\NIOS\IRIS1_CPU_V01_7\include/common.h:13:0: note: this is the location of the previous definition
  #define DEBUG_PRINT
 ^
Info: Compiling D:/github/adamShiau_FPGA/intel_IP/IRIS/NIOS/IRIS1_CPU_V01_7/lib/adda_config.c to obj/default//D/github/adamShiau_FPGA/intel_IP/IRIS/NIOS/IRIS1_CPU_V01_7/lib/adda_config.o
nios2-elf-gcc -xc -MP -MMD -c -ID:\github\adamShiau_FPGA\intel_IP\IRIS\NIOS\IRIS1_CPU_V01_7\include -I../IRIS1_CPU_V01_7_bsp//HAL/inc -I../IRIS1_CPU_V01_7_bsp/ -I../IRIS1_CPU_V01_7_bsp//drivers/inc  -pipe -D__hal__ -DALT_NO_INSTRUCTION_EMULATION -DALT_SINGLE_THREADED    -O0 -g -Wall   -mno-hw-div -mno-hw-mul -mno-hw-mulx -mgpopt=global  -o obj/default//D/github/adamShiau_FPGA/intel_IP/IRIS/NIOS/IRIS1_CPU_V01_7/lib/adda_config.o D:/github/adamShiau_FPGA/intel_IP/IRIS/NIOS/IRIS1_CPU_V01_7/lib/adda_config.c
D:/github/adamShiau_FPGA/intel_IP/IRIS/NIOS/IRIS1_CPU_V01_7/lib/adda_config.c: In function 'init_ADDA':
D:/github/adamShiau_FPGA/intel_IP/IRIS/NIOS/IRIS1_CPU_V01_7/lib/adda_config.c:8:69: warning: implicit declaration of function 'usleep' [-Wimplicit-function-declaration]
     IOWR_ALTERA_AVALON_SPI_SLAVE_SEL(SPI_ADC_BASE, SEL_CS_ADC_1CH); usleep (10); 
                                                                     ^
Info: Compiling D:/github/adamShiau_FPGA/intel_IP/IRIS/NIOS/IRIS1_CPU_V01_7/lib/ads122c04_se.c to obj/default//D/github/adamShiau_FPGA/intel_IP/IRIS/NIOS/IRIS1_CPU_V01_7/lib/ads122c04_se.o
nios2-elf-gcc -xc -MP -MMD -c -ID:\github\adamShiau_FPGA\intel_IP\IRIS\NIOS\IRIS1_CPU_V01_7\include -I../IRIS1_CPU_V01_7_bsp//HAL/inc -I../IRIS1_CPU_V01_7_bsp/ -I../IRIS1_CPU_V01_7_bsp//drivers/inc  -pipe -D__hal__ -DALT_NO_INSTRUCTION_EMULATION -DALT_SINGLE_THREADED    -O0 -g -Wall   -mno-hw-div -mno-hw-mul -mno-hw-mulx -mgpopt=global  -o obj/default//D/github/adamShiau_FPGA/intel_IP/IRIS/NIOS/IRIS1_CPU_V01_7/lib/ads122c04_se.o D:/github/adamShiau_FPGA/intel_IP/IRIS/NIOS/IRIS1_CPU_V01_7/lib/ads122c04_se.c
In file included from D:\github\adamShiau_FPGA\intel_IP\IRIS\NIOS\IRIS1_CPU_V01_7\include/ads122c04_se.h:9:0,
                 from D:/github/adamShiau_FPGA/intel_IP/IRIS/NIOS/IRIS1_CPU_V01_7/lib/ads122c04_se.c:1:
D:\github\adamShiau_FPGA\intel_IP\IRIS\NIOS\IRIS1_CPU_V01_7\include/common.h:24:0: warning: "DEBUG_PRINT" redefined
     #define DEBUG_PRINT(...) uart_printf_dbg(__VA_ARGS__)
 ^
D:\github\adamShiau_FPGA\intel_IP\IRIS\NIOS\IRIS1_CPU_V01_7\include/common.h:13:0: note: this is the location of the previous definition
  #define DEBUG_PRINT
 ^
D:/github/adamShiau_FPGA/intel_IP/IRIS/NIOS/IRIS1_CPU_V01_7/lib/ads122c04_se.c:88:16: warning: 'dly_cnt' defined but not used [-Wunused-variable]
 static alt_u32 dly_cnt = 0, number = 5000;
                ^
Info: Compiling D:/github/adamShiau_FPGA/intel_IP/IRIS/NIOS/IRIS1_CPU_V01_7/lib/adxl357.c to obj/default//D/github/adamShiau_FPGA/intel_IP/IRIS/NIOS/IRIS1_CPU_V01_7/lib/adxl357.o
nios2-elf-gcc -xc -MP -MMD -c -ID:\github\adamShiau_FPGA\intel_IP\IRIS\NIOS\IRIS1_CPU_V01_7\include -I../IRIS1_CPU_V01_7_bsp//HAL/inc -I../IRIS1_CPU_V01_7_bsp/ -I../IRIS1_CPU_V01_7_bsp//drivers/inc  -pipe -D__hal__ -DALT_NO_INSTRUCTION_EMULATION -DALT_SINGLE_THREADED    -O0 -g -Wall   -mno-hw-div -mno-hw-mul -mno-hw-mulx -mgpopt=global  -o obj/default//D/github/adamShiau_FPGA/intel_IP/IRIS/NIOS/IRIS1_CPU_V01_7/lib/adxl357.o D:/github/adamShiau_FPGA/intel_IP/IRIS/NIOS/IRIS1_CPU_V01_7/lib/adxl357.c
In file included from D:\github\adamShiau_FPGA\intel_IP\IRIS\NIOS\IRIS1_CPU_V01_7\include/adxl357.h:9:0,
                 from D:/github/adamShiau_FPGA/intel_IP/IRIS/NIOS/IRIS1_CPU_V01_7/lib/adxl357.c:1:
D:\github\adamShiau_FPGA\intel_IP\IRIS\NIOS\IRIS1_CPU_V01_7\include/common.h:24:0: warning: "DEBUG_PRINT" redefined
     #define DEBUG_PRINT(...) uart_printf_dbg(__VA_ARGS__)
 ^
D:\github\adamShiau_FPGA\intel_IP\IRIS\NIOS\IRIS1_CPU_V01_7\include/common.h:13:0: note: this is the location of the previous definition
  #define DEBUG_PRINT
 ^
Info: Compiling D:/github/adamShiau_FPGA/intel_IP/IRIS/NIOS/IRIS1_CPU_V01_7/lib/common.c to obj/default//D/github/adamShiau_FPGA/intel_IP/IRIS/NIOS/IRIS1_CPU_V01_7/lib/common.o
nios2-elf-gcc -xc -MP -MMD -c -ID:\github\adamShiau_FPGA\intel_IP\IRIS\NIOS\IRIS1_CPU_V01_7\include -I../IRIS1_CPU_V01_7_bsp//HAL/inc -I../IRIS1_CPU_V01_7_bsp/ -I../IRIS1_CPU_V01_7_bsp//drivers/inc  -pipe -D__hal__ -DALT_NO_INSTRUCTION_EMULATION -DALT_SINGLE_THREADED    -O0 -g -Wall   -mno-hw-div -mno-hw-mul -mno-hw-mulx -mgpopt=global  -o obj/default//D/github/adamShiau_FPGA/intel_IP/IRIS/NIOS/IRIS1_CPU_V01_7/lib/common.o D:/github/adamShiau_FPGA/intel_IP/IRIS/NIOS/IRIS1_CPU_V01_7/lib/common.c
In file included from D:/github/adamShiau_FPGA/intel_IP/IRIS/NIOS/IRIS1_CPU_V01_7/lib/common.c:1:0:
D:\github\adamShiau_FPGA\intel_IP\IRIS\NIOS\IRIS1_CPU_V01_7\include/common.h:24:0: warning: "DEBUG_PRINT" redefined
     #define DEBUG_PRINT(...) uart_printf_dbg(__VA_ARGS__)
 ^
D:\github\adamShiau_FPGA\intel_IP\IRIS\NIOS\IRIS1_CPU_V01_7\include/common.h:13:0: note: this is the location of the previous definition
  #define DEBUG_PRINT
 ^
D:/github/adamShiau_FPGA/intel_IP/IRIS/NIOS/IRIS1_CPU_V01_7/lib/common.c: In function 'moving_average_init':
D:/github/adamShiau_FPGA/intel_IP/IRIS/NIOS/IRIS1_CPU_V01_7/lib/common.c:9:27: warning: implicit declaration of function 'malloc' [-Wimplicit-function-declaration]
     ma->buffer = (float *)malloc(window * sizeof(float));
                           ^
D:/github/adamShiau_FPGA/intel_IP/IRIS/NIOS/IRIS1_CPU_V01_7/lib/common.c:9:27: warning: incompatible implicit declaration of built-in function 'malloc'
D:/github/adamShiau_FPGA/intel_IP/IRIS/NIOS/IRIS1_CPU_V01_7/lib/common.c:9:27: note: include '<stdlib.h>' or provide a declaration of 'malloc'
D:/github/adamShiau_FPGA/intel_IP/IRIS/NIOS/IRIS1_CPU_V01_7/lib/common.c:12:9: warning: implicit declaration of function 'exit' [-Wimplicit-function-declaration]
         exit(1);
         ^
D:/github/adamShiau_FPGA/intel_IP/IRIS/NIOS/IRIS1_CPU_V01_7/lib/common.c:12:9: warning: incompatible implicit declaration of built-in function 'exit'
D:/github/adamShiau_FPGA/intel_IP/IRIS/NIOS/IRIS1_CPU_V01_7/lib/common.c:12:9: note: include '<stdlib.h>' or provide a declaration of 'exit'
D:/github/adamShiau_FPGA/intel_IP/IRIS/NIOS/IRIS1_CPU_V01_7/lib/common.c: In function 'moving_average_free':
D:/github/adamShiau_FPGA/intel_IP/IRIS/NIOS/IRIS1_CPU_V01_7/lib/common.c:42:5: warning: implicit declaration of function 'free' [-Wimplicit-function-declaration]
     free(ma->buffer);
     ^
D:/github/adamShiau_FPGA/intel_IP/IRIS/NIOS/IRIS1_CPU_V01_7/lib/common.c:42:5: warning: incompatible implicit declaration of built-in function 'free'
D:/github/adamShiau_FPGA/intel_IP/IRIS/NIOS/IRIS1_CPU_V01_7/lib/common.c:42:5: note: include '<stdlib.h>' or provide a declaration of 'free'
D:/github/adamShiau_FPGA/intel_IP/IRIS/NIOS/IRIS1_CPU_V01_7/lib/common.c: In function 'uart_printf':
D:/github/adamShiau_FPGA/intel_IP/IRIS/NIOS/IRIS1_CPU_V01_7/lib/common.c:74:5: warning: implicit declaration of function 'vsnprintf' [-Wimplicit-function-declaration]
     vsnprintf(buffer, 256, format, args);  
     ^
D:/github/adamShiau_FPGA/intel_IP/IRIS/NIOS/IRIS1_CPU_V01_7/lib/common.c: In function 'Set_Dac_Gain_x':
D:/github/adamShiau_FPGA/intel_IP/IRIS/NIOS/IRIS1_CPU_V01_7/lib/common.c:289:66: warning: implicit declaration of function 'usleep' [-Wimplicit-function-declaration]
  IOWR_ALTERA_AVALON_SPI_SLAVE_SEL(SPI_DAC_BASE, SEL_CS_DAC_1CH); usleep (10); 
                                                                  ^
D:/github/adamShiau_FPGA/intel_IP/IRIS/NIOS/IRIS1_CPU_V01_7/lib/common.c: In function 'fog_parameter':
D:/github/adamShiau_FPGA/intel_IP/IRIS/NIOS/IRIS1_CPU_V01_7/lib/common.c:340:8: warning: implicit declaration of function 'PARAMETER_Write_s' [-Wimplicit-function-declaration]
        PARAMETER_Write_s(base, CMD_MOD_FREQ - CONTAINER_TO_CMD_OFFSET, rx->value, fog_inst);
        ^
D:/github/adamShiau_FPGA/intel_IP/IRIS/NIOS/IRIS1_CPU_V01_7/lib/common.c:346:8: warning: implicit declaration of function 'PARAMETER_Read' [-Wimplicit-function-declaration]
        PARAMETER_Read(base, CMD_MOD_FREQ - CONTAINER_TO_CMD_OFFSET, data.bin_val);
        ^
D:/github/adamShiau_FPGA/intel_IP/IRIS/NIOS/IRIS1_CPU_V01_7/lib/common.c:1122:19: warning: unused variable 'nack' [-Wunused-variable]
          uint8_t  nack = (uint8_t)(rx->value & 1); // TODO: ?ã•Ë¶ÅÊîØ?è¥ NACKÔºöÊü•Âø´Â?? (seq,ch) ??? ?õ¥?é•??çÈ?Å‰?ä‰???ÖÔ?õÊ≠§??ïÁï•
                   ^
D:/github/adamShiau_FPGA/intel_IP/IRIS/NIOS/IRIS1_CPU_V01_7/lib/common.c:1129:19: warning: unused variable 'nack' [-Wunused-variable]
          uint8_t  nack = (uint8_t)(rx->value & 1); // TODO: ?ã•Ë¶ÅÊîØ?è¥ NACKÔºöÊü•Âø´Â?? (seq,ch) ??? ?õ¥?é•??çÈ?Å‰?ä‰???ÖÔ?õÊ≠§??ïÁï•
                   ^
D:/github/adamShiau_FPGA/intel_IP/IRIS/NIOS/IRIS1_CPU_V01_7/lib/common.c:1136:19: warning: unused variable 'nack' [-Wunused-variable]
          uint8_t  nack = (uint8_t)(rx->value & 1); // TODO: ?ã•Ë¶ÅÊîØ?è¥ NACKÔºöÊü•Âø´Â?? (seq,ch) ??? ?õ¥?é•??çÈ?Å‰?ä‰???ÖÔ?õÊ≠§??ïÁï•
                   ^
D:/github/adamShiau_FPGA/intel_IP/IRIS/NIOS/IRIS1_CPU_V01_7/lib/common.c:1169:7: warning: implicit declaration of function 'PARAMETER_Write_f' [-Wimplicit-function-declaration]
       PARAMETER_Write_f(MEM_BASE_SN, 0, SN1);
       ^
D:/github/adamShiau_FPGA/intel_IP/IRIS/NIOS/IRIS1_CPU_V01_7/lib/common.c: In function 'dump_fog_param':
D:/github/adamShiau_FPGA/intel_IP/IRIS/NIOS/IRIS1_CPU_V01_7/lib/common.c:1278:19: warning: implicit declaration of function 'snprintf' [-Wimplicit-function-declaration]
         offset += snprintf(buffer + offset, sizeof(buffer) - offset, "{");
                   ^
D:/github/adamShiau_FPGA/intel_IP/IRIS/NIOS/IRIS1_CPU_V01_7/lib/common.c:1278:19: warning: incompatible implicit declaration of built-in function 'snprintf'
D:/github/adamShiau_FPGA/intel_IP/IRIS/NIOS/IRIS1_CPU_V01_7/lib/common.c:1278:19: note: include '<stdio.h>' or provide a declaration of 'snprintf'
D:/github/adamShiau_FPGA/intel_IP/IRIS/NIOS/IRIS1_CPU_V01_7/lib/common.c:1282:23: warning: incompatible implicit declaration of built-in function 'snprintf'
             offset += snprintf(buffer + offset, sizeof(buffer) - offset,
                       ^
D:/github/adamShiau_FPGA/intel_IP/IRIS/NIOS/IRIS1_CPU_V01_7/lib/common.c:1282:23: note: include '<stdio.h>' or provide a declaration of 'snprintf'
D:/github/adamShiau_FPGA/intel_IP/IRIS/NIOS/IRIS1_CPU_V01_7/lib/common.c:1288:19: warning: incompatible implicit declaration of built-in function 'snprintf'
         offset += snprintf(buffer + offset, sizeof(buffer) - offset, "}\n");
                   ^
D:/github/adamShiau_FPGA/intel_IP/IRIS/NIOS/IRIS1_CPU_V01_7/lib/common.c:1288:19: note: include '<stdio.h>' or provide a declaration of 'snprintf'
D:/github/adamShiau_FPGA/intel_IP/IRIS/NIOS/IRIS1_CPU_V01_7/lib/common.c: In function 'dump_fog_param_framed':
D:/github/adamShiau_FPGA/intel_IP/IRIS/NIOS/IRIS1_CPU_V01_7/lib/common.c:1317:16: warning: incompatible implicit declaration of built-in function 'snprintf'
         off += snprintf(json + off, sizeof(json) - off, "{");
                ^
D:/github/adamShiau_FPGA/intel_IP/IRIS/NIOS/IRIS1_CPU_V01_7/lib/common.c:1317:16: note: include '<stdio.h>' or provide a declaration of 'snprintf'
D:/github/adamShiau_FPGA/intel_IP/IRIS/NIOS/IRIS1_CPU_V01_7/lib/common.c:1321:20: warning: incompatible implicit declaration of built-in function 'snprintf'
             off += snprintf(json + off, sizeof(json) - off,
                    ^
D:/github/adamShiau_FPGA/intel_IP/IRIS/NIOS/IRIS1_CPU_V01_7/lib/common.c:1321:20: note: include '<stdio.h>' or provide a declaration of 'snprintf'
D:/github/adamShiau_FPGA/intel_IP/IRIS/NIOS/IRIS1_CPU_V01_7/lib/common.c:1329:16: warning: incompatible implicit declaration of built-in function 'snprintf'
         off += snprintf(json + off, sizeof(json) - off, "}");
                ^
D:/github/adamShiau_FPGA/intel_IP/IRIS/NIOS/IRIS1_CPU_V01_7/lib/common.c:1329:16: note: include '<stdio.h>' or provide a declaration of 'snprintf'
D:/github/adamShiau_FPGA/intel_IP/IRIS/NIOS/IRIS1_CPU_V01_7/lib/common.c: In function 'send_framed_payload':
D:/github/adamShiau_FPGA/intel_IP/IRIS/NIOS/IRIS1_CPU_V01_7/lib/common.c:1352:16: warning: incompatible implicit declaration of built-in function 'snprintf'
     int hlen = snprintf(header, sizeof(header), "@%lu,%u,%lu,",
                ^
D:/github/adamShiau_FPGA/intel_IP/IRIS/NIOS/IRIS1_CPU_V01_7/lib/common.c:1352:16: note: include '<stdio.h>' or provide a declaration of 'snprintf'
D:/github/adamShiau_FPGA/intel_IP/IRIS/NIOS/IRIS1_CPU_V01_7/lib/common.c: In function 'dump_misalignment_param':
D:/github/adamShiau_FPGA/intel_IP/IRIS/NIOS/IRIS1_CPU_V01_7/lib/common.c:1377:15: warning: incompatible implicit declaration of built-in function 'snprintf'
     offset += snprintf(buffer + offset, sizeof(buffer) - offset, "{");
               ^
D:/github/adamShiau_FPGA/intel_IP/IRIS/NIOS/IRIS1_CPU_V01_7/lib/common.c:1377:15: note: include '<stdio.h>' or provide a declaration of 'snprintf'
D:/github/adamShiau_FPGA/intel_IP/IRIS/NIOS/IRIS1_CPU_V01_7/lib/common.c: In function 'dump_misalignment_param_framed':
D:/github/adamShiau_FPGA/intel_IP/IRIS/NIOS/IRIS1_CPU_V01_7/lib/common.c:1397:16: warning: incompatible implicit declaration of built-in function 'snprintf'
         off += snprintf(json + off, sizeof(json) - off, "{");
                ^
D:/github/adamShiau_FPGA/intel_IP/IRIS/NIOS/IRIS1_CPU_V01_7/lib/common.c:1397:16: note: include '<stdio.h>' or provide a declaration of 'snprintf'
D:/github/adamShiau_FPGA/intel_IP/IRIS/NIOS/IRIS1_CPU_V01_7/lib/common.c:1401:20: warning: incompatible implicit declaration of built-in function 'snprintf'
             off += snprintf(json + off, sizeof(json) - off,
                    ^
D:/github/adamShiau_FPGA/intel_IP/IRIS/NIOS/IRIS1_CPU_V01_7/lib/common.c:1401:20: note: include '<stdio.h>' or provide a declaration of 'snprintf'
D:/github/adamShiau_FPGA/intel_IP/IRIS/NIOS/IRIS1_CPU_V01_7/lib/common.c:1409:16: warning: incompatible implicit declaration of built-in function 'snprintf'
         off += snprintf(json + off, sizeof(json) - off, "}");
                ^
D:/github/adamShiau_FPGA/intel_IP/IRIS/NIOS/IRIS1_CPU_V01_7/lib/common.c:1409:16: note: include '<stdio.h>' or provide a declaration of 'snprintf'
Info: Compiling D:/github/adamShiau_FPGA/intel_IP/IRIS/NIOS/IRIS1_CPU_V01_7/lib/eeprom_v2.c to obj/default//D/github/adamShiau_FPGA/intel_IP/IRIS/NIOS/IRIS1_CPU_V01_7/lib/eeprom_v2.o
nios2-elf-gcc -xc -MP -MMD -c -ID:\github\adamShiau_FPGA\intel_IP\IRIS\NIOS\IRIS1_CPU_V01_7\include -I../IRIS1_CPU_V01_7_bsp//HAL/inc -I../IRIS1_CPU_V01_7_bsp/ -I../IRIS1_CPU_V01_7_bsp//drivers/inc  -pipe -D__hal__ -DALT_NO_INSTRUCTION_EMULATION -DALT_SINGLE_THREADED    -O0 -g -Wall   -mno-hw-div -mno-hw-mul -mno-hw-mulx -mgpopt=global  -o obj/default//D/github/adamShiau_FPGA/intel_IP/IRIS/NIOS/IRIS1_CPU_V01_7/lib/eeprom_v2.o D:/github/adamShiau_FPGA/intel_IP/IRIS/NIOS/IRIS1_CPU_V01_7/lib/eeprom_v2.c
In file included from D:\github\adamShiau_FPGA\intel_IP\IRIS\NIOS\IRIS1_CPU_V01_7\include/eeprom_v2.h:10:0,
                 from D:/github/adamShiau_FPGA/intel_IP/IRIS/NIOS/IRIS1_CPU_V01_7/lib/eeprom_v2.c:1:
D:\github\adamShiau_FPGA\intel_IP\IRIS\NIOS\IRIS1_CPU_V01_7\include/common.h:24:0: warning: "DEBUG_PRINT" redefined
     #define DEBUG_PRINT(...) uart_printf_dbg(__VA_ARGS__)
 ^
D:\github\adamShiau_FPGA\intel_IP\IRIS\NIOS\IRIS1_CPU_V01_7\include/common.h:13:0: note: this is the location of the previous definition
  #define DEBUG_PRINT
 ^
D:/github/adamShiau_FPGA/intel_IP/IRIS/NIOS/IRIS1_CPU_V01_7/lib/eeprom_v2.c: In function 'EEPROM_Write_4B':
D:/github/adamShiau_FPGA/intel_IP/IRIS/NIOS/IRIS1_CPU_V01_7/lib/eeprom_v2.c:138:2: warning: implicit declaration of function 'usleep' [-Wimplicit-function-declaration]
  usleep(1320);
  ^
D:/github/adamShiau_FPGA/intel_IP/IRIS/NIOS/IRIS1_CPU_V01_7/lib/eeprom_v2.c: In function 'EEPROM_Read_4B':
D:/github/adamShiau_FPGA/intel_IP/IRIS/NIOS/IRIS1_CPU_V01_7/lib/eeprom_v2.c:154:9: warning: unused variable 'i' [-Wunused-variable]
  alt_u8 i=0;
         ^
D:/github/adamShiau_FPGA/intel_IP/IRIS/NIOS/IRIS1_CPU_V01_7/lib/eeprom_v2.c: In function 'EEPROM_Read_4B_R':
D:/github/adamShiau_FPGA/intel_IP/IRIS/NIOS/IRIS1_CPU_V01_7/lib/eeprom_v2.c:192:9: warning: unused variable 'i' [-Wunused-variable]
  alt_u8 i=0;
         ^
D:/github/adamShiau_FPGA/intel_IP/IRIS/NIOS/IRIS1_CPU_V01_7/lib/eeprom_v2.c: In function 'I2C_sm_start':
D:/github/adamShiau_FPGA/intel_IP/IRIS/NIOS/IRIS1_CPU_V01_7/lib/eeprom_v2.c:404:9: warning: unused variable 'dly' [-Wunused-variable]
  alt_u8 dly = 50;
         ^
Info: Compiling D:/github/adamShiau_FPGA/intel_IP/IRIS/NIOS/IRIS1_CPU_V01_7/lib/memory_manage.c to obj/default//D/github/adamShiau_FPGA/intel_IP/IRIS/NIOS/IRIS1_CPU_V01_7/lib/memory_manage.o
nios2-elf-gcc -xc -MP -MMD -c -ID:\github\adamShiau_FPGA\intel_IP\IRIS\NIOS\IRIS1_CPU_V01_7\include -I../IRIS1_CPU_V01_7_bsp//HAL/inc -I../IRIS1_CPU_V01_7_bsp/ -I../IRIS1_CPU_V01_7_bsp//drivers/inc  -pipe -D__hal__ -DALT_NO_INSTRUCTION_EMULATION -DALT_SINGLE_THREADED    -O0 -g -Wall   -mno-hw-div -mno-hw-mul -mno-hw-mulx -mgpopt=global  -o obj/default//D/github/adamShiau_FPGA/intel_IP/IRIS/NIOS/IRIS1_CPU_V01_7/lib/memory_manage.o D:/github/adamShiau_FPGA/intel_IP/IRIS/NIOS/IRIS1_CPU_V01_7/lib/memory_manage.c
D:/github/adamShiau_FPGA/intel_IP/IRIS/NIOS/IRIS1_CPU_V01_7/lib/memory_manage.c: In function 'initialize_fog_params_all':
D:/github/adamShiau_FPGA/intel_IP/IRIS/NIOS/IRIS1_CPU_V01_7/lib/memory_manage.c:44:5: warning: implicit declaration of function 'strncpy' [-Wimplicit-function-declaration]
     strncpy(fog_params->sn, "NewParameter", sizeof(fog_params->sn) - 1);
     ^
D:/github/adamShiau_FPGA/intel_IP/IRIS/NIOS/IRIS1_CPU_V01_7/lib/memory_manage.c:44:5: warning: incompatible implicit declaration of built-in function 'strncpy'
D:/github/adamShiau_FPGA/intel_IP/IRIS/NIOS/IRIS1_CPU_V01_7/lib/memory_manage.c:44:5: note: include '<string.h>' or provide a declaration of 'strncpy'
D:/github/adamShiau_FPGA/intel_IP/IRIS/NIOS/IRIS1_CPU_V01_7/lib/memory_manage.c:44:13: warning: pointer targets in passing argument 1 of 'strncpy' differ in signedness [-Wpointer-sign]
     strncpy(fog_params->sn, "NewParameter", sizeof(fog_params->sn) - 1);
             ^
D:/github/adamShiau_FPGA/intel_IP/IRIS/NIOS/IRIS1_CPU_V01_7/lib/memory_manage.c:44:13: note: expected 'char *' but argument is of type 'alt_u8 * {aka unsigned char *}'
Info: Compiling D:/github/adamShiau_FPGA/intel_IP/IRIS/NIOS/IRIS1_CPU_V01_7/lib/output_mode.c to obj/default//D/github/adamShiau_FPGA/intel_IP/IRIS/NIOS/IRIS1_CPU_V01_7/lib/output_mode.o
nios2-elf-gcc -xc -MP -MMD -c -ID:\github\adamShiau_FPGA\intel_IP\IRIS\NIOS\IRIS1_CPU_V01_7\include -I../IRIS1_CPU_V01_7_bsp//HAL/inc -I../IRIS1_CPU_V01_7_bsp/ -I../IRIS1_CPU_V01_7_bsp//drivers/inc  -pipe -D__hal__ -DALT_NO_INSTRUCTION_EMULATION -DALT_SINGLE_THREADED    -O0 -g -Wall   -mno-hw-div -mno-hw-mul -mno-hw-mulx -mgpopt=global  -o obj/default//D/github/adamShiau_FPGA/intel_IP/IRIS/NIOS/IRIS1_CPU_V01_7/lib/output_mode.o D:/github/adamShiau_FPGA/intel_IP/IRIS/NIOS/IRIS1_CPU_V01_7/lib/output_mode.c
In file included from D:\github\adamShiau_FPGA\intel_IP\IRIS\NIOS\IRIS1_CPU_V01_7\include/output_fn.h:7:0,
                 from D:\github\adamShiau_FPGA\intel_IP\IRIS\NIOS\IRIS1_CPU_V01_7\include/output_mode.h:4,
                 from D:/github/adamShiau_FPGA/intel_IP/IRIS/NIOS/IRIS1_CPU_V01_7/lib/output_mode.c:1:
D:\github\adamShiau_FPGA\intel_IP\IRIS\NIOS\IRIS1_CPU_V01_7\include/common.h:24:0: warning: "DEBUG_PRINT" redefined
     #define DEBUG_PRINT(...) uart_printf_dbg(__VA_ARGS__)
 ^
D:\github\adamShiau_FPGA\intel_IP\IRIS\NIOS\IRIS1_CPU_V01_7\include/common.h:13:0: note: this is the location of the previous definition
  #define DEBUG_PRINT
 ^
Info: Compiling D:/github/adamShiau_FPGA/intel_IP/IRIS/NIOS/IRIS1_CPU_V01_7/lib/uart_dual.c to obj/default//D/github/adamShiau_FPGA/intel_IP/IRIS/NIOS/IRIS1_CPU_V01_7/lib/uart_dual.o
nios2-elf-gcc -xc -MP -MMD -c -ID:\github\adamShiau_FPGA\intel_IP\IRIS\NIOS\IRIS1_CPU_V01_7\include -I../IRIS1_CPU_V01_7_bsp//HAL/inc -I../IRIS1_CPU_V01_7_bsp/ -I../IRIS1_CPU_V01_7_bsp//drivers/inc  -pipe -D__hal__ -DALT_NO_INSTRUCTION_EMULATION -DALT_SINGLE_THREADED    -O0 -g -Wall   -mno-hw-div -mno-hw-mul -mno-hw-mulx -mgpopt=global  -o obj/default//D/github/adamShiau_FPGA/intel_IP/IRIS/NIOS/IRIS1_CPU_V01_7/lib/uart_dual.o D:/github/adamShiau_FPGA/intel_IP/IRIS/NIOS/IRIS1_CPU_V01_7/lib/uart_dual.c
In file included from D:/github/adamShiau_FPGA/intel_IP/IRIS/NIOS/IRIS1_CPU_V01_7/lib/uart_dual.c:6:0:
D:\github\adamShiau_FPGA\intel_IP\IRIS\NIOS\IRIS1_CPU_V01_7\include/common.h:24:0: warning: "DEBUG_PRINT" redefined
     #define DEBUG_PRINT(...) uart_printf_dbg(__VA_ARGS__)
 ^
D:\github\adamShiau_FPGA\intel_IP\IRIS\NIOS\IRIS1_CPU_V01_7\include/common.h:13:0: note: this is the location of the previous definition
  #define DEBUG_PRINT
 ^
Info: Linking IRIS1_CPU_V01_7.elf
nios2-elf-g++  -T'../IRIS1_CPU_V01_7_bsp//linker.x' -msys-crt0='../IRIS1_CPU_V01_7_bsp//obj/HAL/src/crt0.o' -msys-lib=hal_bsp -L../IRIS1_CPU_V01_7_bsp/   -Wl,-Map=IRIS1_CPU_V01_7.map   -O0 -g -Wall   -mno-hw-div -mno-hw-mul -mno-hw-mulx -mgpopt=global  -o IRIS1_CPU_V01_7.elf obj/default//D/github/adamShiau_FPGA/intel_IP/IRIS/NIOS/IRIS1_CPU_V01_7/IRIS1_CPU_V01_7.o obj/default//D/github/adamShiau_FPGA/intel_IP/IRIS/NIOS/IRIS1_CPU_V01_7/lib/acq_fog.o obj/default//D/github/adamShiau_FPGA/intel_IP/IRIS/NIOS/IRIS1_CPU_V01_7/lib/acq_imu.o obj/default//D/github/adamShiau_FPGA/intel_IP/IRIS/NIOS/IRIS1_CPU_V01_7/lib/acq_rst.o obj/default//D/github/adamShiau_FPGA/intel_IP/IRIS/NIOS/IRIS1_CPU_V01_7/lib/adda_config.o obj/default//D/github/adamShiau_FPGA/intel_IP/IRIS/NIOS/IRIS1_CPU_V01_7/lib/ads122c04_se.o obj/default//D/github/adamShiau_FPGA/intel_IP/IRIS/NIOS/IRIS1_CPU_V01_7/lib/adxl357.o obj/default//D/github/adamShiau_FPGA/intel_IP/IRIS/NIOS/IRIS1_CPU_V01_7/lib/common.o obj/default//D/github/adamShiau_FPGA/intel_IP/IRIS/NIOS/IRIS1_CPU_V01_7/lib/eeprom_v2.o obj/default//D/github/adamShiau_FPGA/intel_IP/IRIS/NIOS/IRIS1_CPU_V01_7/lib/memory_manage.o obj/default//D/github/adamShiau_FPGA/intel_IP/IRIS/NIOS/IRIS1_CPU_V01_7/lib/output_mode.o obj/default//D/github/adamShiau_FPGA/intel_IP/IRIS/NIOS/IRIS1_CPU_V01_7/lib/uart_dual.o -lm -msys-lib=m
nios2-elf-insert IRIS1_CPU_V01_7.elf --thread_model hal --cpu_name nios2 --qsys true --simulation_enabled false --id 16777216 --sidp 0x20022c0 --timestamp 1765180751 --stderr_dev jtag_uart --stdin_dev jtag_uart --stdout_dev jtag_uart --sopc_system_name CPU --quartus_project_dir "D:/github/adamShiau_FPGA/intel_IP/IRIS/PRJ/IRIS_PRJ_V1" --jdi D:/github/adamShiau_FPGA/intel_IP/IRIS/PRJ/IRIS_PRJ_V1/software/IRIS1_CPU_V01_7_bsp/../../IRIS_PRJ_V1.jdi --sopcinfo D:/github/adamShiau_FPGA/intel_IP/IRIS/PRJ/IRIS_PRJ_V1/software/IRIS1_CPU_V01_7_bsp/../../CPU.sopcinfo
Info: (IRIS1_CPU_V01_7.elf) 120 KBytes program size (code + initialized data).
Info:                       16263 KBytes free for stack + heap.
Info: Creating IRIS1_CPU_V01_7.objdump
nios2-elf-objdump --disassemble --syms --all-header --source IRIS1_CPU_V01_7.elf >IRIS1_CPU_V01_7.objdump
[IRIS1_CPU_V01_7 build complete]

16:26:10 Build Finished (took 3s.194ms)

