21:57:07 **** Incremental Build of configuration Nios II for project LGSM_CPU_V1_0 ****
make all 
Info: Building ../LGSM_CPU_V1_0_bsp/
D:/intelFPGA_lite/18.1/nios2eds/bin/gnu/H-x86_64-mingw32/bin/make --no-print-directory -C ../LGSM_CPU_V1_0_bsp/
Compiling alt_alarm_start.c...
nios2-elf-gcc -xc -MP -MMD -c  -I./HAL/inc -I. -I./drivers/inc -pipe -D__hal__ -DALT_NO_INSTRUCTION_EMULATION -DALT_SINGLE_THREADED    -O0 -g -Wall  -mno-hw-div -mno-hw-mul -mno-hw-mulx -mgpopt=global   -o obj/HAL/src/alt_alarm_start.o HAL/src/alt_alarm_start.c
Compiling alt_busy_sleep.c...
nios2-elf-gcc -xc -MP -MMD -c  -I./HAL/inc -I. -I./drivers/inc -pipe -D__hal__ -DALT_NO_INSTRUCTION_EMULATION -DALT_SINGLE_THREADED    -O0 -g -Wall  -mno-hw-div -mno-hw-mul -mno-hw-mulx -mgpopt=global   -o obj/HAL/src/alt_busy_sleep.o HAL/src/alt_busy_sleep.c
Compiling alt_close.c...
nios2-elf-gcc -xc -MP -MMD -c  -I./HAL/inc -I. -I./drivers/inc -pipe -D__hal__ -DALT_NO_INSTRUCTION_EMULATION -DALT_SINGLE_THREADED    -O0 -g -Wall  -mno-hw-div -mno-hw-mul -mno-hw-mulx -mgpopt=global   -o obj/HAL/src/alt_close.o HAL/src/alt_close.c
Compiling alt_dcache_flush.c...
nios2-elf-gcc -xc -MP -MMD -c  -I./HAL/inc -I. -I./drivers/inc -pipe -D__hal__ -DALT_NO_INSTRUCTION_EMULATION -DALT_SINGLE_THREADED    -O0 -g -Wall  -mno-hw-div -mno-hw-mul -mno-hw-mulx -mgpopt=global   -o obj/HAL/src/alt_dcache_flush.o HAL/src/alt_dcache_flush.c
Compiling alt_dcache_flush_all.c...
nios2-elf-gcc -xc -MP -MMD -c  -I./HAL/inc -I. -I./drivers/inc -pipe -D__hal__ -DALT_NO_INSTRUCTION_EMULATION -DALT_SINGLE_THREADED    -O0 -g -Wall  -mno-hw-div -mno-hw-mul -mno-hw-mulx -mgpopt=global   -o obj/HAL/src/alt_dcache_flush_all.o HAL/src/alt_dcache_flush_all.c
Compiling alt_dcache_flush_no_writeback.c...
nios2-elf-gcc -xc -MP -MMD -c  -I./HAL/inc -I. -I./drivers/inc -pipe -D__hal__ -DALT_NO_INSTRUCTION_EMULATION -DALT_SINGLE_THREADED    -O0 -g -Wall  -mno-hw-div -mno-hw-mul -mno-hw-mulx -mgpopt=global   -o obj/HAL/src/alt_dcache_flush_no_writeback.o HAL/src/alt_dcache_flush_no_writeback.c
Compiling alt_dev.c...
nios2-elf-gcc -xc -MP -MMD -c  -I./HAL/inc -I. -I./drivers/inc -pipe -D__hal__ -DALT_NO_INSTRUCTION_EMULATION -DALT_SINGLE_THREADED    -O0 -g -Wall  -mno-hw-div -mno-hw-mul -mno-hw-mulx -mgpopt=global   -o obj/HAL/src/alt_dev.o HAL/src/alt_dev.c
Compiling alt_dma_rxchan_open.c...
nios2-elf-gcc -xc -MP -MMD -c  -I./HAL/inc -I. -I./drivers/inc -pipe -D__hal__ -DALT_NO_INSTRUCTION_EMULATION -DALT_SINGLE_THREADED    -O0 -g -Wall  -mno-hw-div -mno-hw-mul -mno-hw-mulx -mgpopt=global   -o obj/HAL/src/alt_dma_rxchan_open.o HAL/src/alt_dma_rxchan_open.c
Compiling alt_dma_txchan_open.c...
nios2-elf-gcc -xc -MP -MMD -c  -I./HAL/inc -I. -I./drivers/inc -pipe -D__hal__ -DALT_NO_INSTRUCTION_EMULATION -DALT_SINGLE_THREADED    -O0 -g -Wall  -mno-hw-div -mno-hw-mul -mno-hw-mulx -mgpopt=global   -o obj/HAL/src/alt_dma_txchan_open.o HAL/src/alt_dma_txchan_open.c
Compiling alt_ecc_fatal_exception.c...
nios2-elf-gcc -xc -MP -MMD -c  -I./HAL/inc -I. -I./drivers/inc -pipe -D__hal__ -DALT_NO_INSTRUCTION_EMULATION -DALT_SINGLE_THREADED    -O0 -g -Wall  -mno-hw-div -mno-hw-mul -mno-hw-mulx -mgpopt=global   -o obj/HAL/src/alt_ecc_fatal_exception.o HAL/src/alt_ecc_fatal_exception.c
Compiling alt_exception_entry.S...
nios2-elf-gcc -MP -MMD -c   -O0 -g -Wall  -mno-hw-div -mno-hw-mul -mno-hw-mulx -mgpopt=global    -I./HAL/inc -I. -I./drivers/inc -pipe -D__hal__ -DALT_NO_INSTRUCTION_EMULATION -DALT_SINGLE_THREADED  -Wa,-gdwarf2  -o obj/HAL/src/alt_exception_entry.o HAL/src/alt_exception_entry.S
Compiling alt_exit.c...
nios2-elf-gcc -xc -MP -MMD -c  -I./HAL/inc -I. -I./drivers/inc -pipe -D__hal__ -DALT_NO_INSTRUCTION_EMULATION -DALT_SINGLE_THREADED    -O0 -g -Wall  -mno-hw-div -mno-hw-mul -mno-hw-mulx -mgpopt=global   -o obj/HAL/src/alt_exit.o HAL/src/alt_exit.c
Compiling alt_fcntl.c...
nios2-elf-gcc -xc -MP -MMD -c  -I./HAL/inc -I. -I./drivers/inc -pipe -D__hal__ -DALT_NO_INSTRUCTION_EMULATION -DALT_SINGLE_THREADED    -O0 -g -Wall  -mno-hw-div -mno-hw-mul -mno-hw-mulx -mgpopt=global   -o obj/HAL/src/alt_fcntl.o HAL/src/alt_fcntl.c
Compiling alt_fd_lock.c...
nios2-elf-gcc -xc -MP -MMD -c  -I./HAL/inc -I. -I./drivers/inc -pipe -D__hal__ -DALT_NO_INSTRUCTION_EMULATION -DALT_SINGLE_THREADED    -O0 -g -Wall  -mno-hw-div -mno-hw-mul -mno-hw-mulx -mgpopt=global   -o obj/HAL/src/alt_fd_lock.o HAL/src/alt_fd_lock.c
Compiling alt_fd_unlock.c...
nios2-elf-gcc -xc -MP -MMD -c  -I./HAL/inc -I. -I./drivers/inc -pipe -D__hal__ -DALT_NO_INSTRUCTION_EMULATION -DALT_SINGLE_THREADED    -O0 -g -Wall  -mno-hw-div -mno-hw-mul -mno-hw-mulx -mgpopt=global   -o obj/HAL/src/alt_fd_unlock.o HAL/src/alt_fd_unlock.c
Compiling alt_find_dev.c...
nios2-elf-gcc -xc -MP -MMD -c  -I./HAL/inc -I. -I./drivers/inc -pipe -D__hal__ -DALT_NO_INSTRUCTION_EMULATION -DALT_SINGLE_THREADED    -O0 -g -Wall  -mno-hw-div -mno-hw-mul -mno-hw-mulx -mgpopt=global   -o obj/HAL/src/alt_find_dev.o HAL/src/alt_find_dev.c
Compiling alt_find_file.c...
nios2-elf-gcc -xc -MP -MMD -c  -I./HAL/inc -I. -I./drivers/inc -pipe -D__hal__ -DALT_NO_INSTRUCTION_EMULATION -DALT_SINGLE_THREADED    -O0 -g -Wall  -mno-hw-div -mno-hw-mul -mno-hw-mulx -mgpopt=global   -o obj/HAL/src/alt_find_file.o HAL/src/alt_find_file.c
Compiling alt_flash_dev.c...
nios2-elf-gcc -xc -MP -MMD -c  -I./HAL/inc -I. -I./drivers/inc -pipe -D__hal__ -DALT_NO_INSTRUCTION_EMULATION -DALT_SINGLE_THREADED    -O0 -g -Wall  -mno-hw-div -mno-hw-mul -mno-hw-mulx -mgpopt=global   -o obj/HAL/src/alt_flash_dev.o HAL/src/alt_flash_dev.c
Compiling alt_fs_reg.c...
nios2-elf-gcc -xc -MP -MMD -c  -I./HAL/inc -I. -I./drivers/inc -pipe -D__hal__ -DALT_NO_INSTRUCTION_EMULATION -DALT_SINGLE_THREADED    -O0 -g -Wall  -mno-hw-div -mno-hw-mul -mno-hw-mulx -mgpopt=global   -o obj/HAL/src/alt_fs_reg.o HAL/src/alt_fs_reg.c
Compiling alt_fstat.c...
nios2-elf-gcc -xc -MP -MMD -c  -I./HAL/inc -I. -I./drivers/inc -pipe -D__hal__ -DALT_NO_INSTRUCTION_EMULATION -DALT_SINGLE_THREADED    -O0 -g -Wall  -mno-hw-div -mno-hw-mul -mno-hw-mulx -mgpopt=global   -o obj/HAL/src/alt_fstat.o HAL/src/alt_fstat.c
Compiling alt_get_fd.c...
nios2-elf-gcc -xc -MP -MMD -c  -I./HAL/inc -I. -I./drivers/inc -pipe -D__hal__ -DALT_NO_INSTRUCTION_EMULATION -DALT_SINGLE_THREADED    -O0 -g -Wall  -mno-hw-div -mno-hw-mul -mno-hw-mulx -mgpopt=global   -o obj/HAL/src/alt_get_fd.o HAL/src/alt_get_fd.c
Compiling alt_gmon.c...
nios2-elf-gcc -xc -MP -MMD -c  -I./HAL/inc -I. -I./drivers/inc -pipe -D__hal__ -DALT_NO_INSTRUCTION_EMULATION -DALT_SINGLE_THREADED    -O0 -g -Wall  -mno-hw-div -mno-hw-mul -mno-hw-mulx -mgpopt=global   -o obj/HAL/src/alt_gmon.o HAL/src/alt_gmon.c
Compiling alt_icache_flush.c...
nios2-elf-gcc -xc -MP -MMD -c  -I./HAL/inc -I. -I./drivers/inc -pipe -D__hal__ -DALT_NO_INSTRUCTION_EMULATION -DALT_SINGLE_THREADED    -O0 -g -Wall  -mno-hw-div -mno-hw-mul -mno-hw-mulx -mgpopt=global   -o obj/HAL/src/alt_icache_flush.o HAL/src/alt_icache_flush.c
Compiling alt_icache_flush_all.c...
nios2-elf-gcc -xc -MP -MMD -c  -I./HAL/inc -I. -I./drivers/inc -pipe -D__hal__ -DALT_NO_INSTRUCTION_EMULATION -DALT_SINGLE_THREADED    -O0 -g -Wall  -mno-hw-div -mno-hw-mul -mno-hw-mulx -mgpopt=global   -o obj/HAL/src/alt_icache_flush_all.o HAL/src/alt_icache_flush_all.c
Compiling alt_iic.c...
nios2-elf-gcc -xc -MP -MMD -c  -I./HAL/inc -I. -I./drivers/inc -pipe -D__hal__ -DALT_NO_INSTRUCTION_EMULATION -DALT_SINGLE_THREADED    -O0 -g -Wall  -mno-hw-div -mno-hw-mul -mno-hw-mulx -mgpopt=global   -o obj/HAL/src/alt_iic.o HAL/src/alt_iic.c
Compiling alt_iic_isr_register.c...
nios2-elf-gcc -xc -MP -MMD -c  -I./HAL/inc -I. -I./drivers/inc -pipe -D__hal__ -DALT_NO_INSTRUCTION_EMULATION -DALT_SINGLE_THREADED    -O0 -g -Wall  -mno-hw-div -mno-hw-mul -mno-hw-mulx -mgpopt=global   -o obj/HAL/src/alt_iic_isr_register.o HAL/src/alt_iic_isr_register.c
Compiling alt_instruction_exception_entry.c...
nios2-elf-gcc -xc -MP -MMD -c  -I./HAL/inc -I. -I./drivers/inc -pipe -D__hal__ -DALT_NO_INSTRUCTION_EMULATION -DALT_SINGLE_THREADED    -O0 -g -Wall  -mno-hw-div -mno-hw-mul -mno-hw-mulx -mgpopt=global   -o obj/HAL/src/alt_instruction_exception_entry.o HAL/src/alt_instruction_exception_entry.c
Compiling alt_instruction_exception_register.c...
nios2-elf-gcc -xc -MP -MMD -c  -I./HAL/inc -I. -I./drivers/inc -pipe -D__hal__ -DALT_NO_INSTRUCTION_EMULATION -DALT_SINGLE_THREADED    -O0 -g -Wall  -mno-hw-div -mno-hw-mul -mno-hw-mulx -mgpopt=global   -o obj/HAL/src/alt_instruction_exception_register.o HAL/src/alt_instruction_exception_register.c
Compiling alt_io_redirect.c...
nios2-elf-gcc -xc -MP -MMD -c  -I./HAL/inc -I. -I./drivers/inc -pipe -D__hal__ -DALT_NO_INSTRUCTION_EMULATION -DALT_SINGLE_THREADED    -O0 -g -Wall  -mno-hw-div -mno-hw-mul -mno-hw-mulx -mgpopt=global   -o obj/HAL/src/alt_io_redirect.o HAL/src/alt_io_redirect.c
Compiling alt_ioctl.c...
nios2-elf-gcc -xc -MP -MMD -c  -I./HAL/inc -I. -I./drivers/inc -pipe -D__hal__ -DALT_NO_INSTRUCTION_EMULATION -DALT_SINGLE_THREADED    -O0 -g -Wall  -mno-hw-div -mno-hw-mul -mno-hw-mulx -mgpopt=global   -o obj/HAL/src/alt_ioctl.o HAL/src/alt_ioctl.c
Compiling alt_irq_entry.S...
nios2-elf-gcc -MP -MMD -c   -O0 -g -Wall  -mno-hw-div -mno-hw-mul -mno-hw-mulx -mgpopt=global    -I./HAL/inc -I. -I./drivers/inc -pipe -D__hal__ -DALT_NO_INSTRUCTION_EMULATION -DALT_SINGLE_THREADED  -Wa,-gdwarf2  -o obj/HAL/src/alt_irq_entry.o HAL/src/alt_irq_entry.S
Compiling alt_irq_handler.c...
nios2-elf-gcc -xc -MP -MMD -c  -I./HAL/inc -I. -I./drivers/inc -pipe -D__hal__ -DALT_NO_INSTRUCTION_EMULATION -DALT_SINGLE_THREADED    -O0 -g -Wall  -mno-hw-div -mno-hw-mul -mno-hw-mulx -mgpopt=global   -o obj/HAL/src/alt_irq_handler.o HAL/src/alt_irq_handler.c
Compiling alt_irq_register.c...
nios2-elf-gcc -xc -MP -MMD -c  -I./HAL/inc -I. -I./drivers/inc -pipe -D__hal__ -DALT_NO_INSTRUCTION_EMULATION -DALT_SINGLE_THREADED    -O0 -g -Wall  -mno-hw-div -mno-hw-mul -mno-hw-mulx -mgpopt=global   -o obj/HAL/src/alt_irq_register.o HAL/src/alt_irq_register.c
Compiling alt_irq_vars.c...
nios2-elf-gcc -xc -MP -MMD -c  -I./HAL/inc -I. -I./drivers/inc -pipe -D__hal__ -DALT_NO_INSTRUCTION_EMULATION -DALT_SINGLE_THREADED    -O0 -g -Wall  -mno-hw-div -mno-hw-mul -mno-hw-mulx -mgpopt=global   -o obj/HAL/src/alt_irq_vars.o HAL/src/alt_irq_vars.c
Compiling alt_isatty.c...
nios2-elf-gcc -xc -MP -MMD -c  -I./HAL/inc -I. -I./drivers/inc -pipe -D__hal__ -DALT_NO_INSTRUCTION_EMULATION -DALT_SINGLE_THREADED    -O0 -g -Wall  -mno-hw-div -mno-hw-mul -mno-hw-mulx -mgpopt=global   -o obj/HAL/src/alt_isatty.o HAL/src/alt_isatty.c
Compiling alt_lseek.c...
nios2-elf-gcc -xc -MP -MMD -c  -I./HAL/inc -I. -I./drivers/inc -pipe -D__hal__ -DALT_NO_INSTRUCTION_EMULATION -DALT_SINGLE_THREADED    -O0 -g -Wall  -mno-hw-div -mno-hw-mul -mno-hw-mulx -mgpopt=global   -o obj/HAL/src/alt_lseek.o HAL/src/alt_lseek.c
Compiling alt_main.c...
nios2-elf-gcc -xc -MP -MMD -c  -I./HAL/inc -I. -I./drivers/inc -pipe -D__hal__ -DALT_NO_INSTRUCTION_EMULATION -DALT_SINGLE_THREADED    -O0 -g -Wall  -mno-hw-div -mno-hw-mul -mno-hw-mulx -mgpopt=global   -o obj/HAL/src/alt_main.o HAL/src/alt_main.c
Compiling alt_open.c...
nios2-elf-gcc -xc -MP -MMD -c  -I./HAL/inc -I. -I./drivers/inc -pipe -D__hal__ -DALT_NO_INSTRUCTION_EMULATION -DALT_SINGLE_THREADED    -O0 -g -Wall  -mno-hw-div -mno-hw-mul -mno-hw-mulx -mgpopt=global   -o obj/HAL/src/alt_open.o HAL/src/alt_open.c
Compiling alt_read.c...
nios2-elf-gcc -xc -MP -MMD -c  -I./HAL/inc -I. -I./drivers/inc -pipe -D__hal__ -DALT_NO_INSTRUCTION_EMULATION -DALT_SINGLE_THREADED    -O0 -g -Wall  -mno-hw-div -mno-hw-mul -mno-hw-mulx -mgpopt=global   -o obj/HAL/src/alt_read.o HAL/src/alt_read.c
Compiling alt_release_fd.c...
nios2-elf-gcc -xc -MP -MMD -c  -I./HAL/inc -I. -I./drivers/inc -pipe -D__hal__ -DALT_NO_INSTRUCTION_EMULATION -DALT_SINGLE_THREADED    -O0 -g -Wall  -mno-hw-div -mno-hw-mul -mno-hw-mulx -mgpopt=global   -o obj/HAL/src/alt_release_fd.o HAL/src/alt_release_fd.c
Compiling alt_remap_cached.c...
nios2-elf-gcc -xc -MP -MMD -c  -I./HAL/inc -I. -I./drivers/inc -pipe -D__hal__ -DALT_NO_INSTRUCTION_EMULATION -DALT_SINGLE_THREADED    -O0 -g -Wall  -mno-hw-div -mno-hw-mul -mno-hw-mulx -mgpopt=global   -o obj/HAL/src/alt_remap_cached.o HAL/src/alt_remap_cached.c
Compiling alt_remap_uncached.c...
nios2-elf-gcc -xc -MP -MMD -c  -I./HAL/inc -I. -I./drivers/inc -pipe -D__hal__ -DALT_NO_INSTRUCTION_EMULATION -DALT_SINGLE_THREADED    -O0 -g -Wall  -mno-hw-div -mno-hw-mul -mno-hw-mulx -mgpopt=global   -o obj/HAL/src/alt_remap_uncached.o HAL/src/alt_remap_uncached.c
Compiling alt_sbrk.c...
nios2-elf-gcc -xc -MP -MMD -c  -I./HAL/inc -I. -I./drivers/inc -pipe -D__hal__ -DALT_NO_INSTRUCTION_EMULATION -DALT_SINGLE_THREADED    -O0 -g -Wall  -mno-hw-div -mno-hw-mul -mno-hw-mulx -mgpopt=global   -o obj/HAL/src/alt_sbrk.o HAL/src/alt_sbrk.c
Compiling alt_software_exception.S...
nios2-elf-gcc -MP -MMD -c   -O0 -g -Wall  -mno-hw-div -mno-hw-mul -mno-hw-mulx -mgpopt=global    -I./HAL/inc -I. -I./drivers/inc -pipe -D__hal__ -DALT_NO_INSTRUCTION_EMULATION -DALT_SINGLE_THREADED  -Wa,-gdwarf2  -o obj/HAL/src/alt_software_exception.o HAL/src/alt_software_exception.S
Compiling alt_tick.c...
nios2-elf-gcc -xc -MP -MMD -c  -I./HAL/inc -I. -I./drivers/inc -pipe -D__hal__ -DALT_NO_INSTRUCTION_EMULATION -DALT_SINGLE_THREADED    -O0 -g -Wall  -mno-hw-div -mno-hw-mul -mno-hw-mulx -mgpopt=global   -o obj/HAL/src/alt_tick.o HAL/src/alt_tick.c
Compiling alt_uncached_free.c...
nios2-elf-gcc -xc -MP -MMD -c  -I./HAL/inc -I. -I./drivers/inc -pipe -D__hal__ -DALT_NO_INSTRUCTION_EMULATION -DALT_SINGLE_THREADED    -O0 -g -Wall  -mno-hw-div -mno-hw-mul -mno-hw-mulx -mgpopt=global   -o obj/HAL/src/alt_uncached_free.o HAL/src/alt_uncached_free.c
Compiling alt_uncached_malloc.c...
nios2-elf-gcc -xc -MP -MMD -c  -I./HAL/inc -I. -I./drivers/inc -pipe -D__hal__ -DALT_NO_INSTRUCTION_EMULATION -DALT_SINGLE_THREADED    -O0 -g -Wall  -mno-hw-div -mno-hw-mul -mno-hw-mulx -mgpopt=global   -o obj/HAL/src/alt_uncached_malloc.o HAL/src/alt_uncached_malloc.c
Compiling alt_write.c...
nios2-elf-gcc -xc -MP -MMD -c  -I./HAL/inc -I. -I./drivers/inc -pipe -D__hal__ -DALT_NO_INSTRUCTION_EMULATION -DALT_SINGLE_THREADED    -O0 -g -Wall  -mno-hw-div -mno-hw-mul -mno-hw-mulx -mgpopt=global   -o obj/HAL/src/alt_write.o HAL/src/alt_write.c
Compiling altera_nios2_gen2_irq.c...
nios2-elf-gcc -xc -MP -MMD -c  -I./HAL/inc -I. -I./drivers/inc -pipe -D__hal__ -DALT_NO_INSTRUCTION_EMULATION -DALT_SINGLE_THREADED    -O0 -g -Wall  -mno-hw-div -mno-hw-mul -mno-hw-mulx -mgpopt=global   -o obj/HAL/src/altera_nios2_gen2_irq.o HAL/src/altera_nios2_gen2_irq.c
Compiling crt0.S...
nios2-elf-gcc -MP -MMD -c   -O0 -g -Wall  -mno-hw-div -mno-hw-mul -mno-hw-mulx -mgpopt=global    -I./HAL/inc -I. -I./drivers/inc -pipe -D__hal__ -DALT_NO_INSTRUCTION_EMULATION -DALT_SINGLE_THREADED  -Wa,-gdwarf2  -o obj/HAL/src/crt0.o HAL/src/crt0.S
Compiling alt_sys_init.c...
nios2-elf-gcc -xc -MP -MMD -c  -I./HAL/inc -I. -I./drivers/inc -pipe -D__hal__ -DALT_NO_INSTRUCTION_EMULATION -DALT_SINGLE_THREADED    -O0 -g -Wall  -mno-hw-div -mno-hw-mul -mno-hw-mulx -mgpopt=global   -o obj/alt_sys_init.o alt_sys_init.c
Compiling altera_avalon_jtag_uart_fd.c...
nios2-elf-gcc -xc -MP -MMD -c  -I./HAL/inc -I. -I./drivers/inc -pipe -D__hal__ -DALT_NO_INSTRUCTION_EMULATION -DALT_SINGLE_THREADED    -O0 -g -Wall  -mno-hw-div -mno-hw-mul -mno-hw-mulx -mgpopt=global   -o obj/drivers/src/altera_avalon_jtag_uart_fd.o drivers/src/altera_avalon_jtag_uart_fd.c
Compiling altera_avalon_jtag_uart_init.c...
nios2-elf-gcc -xc -MP -MMD -c  -I./HAL/inc -I. -I./drivers/inc -pipe -D__hal__ -DALT_NO_INSTRUCTION_EMULATION -DALT_SINGLE_THREADED    -O0 -g -Wall  -mno-hw-div -mno-hw-mul -mno-hw-mulx -mgpopt=global   -o obj/drivers/src/altera_avalon_jtag_uart_init.o drivers/src/altera_avalon_jtag_uart_init.c
Compiling altera_avalon_jtag_uart_ioctl.c...
nios2-elf-gcc -xc -MP -MMD -c  -I./HAL/inc -I. -I./drivers/inc -pipe -D__hal__ -DALT_NO_INSTRUCTION_EMULATION -DALT_SINGLE_THREADED    -O0 -g -Wall  -mno-hw-div -mno-hw-mul -mno-hw-mulx -mgpopt=global   -o obj/drivers/src/altera_avalon_jtag_uart_ioctl.o drivers/src/altera_avalon_jtag_uart_ioctl.c
Compiling altera_avalon_jtag_uart_read.c...
nios2-elf-gcc -xc -MP -MMD -c  -I./HAL/inc -I. -I./drivers/inc -pipe -D__hal__ -DALT_NO_INSTRUCTION_EMULATION -DALT_SINGLE_THREADED    -O0 -g -Wall  -mno-hw-div -mno-hw-mul -mno-hw-mulx -mgpopt=global   -o obj/drivers/src/altera_avalon_jtag_uart_read.o drivers/src/altera_avalon_jtag_uart_read.c
Compiling altera_avalon_jtag_uart_write.c...
nios2-elf-gcc -xc -MP -MMD -c  -I./HAL/inc -I. -I./drivers/inc -pipe -D__hal__ -DALT_NO_INSTRUCTION_EMULATION -DALT_SINGLE_THREADED    -O0 -g -Wall  -mno-hw-div -mno-hw-mul -mno-hw-mulx -mgpopt=global   -o obj/drivers/src/altera_avalon_jtag_uart_write.o drivers/src/altera_avalon_jtag_uart_write.c
Compiling altera_avalon_sysid_qsys.c...
nios2-elf-gcc -xc -MP -MMD -c  -I./HAL/inc -I. -I./drivers/inc -pipe -D__hal__ -DALT_NO_INSTRUCTION_EMULATION -DALT_SINGLE_THREADED    -O0 -g -Wall  -mno-hw-div -mno-hw-mul -mno-hw-mulx -mgpopt=global   -o obj/drivers/src/altera_avalon_sysid_qsys.o drivers/src/altera_avalon_sysid_qsys.c
Compiling altera_avalon_uart_fd.c...
nios2-elf-gcc -xc -MP -MMD -c  -I./HAL/inc -I. -I./drivers/inc -pipe -D__hal__ -DALT_NO_INSTRUCTION_EMULATION -DALT_SINGLE_THREADED    -O0 -g -Wall  -mno-hw-div -mno-hw-mul -mno-hw-mulx -mgpopt=global   -o obj/drivers/src/altera_avalon_uart_fd.o drivers/src/altera_avalon_uart_fd.c
Compiling altera_avalon_uart_init.c...
nios2-elf-gcc -xc -MP -MMD -c  -I./HAL/inc -I. -I./drivers/inc -pipe -D__hal__ -DALT_NO_INSTRUCTION_EMULATION -DALT_SINGLE_THREADED    -O0 -g -Wall  -mno-hw-div -mno-hw-mul -mno-hw-mulx -mgpopt=global   -o obj/drivers/src/altera_avalon_uart_init.o drivers/src/altera_avalon_uart_init.c
Compiling altera_avalon_uart_ioctl.c...
nios2-elf-gcc -xc -MP -MMD -c  -I./HAL/inc -I. -I./drivers/inc -pipe -D__hal__ -DALT_NO_INSTRUCTION_EMULATION -DALT_SINGLE_THREADED    -O0 -g -Wall  -mno-hw-div -mno-hw-mul -mno-hw-mulx -mgpopt=global   -o obj/drivers/src/altera_avalon_uart_ioctl.o drivers/src/altera_avalon_uart_ioctl.c
Compiling altera_avalon_uart_read.c...
nios2-elf-gcc -xc -MP -MMD -c  -I./HAL/inc -I. -I./drivers/inc -pipe -D__hal__ -DALT_NO_INSTRUCTION_EMULATION -DALT_SINGLE_THREADED    -O0 -g -Wall  -mno-hw-div -mno-hw-mul -mno-hw-mulx -mgpopt=global   -o obj/drivers/src/altera_avalon_uart_read.o drivers/src/altera_avalon_uart_read.c
Compiling altera_avalon_uart_write.c...
nios2-elf-gcc -xc -MP -MMD -c  -I./HAL/inc -I. -I./drivers/inc -pipe -D__hal__ -DALT_NO_INSTRUCTION_EMULATION -DALT_SINGLE_THREADED    -O0 -g -Wall  -mno-hw-div -mno-hw-mul -mno-hw-mulx -mgpopt=global   -o obj/drivers/src/altera_avalon_uart_write.o drivers/src/altera_avalon_uart_write.c
Creating libhal_bsp.a...
rm -f -f libhal_bsp.a
nios2-elf-ar -src libhal_bsp.a obj/HAL/src/alt_alarm_start.o obj/HAL/src/alt_busy_sleep.o obj/HAL/src/alt_close.o obj/HAL/src/alt_dcache_flush.o obj/HAL/src/alt_dcache_flush_all.o obj/HAL/src/alt_dcache_flush_no_writeback.o obj/HAL/src/alt_dev.o obj/HAL/src/alt_dev_llist_insert.o obj/HAL/src/alt_dma_rxchan_open.o obj/HAL/src/alt_dma_txchan_open.o obj/HAL/src/alt_do_ctors.o obj/HAL/src/alt_do_dtors.o obj/HAL/src/alt_ecc_fatal_entry.o obj/HAL/src/alt_ecc_fatal_exception.o obj/HAL/src/alt_env_lock.o obj/HAL/src/alt_environ.o obj/HAL/src/alt_errno.o obj/HAL/src/alt_exception_entry.o obj/HAL/src/alt_exception_muldiv.o obj/HAL/src/alt_exception_trap.o obj/HAL/src/alt_execve.o obj/HAL/src/alt_exit.o obj/HAL/src/alt_fcntl.o obj/HAL/src/alt_fd_lock.o obj/HAL/src/alt_fd_unlock.o obj/HAL/src/alt_find_dev.o obj/HAL/src/alt_find_file.o obj/HAL/src/alt_flash_dev.o obj/HAL/src/alt_fork.o obj/HAL/src/alt_fs_reg.o obj/HAL/src/alt_fstat.o obj/HAL/src/alt_get_fd.o obj/HAL/src/alt_getchar.o obj/HAL/src/alt_getpid.o obj/HAL/src/alt_gettod.o obj/HAL/src/alt_gmon.o obj/HAL/src/alt_icache_flush.o obj/HAL/src/alt_icache_flush_all.o obj/HAL/src/alt_iic.o obj/HAL/src/alt_iic_isr_register.o obj/HAL/src/alt_instruction_exception_entry.o obj/HAL/src/alt_instruction_exception_register.o obj/HAL/src/alt_io_redirect.o obj/HAL/src/alt_ioctl.o obj/HAL/src/alt_irq_entry.o obj/HAL/src/alt_irq_handler.o obj/HAL/src/alt_irq_register.o obj/HAL/src/alt_irq_vars.o obj/HAL/src/alt_isatty.o obj/HAL/src/alt_kill.o obj/HAL/src/alt_link.o obj/HAL/src/alt_load.o obj/HAL/src/alt_log_macro.o obj/HAL/src/alt_log_printf.o obj/HAL/src/alt_lseek.o obj/HAL/src/alt_main.o obj/HAL/src/alt_malloc_lock.o obj/HAL/src/alt_mcount.o obj/HAL/src/alt_open.o obj/HAL/src/alt_printf.o obj/HAL/src/alt_putchar.o obj/HAL/src/alt_putcharbuf.o obj/HAL/src/alt_putstr.o obj/HAL/src/alt_read.o obj/HAL/src/alt_release_fd.o obj/HAL/src/alt_remap_cached.o obj/HAL/src/alt_remap_uncached.o obj/HAL/src/alt_rename.o obj/HAL/src/alt_sbrk.o obj/HAL/src/alt_settod.o obj/HAL/src/alt_software_exception.o obj/HAL/src/alt_stat.o obj/HAL/src/alt_tick.o obj/HAL/src/alt_times.o obj/HAL/src/alt_uncached_free.o obj/HAL/src/alt_uncached_malloc.o obj/HAL/src/alt_unlink.o obj/HAL/src/alt_usleep.o obj/HAL/src/alt_wait.o obj/HAL/src/alt_write.o obj/HAL/src/altera_nios2_gen2_irq.o obj/HAL/src/crt0.o obj/alt_sys_init.o obj/drivers/src/altera_avalon_epcs_flash_controller.o obj/drivers/src/altera_avalon_jtag_uart_fd.o obj/drivers/src/altera_avalon_jtag_uart_init.o obj/drivers/src/altera_avalon_jtag_uart_ioctl.o obj/drivers/src/altera_avalon_jtag_uart_read.o obj/drivers/src/altera_avalon_jtag_uart_write.o obj/drivers/src/altera_avalon_spi.o obj/drivers/src/altera_avalon_sysid_qsys.o obj/drivers/src/altera_avalon_uart_fd.o obj/drivers/src/altera_avalon_uart_init.o obj/drivers/src/altera_avalon_uart_ioctl.o obj/drivers/src/altera_avalon_uart_read.o obj/drivers/src/altera_avalon_uart_write.o obj/drivers/src/epcs_commands.o
[BSP build complete]
Info: Compiling D:/github/adamShiau_FPGA/intel_IP/LGSM/NIOS/LGSM_CPU_V1_0/LGSM_CPU_V1_0.c to obj/default//D/github/adamShiau_FPGA/intel_IP/LGSM/NIOS/LGSM_CPU_V1_0/LGSM_CPU_V1_0.o
nios2-elf-gcc -xc -MP -MMD -c -ID:\github\adamShiau_FPGA\intel_IP\LGSM\NIOS\LGSM_CPU_V1_0\include -I../LGSM_CPU_V1_0_bsp//HAL/inc -I../LGSM_CPU_V1_0_bsp/ -I../LGSM_CPU_V1_0_bsp//drivers/inc  -pipe -D__hal__ -DALT_NO_INSTRUCTION_EMULATION -DALT_SINGLE_THREADED    -O0 -g -Wall   -mno-hw-div -mno-hw-mul -mno-hw-mulx -mgpopt=global  -o obj/default//D/github/adamShiau_FPGA/intel_IP/LGSM/NIOS/LGSM_CPU_V1_0/LGSM_CPU_V1_0.o D:/github/adamShiau_FPGA/intel_IP/LGSM/NIOS/LGSM_CPU_V1_0/LGSM_CPU_V1_0.c
D:/github/adamShiau_FPGA/intel_IP/LGSM/NIOS/LGSM_CPU_V1_0/LGSM_CPU_V1_0.c: In function 'main':
D:/github/adamShiau_FPGA/intel_IP/LGSM/NIOS/LGSM_CPU_V1_0/LGSM_CPU_V1_0.c:140:13: warning: unused variable 'cnt' [-Wunused-variable]
     uint8_t cnt=0;
             ^
D:/github/adamShiau_FPGA/intel_IP/LGSM/NIOS/LGSM_CPU_V1_0/LGSM_CPU_V1_0.c: In function 'monitor_reg':
D:/github/adamShiau_FPGA/intel_IP/LGSM/NIOS/LGSM_CPU_V1_0/LGSM_CPU_V1_0.c:166:18: warning: type defaults to 'int' in declaration of 'DELAY_NUM' [-Wimplicit-int]
     static const DELAY_NUM = 5000;
                  ^
D:/github/adamShiau_FPGA/intel_IP/LGSM/NIOS/LGSM_CPU_V1_0/LGSM_CPU_V1_0.c: In function 'dbg_mems':
D:/github/adamShiau_FPGA/intel_IP/LGSM/NIOS/LGSM_CPU_V1_0/LGSM_CPU_V1_0.c:185:18: warning: type defaults to 'int' in declaration of 'DELAY_NUM' [-Wimplicit-int]
     static const DELAY_NUM = 100;
                  ^
D:/github/adamShiau_FPGA/intel_IP/LGSM/NIOS/LGSM_CPU_V1_0/LGSM_CPU_V1_0.c:196:15: warning: unused variable 'fog_temp' [-Wunused-variable]
         float fog_temp = (float)data->ads122c04.ain0.int_val * COE_TEMP_AD590 - 273.15; 
               ^
D:/github/adamShiau_FPGA/intel_IP/LGSM/NIOS/LGSM_CPU_V1_0/LGSM_CPU_V1_0.c:195:15: warning: unused variable 'mems_temp' [-Wunused-variable]
         float mems_temp = (float)data->asm330lhhx.temp.int_val * SF_TEMP + 25.0;
               ^
D:/github/adamShiau_FPGA/intel_IP/LGSM/NIOS/LGSM_CPU_V1_0/LGSM_CPU_V1_0.c:194:15: warning: unused variable 'mems_az' [-Wunused-variable]
         float mems_az = (float)data->asm330lhhx.az.int_val * SF_ACCL_16G;
               ^
D:/github/adamShiau_FPGA/intel_IP/LGSM/NIOS/LGSM_CPU_V1_0/LGSM_CPU_V1_0.c:193:15: warning: unused variable 'mems_ay' [-Wunused-variable]
         float mems_ay = (float)data->asm330lhhx.ay.int_val * SF_ACCL_16G;
               ^
D:/github/adamShiau_FPGA/intel_IP/LGSM/NIOS/LGSM_CPU_V1_0/LGSM_CPU_V1_0.c:192:15: warning: unused variable 'mems_ax' [-Wunused-variable]
         float mems_ax = (float)data->asm330lhhx.ax.int_val * SF_ACCL_16G;
               ^
D:/github/adamShiau_FPGA/intel_IP/LGSM/NIOS/LGSM_CPU_V1_0/LGSM_CPU_V1_0.c:191:15: warning: unused variable 'mems_wz' [-Wunused-variable]
         float mems_wz = (float)data->asm330lhhx.wz.int_val * SF_GYRO_1000DPS;
               ^
D:/github/adamShiau_FPGA/intel_IP/LGSM/NIOS/LGSM_CPU_V1_0/LGSM_CPU_V1_0.c:190:15: warning: unused variable 'mems_wy' [-Wunused-variable]
         float mems_wy = (float)data->asm330lhhx.wy.int_val * SF_GYRO_1000DPS;
               ^
D:/github/adamShiau_FPGA/intel_IP/LGSM/NIOS/LGSM_CPU_V1_0/LGSM_CPU_V1_0.c:189:15: warning: unused variable 'mems_wx' [-Wunused-variable]
         float mems_wx = (float)data->asm330lhhx.wx.int_val * SF_GYRO_1000DPS;
               ^
D:/github/adamShiau_FPGA/intel_IP/LGSM/NIOS/LGSM_CPU_V1_0/LGSM_CPU_V1_0.c: In function 'update_sensor_data':
D:/github/adamShiau_FPGA/intel_IP/LGSM/NIOS/LGSM_CPU_V1_0/LGSM_CPU_V1_0.c:213:21: warning: implicit declaration of function 'ds1775_9B_readTemp_d' [-Wimplicit-function-declaration]
     data->PD_temp = ds1775_9B_readTemp_d();
                     ^
D:/github/adamShiau_FPGA/intel_IP/LGSM/NIOS/LGSM_CPU_V1_0/LGSM_CPU_V1_0.c: At top level:
D:/github/adamShiau_FPGA/intel_IP/LGSM/NIOS/LGSM_CPU_V1_0/LGSM_CPU_V1_0.c:251:14: warning: 'convert_PDtemp2f' defined but not used [-Wunused-function]
 static float convert_PDtemp2f(alt_16 PD_temp)
              ^
Info: Compiling D:/github/adamShiau_FPGA/intel_IP/LGSM/NIOS/LGSM_CPU_V1_0/lib/Tsensor_DS1775.c to obj/default//D/github/adamShiau_FPGA/intel_IP/LGSM/NIOS/LGSM_CPU_V1_0/lib/Tsensor_DS1775.o
nios2-elf-gcc -xc -MP -MMD -c -ID:\github\adamShiau_FPGA\intel_IP\LGSM\NIOS\LGSM_CPU_V1_0\include -I../LGSM_CPU_V1_0_bsp//HAL/inc -I../LGSM_CPU_V1_0_bsp/ -I../LGSM_CPU_V1_0_bsp//drivers/inc  -pipe -D__hal__ -DALT_NO_INSTRUCTION_EMULATION -DALT_SINGLE_THREADED    -O0 -g -Wall   -mno-hw-div -mno-hw-mul -mno-hw-mulx -mgpopt=global  -o obj/default//D/github/adamShiau_FPGA/intel_IP/LGSM/NIOS/LGSM_CPU_V1_0/lib/Tsensor_DS1775.o D:/github/adamShiau_FPGA/intel_IP/LGSM/NIOS/LGSM_CPU_V1_0/lib/Tsensor_DS1775.c
Info: Compiling D:/github/adamShiau_FPGA/intel_IP/LGSM/NIOS/LGSM_CPU_V1_0/lib/acq_fog.c to obj/default//D/github/adamShiau_FPGA/intel_IP/LGSM/NIOS/LGSM_CPU_V1_0/lib/acq_fog.o
nios2-elf-gcc -xc -MP -MMD -c -ID:\github\adamShiau_FPGA\intel_IP\LGSM\NIOS\LGSM_CPU_V1_0\include -I../LGSM_CPU_V1_0_bsp//HAL/inc -I../LGSM_CPU_V1_0_bsp/ -I../LGSM_CPU_V1_0_bsp//drivers/inc  -pipe -D__hal__ -DALT_NO_INSTRUCTION_EMULATION -DALT_SINGLE_THREADED    -O0 -g -Wall   -mno-hw-div -mno-hw-mul -mno-hw-mulx -mgpopt=global  -o obj/default//D/github/adamShiau_FPGA/intel_IP/LGSM/NIOS/LGSM_CPU_V1_0/lib/acq_fog.o D:/github/adamShiau_FPGA/intel_IP/LGSM/NIOS/LGSM_CPU_V1_0/lib/acq_fog.c
Info: Compiling D:/github/adamShiau_FPGA/intel_IP/LGSM/NIOS/LGSM_CPU_V1_0/lib/acq_imu.c to obj/default//D/github/adamShiau_FPGA/intel_IP/LGSM/NIOS/LGSM_CPU_V1_0/lib/acq_imu.o
nios2-elf-gcc -xc -MP -MMD -c -ID:\github\adamShiau_FPGA\intel_IP\LGSM\NIOS\LGSM_CPU_V1_0\include -I../LGSM_CPU_V1_0_bsp//HAL/inc -I../LGSM_CPU_V1_0_bsp/ -I../LGSM_CPU_V1_0_bsp//drivers/inc  -pipe -D__hal__ -DALT_NO_INSTRUCTION_EMULATION -DALT_SINGLE_THREADED    -O0 -g -Wall   -mno-hw-div -mno-hw-mul -mno-hw-mulx -mgpopt=global  -o obj/default//D/github/adamShiau_FPGA/intel_IP/LGSM/NIOS/LGSM_CPU_V1_0/lib/acq_imu.o D:/github/adamShiau_FPGA/intel_IP/LGSM/NIOS/LGSM_CPU_V1_0/lib/acq_imu.c
Info: Compiling D:/github/adamShiau_FPGA/intel_IP/LGSM/NIOS/LGSM_CPU_V1_0/lib/acq_rst.c to obj/default//D/github/adamShiau_FPGA/intel_IP/LGSM/NIOS/LGSM_CPU_V1_0/lib/acq_rst.o
nios2-elf-gcc -xc -MP -MMD -c -ID:\github\adamShiau_FPGA\intel_IP\LGSM\NIOS\LGSM_CPU_V1_0\include -I../LGSM_CPU_V1_0_bsp//HAL/inc -I../LGSM_CPU_V1_0_bsp/ -I../LGSM_CPU_V1_0_bsp//drivers/inc  -pipe -D__hal__ -DALT_NO_INSTRUCTION_EMULATION -DALT_SINGLE_THREADED    -O0 -g -Wall   -mno-hw-div -mno-hw-mul -mno-hw-mulx -mgpopt=global  -o obj/default//D/github/adamShiau_FPGA/intel_IP/LGSM/NIOS/LGSM_CPU_V1_0/lib/acq_rst.o D:/github/adamShiau_FPGA/intel_IP/LGSM/NIOS/LGSM_CPU_V1_0/lib/acq_rst.c
Info: Compiling D:/github/adamShiau_FPGA/intel_IP/LGSM/NIOS/LGSM_CPU_V1_0/lib/adda_config.c to obj/default//D/github/adamShiau_FPGA/intel_IP/LGSM/NIOS/LGSM_CPU_V1_0/lib/adda_config.o
nios2-elf-gcc -xc -MP -MMD -c -ID:\github\adamShiau_FPGA\intel_IP\LGSM\NIOS\LGSM_CPU_V1_0\include -I../LGSM_CPU_V1_0_bsp//HAL/inc -I../LGSM_CPU_V1_0_bsp/ -I../LGSM_CPU_V1_0_bsp//drivers/inc  -pipe -D__hal__ -DALT_NO_INSTRUCTION_EMULATION -DALT_SINGLE_THREADED    -O0 -g -Wall   -mno-hw-div -mno-hw-mul -mno-hw-mulx -mgpopt=global  -o obj/default//D/github/adamShiau_FPGA/intel_IP/LGSM/NIOS/LGSM_CPU_V1_0/lib/adda_config.o D:/github/adamShiau_FPGA/intel_IP/LGSM/NIOS/LGSM_CPU_V1_0/lib/adda_config.c
D:/github/adamShiau_FPGA/intel_IP/LGSM/NIOS/LGSM_CPU_V1_0/lib/adda_config.c: In function 'init_ADDA':
D:/github/adamShiau_FPGA/intel_IP/LGSM/NIOS/LGSM_CPU_V1_0/lib/adda_config.c:8:65: warning: implicit declaration of function 'usleep' [-Wimplicit-function-declaration]
     IOWR_ALTERA_AVALON_SPI_SLAVE_SEL(SPI_ADC_BASE, SEL_CS_ADC); usleep (10); 
                                                                 ^
Info: Compiling D:/github/adamShiau_FPGA/intel_IP/LGSM/NIOS/LGSM_CPU_V1_0/lib/ads122c04_se.c to obj/default//D/github/adamShiau_FPGA/intel_IP/LGSM/NIOS/LGSM_CPU_V1_0/lib/ads122c04_se.o
nios2-elf-gcc -xc -MP -MMD -c -ID:\github\adamShiau_FPGA\intel_IP\LGSM\NIOS\LGSM_CPU_V1_0\include -I../LGSM_CPU_V1_0_bsp//HAL/inc -I../LGSM_CPU_V1_0_bsp/ -I../LGSM_CPU_V1_0_bsp//drivers/inc  -pipe -D__hal__ -DALT_NO_INSTRUCTION_EMULATION -DALT_SINGLE_THREADED    -O0 -g -Wall   -mno-hw-div -mno-hw-mul -mno-hw-mulx -mgpopt=global  -o obj/default//D/github/adamShiau_FPGA/intel_IP/LGSM/NIOS/LGSM_CPU_V1_0/lib/ads122c04_se.o D:/github/adamShiau_FPGA/intel_IP/LGSM/NIOS/LGSM_CPU_V1_0/lib/ads122c04_se.c
D:/github/adamShiau_FPGA/intel_IP/LGSM/NIOS/LGSM_CPU_V1_0/lib/ads122c04_se.c:113:14: warning: type defaults to 'int' in declaration of 'DELAY_NUM' [-Wimplicit-int]
 static const DELAY_NUM = 100000;
              ^
D:/github/adamShiau_FPGA/intel_IP/LGSM/NIOS/LGSM_CPU_V1_0/lib/ads122c04_se.c: In function 'I2C_write_verify_ADS122C04':
D:/github/adamShiau_FPGA/intel_IP/LGSM/NIOS/LGSM_CPU_V1_0/lib/ads122c04_se.c:241:9: warning: implicit declaration of function 'usleep' [-Wimplicit-function-declaration]
         usleep(1000);
         ^
D:/github/adamShiau_FPGA/intel_IP/LGSM/NIOS/LGSM_CPU_V1_0/lib/ads122c04_se.c: In function 'read_ADS122C04_TEMP':
D:/github/adamShiau_FPGA/intel_IP/LGSM/NIOS/LGSM_CPU_V1_0/lib/ads122c04_se.c:265:26: warning: variable 'ain3' set but not used [-Wunused-but-set-variable]
  float ain0, ain1, ain2, ain3;
                          ^
D:/github/adamShiau_FPGA/intel_IP/LGSM/NIOS/LGSM_CPU_V1_0/lib/ads122c04_se.c:265:20: warning: variable 'ain2' set but not used [-Wunused-but-set-variable]
  float ain0, ain1, ain2, ain3;
                    ^
D:/github/adamShiau_FPGA/intel_IP/LGSM/NIOS/LGSM_CPU_V1_0/lib/ads122c04_se.c:265:14: warning: variable 'ain1' set but not used [-Wunused-but-set-variable]
  float ain0, ain1, ain2, ain3;
              ^
D:/github/adamShiau_FPGA/intel_IP/LGSM/NIOS/LGSM_CPU_V1_0/lib/ads122c04_se.c:265:8: warning: variable 'ain0' set but not used [-Wunused-but-set-variable]
  float ain0, ain1, ain2, ain3;
        ^
D:/github/adamShiau_FPGA/intel_IP/LGSM/NIOS/LGSM_CPU_V1_0/lib/ads122c04_se.c: In function 'I2C_write_ADS122C04_TEMP_cmd':
D:/github/adamShiau_FPGA/intel_IP/LGSM/NIOS/LGSM_CPU_V1_0/lib/ads122c04_se.c:326:9: warning: implicit declaration of function 'printf' [-Wimplicit-function-declaration]
         printf("ADS122C04 write timeout!\n");
         ^
D:/github/adamShiau_FPGA/intel_IP/LGSM/NIOS/LGSM_CPU_V1_0/lib/ads122c04_se.c:326:9: warning: incompatible implicit declaration of built-in function 'printf'
D:/github/adamShiau_FPGA/intel_IP/LGSM/NIOS/LGSM_CPU_V1_0/lib/ads122c04_se.c:326:9: note: include '<stdio.h>' or provide a declaration of 'printf'
D:/github/adamShiau_FPGA/intel_IP/LGSM/NIOS/LGSM_CPU_V1_0/lib/ads122c04_se.c: In function 'I2C_write_ADS122C04_TEMP_register':
D:/github/adamShiau_FPGA/intel_IP/LGSM/NIOS/LGSM_CPU_V1_0/lib/ads122c04_se.c:351:9: warning: incompatible implicit declaration of built-in function 'printf'
         printf("ADS122C04 write timeout!\n");
         ^
D:/github/adamShiau_FPGA/intel_IP/LGSM/NIOS/LGSM_CPU_V1_0/lib/ads122c04_se.c:351:9: note: include '<stdio.h>' or provide a declaration of 'printf'
D:/github/adamShiau_FPGA/intel_IP/LGSM/NIOS/LGSM_CPU_V1_0/lib/ads122c04_se.c: In function 'I2C_read_ADS122C04_TEMP_register':
D:/github/adamShiau_FPGA/intel_IP/LGSM/NIOS/LGSM_CPU_V1_0/lib/ads122c04_se.c:380:13: warning: incompatible implicit declaration of built-in function 'printf'
  if(print)  printf("reg:%x, value:%x\n", reg_addr, rt);
             ^
D:/github/adamShiau_FPGA/intel_IP/LGSM/NIOS/LGSM_CPU_V1_0/lib/ads122c04_se.c:380:13: note: include '<stdio.h>' or provide a declaration of 'printf'
In file included from ../LGSM_CPU_V1_0_bsp//drivers/inc/altera_avalon_pio_regs.h:34:0,
                 from D:\github\adamShiau_FPGA\intel_IP\LGSM\NIOS\LGSM_CPU_V1_0\include/ads122c04_se.h:5,
                 from D:/github/adamShiau_FPGA/intel_IP/LGSM/NIOS/LGSM_CPU_V1_0/lib/ads122c04_se.c:1:
D:/github/adamShiau_FPGA/intel_IP/LGSM/NIOS/LGSM_CPU_V1_0/lib/ads122c04_se.c: In function 'I2C_sm_set_finish_clear_pulse_ADS122C04_TEMP':
D:/github/adamShiau_FPGA/intel_IP/LGSM/NIOS/LGSM_CPU_V1_0/lib/ads122c04_se.c:426:37: warning: implicit declaration of function 'set_bit_safe' [-Wimplicit-function-declaration]
  IOWR(VARSET_BASE, O_VAR_I2C_CTRL,  set_bit_safe(O_VAR_I2C_CTRL, ctrl_finish_clear_pos));
                                     ^
../LGSM_CPU_V1_0_bsp//HAL/inc/io.h:75:66: note: in definition of macro 'IOWR'
   __builtin_stwio (__IO_CALC_ADDRESS_NATIVE ((BASE), (REGNUM)), (DATA))
                                                                  ^
D:/github/adamShiau_FPGA/intel_IP/LGSM/NIOS/LGSM_CPU_V1_0/lib/ads122c04_se.c:428:37: warning: implicit declaration of function 'clear_bit_safe' [-Wimplicit-function-declaration]
  IOWR(VARSET_BASE, O_VAR_I2C_CTRL,  clear_bit_safe(O_VAR_I2C_CTRL, ctrl_finish_clear_pos));
                                     ^
../LGSM_CPU_V1_0_bsp//HAL/inc/io.h:75:66: note: in definition of macro 'IOWR'
   __builtin_stwio (__IO_CALC_ADDRESS_NATIVE ((BASE), (REGNUM)), (DATA))
                                                                  ^
D:/github/adamShiau_FPGA/intel_IP/LGSM/NIOS/LGSM_CPU_V1_0/lib/ads122c04_se.c: At top level:
D:/github/adamShiau_FPGA/intel_IP/LGSM/NIOS/LGSM_CPU_V1_0/lib/ads122c04_se.c:131:20: warning: 'get_i2c_freq_name' defined but not used [-Wunused-function]
 static const char* get_i2c_freq_name(alt_u8 rate) {
                    ^
Info: Compiling D:/github/adamShiau_FPGA/intel_IP/LGSM/NIOS/LGSM_CPU_V1_0/lib/asm330lhhx.c to obj/default//D/github/adamShiau_FPGA/intel_IP/LGSM/NIOS/LGSM_CPU_V1_0/lib/asm330lhhx.o
nios2-elf-gcc -xc -MP -MMD -c -ID:\github\adamShiau_FPGA\intel_IP\LGSM\NIOS\LGSM_CPU_V1_0\include -I../LGSM_CPU_V1_0_bsp//HAL/inc -I../LGSM_CPU_V1_0_bsp/ -I../LGSM_CPU_V1_0_bsp//drivers/inc  -pipe -D__hal__ -DALT_NO_INSTRUCTION_EMULATION -DALT_SINGLE_THREADED    -O0 -g -Wall   -mno-hw-div -mno-hw-mul -mno-hw-mulx -mgpopt=global  -o obj/default//D/github/adamShiau_FPGA/intel_IP/LGSM/NIOS/LGSM_CPU_V1_0/lib/asm330lhhx.o D:/github/adamShiau_FPGA/intel_IP/LGSM/NIOS/LGSM_CPU_V1_0/lib/asm330lhhx.c
D:/github/adamShiau_FPGA/intel_IP/LGSM/NIOS/LGSM_CPU_V1_0/lib/asm330lhhx.c:196:14: warning: type defaults to 'int' in declaration of 'DELAY_NUM' [-Wimplicit-int]
 static const DELAY_NUM = 100000;
              ^
D:/github/adamShiau_FPGA/intel_IP/LGSM/NIOS/LGSM_CPU_V1_0/lib/asm330lhhx.c: In function 'I2C_sm_force_reset_ASM330LHHX':
D:/github/adamShiau_FPGA/intel_IP/LGSM/NIOS/LGSM_CPU_V1_0/lib/asm330lhhx.c:308:5: warning: implicit declaration of function 'usleep' [-Wimplicit-function-declaration]
     usleep(10); 
     ^
D:/github/adamShiau_FPGA/intel_IP/LGSM/NIOS/LGSM_CPU_V1_0/lib/asm330lhhx.c: In function 'read_ASM330LHHX':
D:/github/adamShiau_FPGA/intel_IP/LGSM/NIOS/LGSM_CPU_V1_0/lib/asm330lhhx.c:358:32: warning: variable 'temp' set but not used [-Wunused-but-set-variable]
  float gx, gy, gz, ax, ay, az, temp;
                                ^
D:/github/adamShiau_FPGA/intel_IP/LGSM/NIOS/LGSM_CPU_V1_0/lib/asm330lhhx.c:358:28: warning: variable 'az' set but not used [-Wunused-but-set-variable]
  float gx, gy, gz, ax, ay, az, temp;
                            ^
D:/github/adamShiau_FPGA/intel_IP/LGSM/NIOS/LGSM_CPU_V1_0/lib/asm330lhhx.c:358:24: warning: variable 'ay' set but not used [-Wunused-but-set-variable]
  float gx, gy, gz, ax, ay, az, temp;
                        ^
D:/github/adamShiau_FPGA/intel_IP/LGSM/NIOS/LGSM_CPU_V1_0/lib/asm330lhhx.c:358:20: warning: variable 'ax' set but not used [-Wunused-but-set-variable]
  float gx, gy, gz, ax, ay, az, temp;
                    ^
D:/github/adamShiau_FPGA/intel_IP/LGSM/NIOS/LGSM_CPU_V1_0/lib/asm330lhhx.c:358:16: warning: variable 'gz' set but not used [-Wunused-but-set-variable]
  float gx, gy, gz, ax, ay, az, temp;
                ^
D:/github/adamShiau_FPGA/intel_IP/LGSM/NIOS/LGSM_CPU_V1_0/lib/asm330lhhx.c:358:12: warning: variable 'gy' set but not used [-Wunused-but-set-variable]
  float gx, gy, gz, ax, ay, az, temp;
            ^
D:/github/adamShiau_FPGA/intel_IP/LGSM/NIOS/LGSM_CPU_V1_0/lib/asm330lhhx.c:358:8: warning: variable 'gx' set but not used [-Wunused-but-set-variable]
  float gx, gy, gz, ax, ay, az, temp;
        ^
D:/github/adamShiau_FPGA/intel_IP/LGSM/NIOS/LGSM_CPU_V1_0/lib/asm330lhhx.c: In function 'print_ASM330LHHX_SM_status':
D:/github/adamShiau_FPGA/intel_IP/LGSM/NIOS/LGSM_CPU_V1_0/lib/asm330lhhx.c:398:12: warning: variable 'current_sm' set but not used [-Wunused-but-set-variable]
     alt_u8 current_sm;
            ^
D:/github/adamShiau_FPGA/intel_IP/LGSM/NIOS/LGSM_CPU_V1_0/lib/asm330lhhx.c: In function 'I2C_write_ASM330LHHX_register':
D:/github/adamShiau_FPGA/intel_IP/LGSM/NIOS/LGSM_CPU_V1_0/lib/asm330lhhx.c:560:9: warning: implicit declaration of function 'printf' [-Wimplicit-function-declaration]
         printf("ASM330LHHX write timeout!\n");
         ^
D:/github/adamShiau_FPGA/intel_IP/LGSM/NIOS/LGSM_CPU_V1_0/lib/asm330lhhx.c:560:9: warning: incompatible implicit declaration of built-in function 'printf'
D:/github/adamShiau_FPGA/intel_IP/LGSM/NIOS/LGSM_CPU_V1_0/lib/asm330lhhx.c:560:9: note: include '<stdio.h>' or provide a declaration of 'printf'
D:/github/adamShiau_FPGA/intel_IP/LGSM/NIOS/LGSM_CPU_V1_0/lib/asm330lhhx.c:564:13: warning: incompatible implicit declaration of built-in function 'printf'
  if(print)  printf("write reg:%x, value:%x\n", reg_addr, data);
             ^
D:/github/adamShiau_FPGA/intel_IP/LGSM/NIOS/LGSM_CPU_V1_0/lib/asm330lhhx.c:564:13: note: include '<stdio.h>' or provide a declaration of 'printf'
D:/github/adamShiau_FPGA/intel_IP/LGSM/NIOS/LGSM_CPU_V1_0/lib/asm330lhhx.c: In function 'I2C_read_ASM330LHHX_register':
D:/github/adamShiau_FPGA/intel_IP/LGSM/NIOS/LGSM_CPU_V1_0/lib/asm330lhhx.c:589:17: warning: unused variable 'status' [-Wunused-variable]
         alt_u32 status = IORD(VARSET_BASE, O_VAR_I2C_STATUS);
                 ^
D:/github/adamShiau_FPGA/intel_IP/LGSM/NIOS/LGSM_CPU_V1_0/lib/asm330lhhx.c: At top level:
D:/github/adamShiau_FPGA/intel_IP/LGSM/NIOS/LGSM_CPU_V1_0/lib/asm330lhhx.c:214:20: warning: 'get_i2c_freq_name' defined but not used [-Wunused-function]
 static const char* get_i2c_freq_name(alt_u8 rate) {
                    ^
Info: Compiling D:/github/adamShiau_FPGA/intel_IP/LGSM/NIOS/LGSM_CPU_V1_0/lib/common.c to obj/default//D/github/adamShiau_FPGA/intel_IP/LGSM/NIOS/LGSM_CPU_V1_0/lib/common.o
nios2-elf-gcc -xc -MP -MMD -c -ID:\github\adamShiau_FPGA\intel_IP\LGSM\NIOS\LGSM_CPU_V1_0\include -I../LGSM_CPU_V1_0_bsp//HAL/inc -I../LGSM_CPU_V1_0_bsp/ -I../LGSM_CPU_V1_0_bsp//drivers/inc  -pipe -D__hal__ -DALT_NO_INSTRUCTION_EMULATION -DALT_SINGLE_THREADED    -O0 -g -Wall   -mno-hw-div -mno-hw-mul -mno-hw-mulx -mgpopt=global  -o obj/default//D/github/adamShiau_FPGA/intel_IP/LGSM/NIOS/LGSM_CPU_V1_0/lib/common.o D:/github/adamShiau_FPGA/intel_IP/LGSM/NIOS/LGSM_CPU_V1_0/lib/common.c
D:/github/adamShiau_FPGA/intel_IP/LGSM/NIOS/LGSM_CPU_V1_0/lib/common.c: In function 'fog_parameter_legacy':
D:/github/adamShiau_FPGA/intel_IP/LGSM/NIOS/LGSM_CPU_V1_0/lib/common.c:340:9: warning: unused variable 'cmd2hwreg' [-Wunused-variable]
   alt_8 cmd2hwreg=0;
         ^
D:/github/adamShiau_FPGA/intel_IP/LGSM/NIOS/LGSM_CPU_V1_0/lib/common.c:339:10: warning: unused variable 'base' [-Wunused-variable]
   alt_u8 base = 0;
          ^
D:/github/adamShiau_FPGA/intel_IP/LGSM/NIOS/LGSM_CPU_V1_0/lib/common.c: In function 'fog_parameter':
D:/github/adamShiau_FPGA/intel_IP/LGSM/NIOS/LGSM_CPU_V1_0/lib/common.c:1509:19: warning: unused variable 'nack' [-Wunused-variable]
          uint8_t  nack = (uint8_t)(rx->value & 1); // TODO: ?ŗźĶ”üµö»?Å┤ NACK’╝Üµ¤źÕ┐½Õ?? (seq,ch) ??? ?ø┤?Äź??Źķ?üõ?Ŗõ???ģ’?øµŁż??ĢńĢź
                   ^
D:/github/adamShiau_FPGA/intel_IP/LGSM/NIOS/LGSM_CPU_V1_0/lib/common.c:1516:19: warning: unused variable 'nack' [-Wunused-variable]
          uint8_t  nack = (uint8_t)(rx->value & 1); // TODO: ?ŗźĶ”üµö»?Å┤ NACK’╝Üµ¤źÕ┐½Õ?? (seq,ch) ??? ?ø┤?Äź??Źķ?üõ?Ŗõ???ģ’?øµŁż??ĢńĢź
                   ^
D:/github/adamShiau_FPGA/intel_IP/LGSM/NIOS/LGSM_CPU_V1_0/lib/common.c:1523:19: warning: unused variable 'nack' [-Wunused-variable]
          uint8_t  nack = (uint8_t)(rx->value & 1); // TODO: ?ŗźĶ”üµö»?Å┤ NACK’╝Üµ¤źÕ┐½Õ?? (seq,ch) ??? ?ø┤?Äź??Źķ?üõ?Ŗõ???ģ’?øµŁż??ĢńĢź
                   ^
D:/github/adamShiau_FPGA/intel_IP/LGSM/NIOS/LGSM_CPU_V1_0/lib/common.c:1530:19: warning: unused variable 'nack' [-Wunused-variable]
          uint8_t  nack = (uint8_t)(rx->value & 1); // TODO: ?ŗźĶ”üµö»?Å┤ NACK’╝Üµ¤źÕ┐½Õ?? (seq,ch) ??? ?ø┤?Äź??Źķ?üõ?Ŗõ???ģ’?øµŁż??ĢńĢź
                   ^
D:/github/adamShiau_FPGA/intel_IP/LGSM/NIOS/LGSM_CPU_V1_0/lib/common.c:1537:19: warning: unused variable 'nack' [-Wunused-variable]
          uint8_t  nack = (uint8_t)(rx->value & 1); // TODO: ?ŗźĶ”üµö»?Å┤ NACK’╝Üµ¤źÕ┐½Õ?? (seq,ch) ??? ?ø┤?Äź??Źķ?üõ?Ŗõ???ģ’?øµŁż??ĢńĢź
                   ^
Info: Compiling D:/github/adamShiau_FPGA/intel_IP/LGSM/NIOS/LGSM_CPU_V1_0/lib/eeprom_v2.c to obj/default//D/github/adamShiau_FPGA/intel_IP/LGSM/NIOS/LGSM_CPU_V1_0/lib/eeprom_v2.o
nios2-elf-gcc -xc -MP -MMD -c -ID:\github\adamShiau_FPGA\intel_IP\LGSM\NIOS\LGSM_CPU_V1_0\include -I../LGSM_CPU_V1_0_bsp//HAL/inc -I../LGSM_CPU_V1_0_bsp/ -I../LGSM_CPU_V1_0_bsp//drivers/inc  -pipe -D__hal__ -DALT_NO_INSTRUCTION_EMULATION -DALT_SINGLE_THREADED    -O0 -g -Wall   -mno-hw-div -mno-hw-mul -mno-hw-mulx -mgpopt=global  -o obj/default//D/github/adamShiau_FPGA/intel_IP/LGSM/NIOS/LGSM_CPU_V1_0/lib/eeprom_v2.o D:/github/adamShiau_FPGA/intel_IP/LGSM/NIOS/LGSM_CPU_V1_0/lib/eeprom_v2.c
D:/github/adamShiau_FPGA/intel_IP/LGSM/NIOS/LGSM_CPU_V1_0/lib/eeprom_v2.c: In function 'EEPROM_Write_4B':
D:/github/adamShiau_FPGA/intel_IP/LGSM/NIOS/LGSM_CPU_V1_0/lib/eeprom_v2.c:194:2: warning: implicit declaration of function 'usleep' [-Wimplicit-function-declaration]
  usleep(1320);
  ^
D:/github/adamShiau_FPGA/intel_IP/LGSM/NIOS/LGSM_CPU_V1_0/lib/eeprom_v2.c: In function 'EEPROM_Read_4B':
D:/github/adamShiau_FPGA/intel_IP/LGSM/NIOS/LGSM_CPU_V1_0/lib/eeprom_v2.c:210:9: warning: unused variable 'i' [-Wunused-variable]
  alt_u8 i=0;
         ^
D:/github/adamShiau_FPGA/intel_IP/LGSM/NIOS/LGSM_CPU_V1_0/lib/eeprom_v2.c: In function 'EEPROM_Read_4B_R':
D:/github/adamShiau_FPGA/intel_IP/LGSM/NIOS/LGSM_CPU_V1_0/lib/eeprom_v2.c:248:9: warning: unused variable 'i' [-Wunused-variable]
  alt_u8 i=0;
         ^
D:/github/adamShiau_FPGA/intel_IP/LGSM/NIOS/LGSM_CPU_V1_0/lib/eeprom_v2.c: In function 'PARAMETER_Write_s':
D:/github/adamShiau_FPGA/intel_IP/LGSM/NIOS/LGSM_CPU_V1_0/lib/eeprom_v2.c:302:9: warning: variable 'my_data' set but not used [-Wunused-but-set-variable]
  data_t my_data;
         ^
D:/github/adamShiau_FPGA/intel_IP/LGSM/NIOS/LGSM_CPU_V1_0/lib/eeprom_v2.c:300:8: warning: variable 'data_f' set but not used [-Wunused-but-set-variable]
  float data_f;
        ^
D:/github/adamShiau_FPGA/intel_IP/LGSM/NIOS/LGSM_CPU_V1_0/lib/eeprom_v2.c: In function 'I2C_sm_start':
D:/github/adamShiau_FPGA/intel_IP/LGSM/NIOS/LGSM_CPU_V1_0/lib/eeprom_v2.c:503:9: warning: unused variable 'dly' [-Wunused-variable]
  alt_u8 dly = 50;
         ^
D:/github/adamShiau_FPGA/intel_IP/LGSM/NIOS/LGSM_CPU_V1_0/lib/eeprom_v2.c: At top level:
D:/github/adamShiau_FPGA/intel_IP/LGSM/NIOS/LGSM_CPU_V1_0/lib/eeprom_v2.c:98:20: warning: 'get_i2c_freq_name' defined but not used [-Wunused-function]
 static const char* get_i2c_freq_name(alt_u8 rate) {
                    ^
Info: Compiling D:/github/adamShiau_FPGA/intel_IP/LGSM/NIOS/LGSM_CPU_V1_0/lib/myiic.c to obj/default//D/github/adamShiau_FPGA/intel_IP/LGSM/NIOS/LGSM_CPU_V1_0/lib/myiic.o
nios2-elf-gcc -xc -MP -MMD -c -ID:\github\adamShiau_FPGA\intel_IP\LGSM\NIOS\LGSM_CPU_V1_0\include -I../LGSM_CPU_V1_0_bsp//HAL/inc -I../LGSM_CPU_V1_0_bsp/ -I../LGSM_CPU_V1_0_bsp//drivers/inc  -pipe -D__hal__ -DALT_NO_INSTRUCTION_EMULATION -DALT_SINGLE_THREADED    -O0 -g -Wall   -mno-hw-div -mno-hw-mul -mno-hw-mulx -mgpopt=global  -o obj/default//D/github/adamShiau_FPGA/intel_IP/LGSM/NIOS/LGSM_CPU_V1_0/lib/myiic.o D:/github/adamShiau_FPGA/intel_IP/LGSM/NIOS/LGSM_CPU_V1_0/lib/myiic.c
Info: Compiling D:/github/adamShiau_FPGA/intel_IP/LGSM/NIOS/LGSM_CPU_V1_0/lib/output_mode.c to obj/default//D/github/adamShiau_FPGA/intel_IP/LGSM/NIOS/LGSM_CPU_V1_0/lib/output_mode.o
nios2-elf-gcc -xc -MP -MMD -c -ID:\github\adamShiau_FPGA\intel_IP\LGSM\NIOS\LGSM_CPU_V1_0\include -I../LGSM_CPU_V1_0_bsp//HAL/inc -I../LGSM_CPU_V1_0_bsp/ -I../LGSM_CPU_V1_0_bsp//drivers/inc  -pipe -D__hal__ -DALT_NO_INSTRUCTION_EMULATION -DALT_SINGLE_THREADED    -O0 -g -Wall   -mno-hw-div -mno-hw-mul -mno-hw-mulx -mgpopt=global  -o obj/default//D/github/adamShiau_FPGA/intel_IP/LGSM/NIOS/LGSM_CPU_V1_0/lib/output_mode.o D:/github/adamShiau_FPGA/intel_IP/LGSM/NIOS/LGSM_CPU_V1_0/lib/output_mode.c
Info: Compiling D:/github/adamShiau_FPGA/intel_IP/LGSM/NIOS/LGSM_CPU_V1_0/lib/uart_dual.c to obj/default//D/github/adamShiau_FPGA/intel_IP/LGSM/NIOS/LGSM_CPU_V1_0/lib/uart_dual.o
nios2-elf-gcc -xc -MP -MMD -c -ID:\github\adamShiau_FPGA\intel_IP\LGSM\NIOS\LGSM_CPU_V1_0\include -I../LGSM_CPU_V1_0_bsp//HAL/inc -I../LGSM_CPU_V1_0_bsp/ -I../LGSM_CPU_V1_0_bsp//drivers/inc  -pipe -D__hal__ -DALT_NO_INSTRUCTION_EMULATION -DALT_SINGLE_THREADED    -O0 -g -Wall   -mno-hw-div -mno-hw-mul -mno-hw-mulx -mgpopt=global  -o obj/default//D/github/adamShiau_FPGA/intel_IP/LGSM/NIOS/LGSM_CPU_V1_0/lib/uart_dual.o D:/github/adamShiau_FPGA/intel_IP/LGSM/NIOS/LGSM_CPU_V1_0/lib/uart_dual.c
Info: Linking LGSM_CPU_V1_0.elf
nios2-elf-g++  -T'../LGSM_CPU_V1_0_bsp//linker.x' -msys-crt0='../LGSM_CPU_V1_0_bsp//obj/HAL/src/crt0.o' -msys-lib=hal_bsp -L../LGSM_CPU_V1_0_bsp/   -Wl,-Map=LGSM_CPU_V1_0.map   -O0 -g -Wall   -mno-hw-div -mno-hw-mul -mno-hw-mulx -mgpopt=global  -o LGSM_CPU_V1_0.elf obj/default//D/github/adamShiau_FPGA/intel_IP/LGSM/NIOS/LGSM_CPU_V1_0/LGSM_CPU_V1_0.o obj/default//D/github/adamShiau_FPGA/intel_IP/LGSM/NIOS/LGSM_CPU_V1_0/lib/Tsensor_DS1775.o obj/default//D/github/adamShiau_FPGA/intel_IP/LGSM/NIOS/LGSM_CPU_V1_0/lib/acq_fog.o obj/default//D/github/adamShiau_FPGA/intel_IP/LGSM/NIOS/LGSM_CPU_V1_0/lib/acq_imu.o obj/default//D/github/adamShiau_FPGA/intel_IP/LGSM/NIOS/LGSM_CPU_V1_0/lib/acq_rst.o obj/default//D/github/adamShiau_FPGA/intel_IP/LGSM/NIOS/LGSM_CPU_V1_0/lib/adda_config.o obj/default//D/github/adamShiau_FPGA/intel_IP/LGSM/NIOS/LGSM_CPU_V1_0/lib/ads122c04_se.o obj/default//D/github/adamShiau_FPGA/intel_IP/LGSM/NIOS/LGSM_CPU_V1_0/lib/asm330lhhx.o obj/default//D/github/adamShiau_FPGA/intel_IP/LGSM/NIOS/LGSM_CPU_V1_0/lib/common.o obj/default//D/github/adamShiau_FPGA/intel_IP/LGSM/NIOS/LGSM_CPU_V1_0/lib/eeprom_v2.o obj/default//D/github/adamShiau_FPGA/intel_IP/LGSM/NIOS/LGSM_CPU_V1_0/lib/memory_manage.o obj/default//D/github/adamShiau_FPGA/intel_IP/LGSM/NIOS/LGSM_CPU_V1_0/lib/myiic.o obj/default//D/github/adamShiau_FPGA/intel_IP/LGSM/NIOS/LGSM_CPU_V1_0/lib/output_mode.o obj/default//D/github/adamShiau_FPGA/intel_IP/LGSM/NIOS/LGSM_CPU_V1_0/lib/uart_dual.o -lm -msys-lib=m
nios2-elf-insert LGSM_CPU_V1_0.elf --thread_model hal --cpu_name nios2 --qsys true --simulation_enabled false --id 1 --sidp 0x2002280 --timestamp 1773410083 --stderr_dev jtag_uart --stdin_dev jtag_uart --stdout_dev jtag_uart --sopc_system_name CPU --quartus_project_dir "D:/github/adamShiau_FPGA/intel_IP/LGSM/PRJ/LGSM_PRJ_V1" --jdi D:/github/adamShiau_FPGA/intel_IP/LGSM/PRJ/LGSM_PRJ_V1/software/LGSM_CPU_V1_0_bsp/../../LGSM_PRJ_V1.jdi --sopcinfo D:/github/adamShiau_FPGA/intel_IP/LGSM/PRJ/LGSM_PRJ_V1/software/LGSM_CPU_V1_0_bsp/../../CPU.sopcinfo
Info: (LGSM_CPU_V1_0.elf) 145 KBytes program size (code + initialized data).
Info:                     16238 KBytes free for stack + heap.
Info: Creating LGSM_CPU_V1_0.objdump
nios2-elf-objdump --disassemble --syms --all-header --source LGSM_CPU_V1_0.elf >LGSM_CPU_V1_0.objdump
[LGSM_CPU_V1_0 build complete]

21:57:17 Build Finished (took 10s.676ms)

