Flow report for HINS_PRJ_V1
Tue Dec 02 16:52:42 2025
Quartus Prime Version 18.1.0 Build 625 09/12/2018 SJ Lite Edition


---------------------
; Table of Contents ;
---------------------
  1. Legal Notice
  2. Flow Summary
  3. Flow Settings
  4. Flow Non-Default Global Settings
  5. Flow Elapsed Time
  6. Flow OS Summary
  7. Flow Log
  8. Flow Messages
  9. Flow Suppressed Messages



----------------
; Legal Notice ;
----------------
Copyright (C) 2018  Intel Corporation. All rights reserved.
Your use of Intel Corporation's design tools, logic functions 
and other software and tools, and its AMPP partner logic 
functions, and any output files from any of the foregoing 
(including device programming or simulation files), and any 
associated documentation or information are expressly subject 
to the terms and conditions of the Intel Program License 
Subscription Agreement, the Intel Quartus Prime License Agreement,
the Intel FPGA IP License Agreement, or other applicable license
agreement, including, without limitation, that your use is for
the sole purpose of programming logic devices manufactured by
Intel and sold by Intel or its authorized distributors.  Please
refer to the applicable agreement for further details.



+----------------------------------------------------------------------------------+
; Flow Summary                                                                     ;
+------------------------------------+---------------------------------------------+
; Flow Status                        ; Successful - Tue Dec 02 16:52:39 2025       ;
; Quartus Prime Version              ; 18.1.0 Build 625 09/12/2018 SJ Lite Edition ;
; Revision Name                      ; HINS_PRJ_V1                                 ;
; Top-level Entity Name              ; HINS_TOP_V1                                 ;
; Family                             ; Cyclone IV E                                ;
; Device                             ; EP4CE15F17I7                                ;
; Timing Models                      ; Final                                       ;
; Total logic elements               ; 888 / 15,408 ( 6 % )                        ;
;     Total combinational functions  ; 759 / 15,408 ( 5 % )                        ;
;     Dedicated logic registers      ; 641 / 15,408 ( 4 % )                        ;
; Total registers                    ; 641                                         ;
; Total pins                         ; 98 / 166 ( 59 % )                           ;
; Total virtual pins                 ; 0                                           ;
; Total memory bits                  ; 3,600 / 516,096 ( < 1 % )                   ;
; Embedded Multiplier 9-bit elements ; 0 / 112 ( 0 % )                             ;
; Total PLLs                         ; 1 / 4 ( 25 % )                              ;
+------------------------------------+---------------------------------------------+


+-----------------------------------------+
; Flow Settings                           ;
+-------------------+---------------------+
; Option            ; Setting             ;
+-------------------+---------------------+
; Start date & time ; 12/02/2025 16:51:38 ;
; Main task         ; Compilation         ;
; Revision Name     ; HINS_PRJ_V1         ;
+-------------------+---------------------+


+-------------------------------------------------------------------------------------------------------------------------+
; Flow Non-Default Global Settings                                                                                        ;
+-------------------------------------+----------------------------------------+---------------+-------------+------------+
; Assignment Name                     ; Value                                  ; Default Value ; Entity Name ; Section Id ;
+-------------------------------------+----------------------------------------+---------------+-------------+------------+
; COMPILER_SIGNATURE_ID               ; 192355418311013.176466549821688        ; --            ; --          ; --         ;
; MISC_FILE                           ; ./fifo_inst.v                          ; --            ; --          ; --         ;
; MISC_FILE                           ; ./pll_inst.v                           ; --            ; --          ; --         ;
; MISC_FILE                           ; ./pll.ppf                              ; --            ; --          ; --         ;
; PARTITION_COLOR                     ; -- (Not supported for targeted family) ; --            ; HINS_TOP_V1 ; Top        ;
; PARTITION_FITTER_PRESERVATION_LEVEL ; -- (Not supported for targeted family) ; --            ; HINS_TOP_V1 ; Top        ;
; PARTITION_NETLIST_TYPE              ; -- (Not supported for targeted family) ; --            ; HINS_TOP_V1 ; Top        ;
; SEARCH_PATH                         ; ../../TOP                              ; --            ; --          ; --         ;
; SEARCH_PATH                         ; ../../HW_IP                            ; --            ; --          ; --         ;
; SEARCH_PATH                         ; ../../HW_IP/FOG                        ; --            ; --          ; --         ;
; SEARCH_PATH                         ; ../../../2018.1                        ; --            ; --          ; --         ;
; TOP_LEVEL_ENTITY                    ; HINS_TOP_V1                            ; HINS_PRJ_V1   ; --          ; --         ;
; VERILOG_INPUT_VERSION               ; SystemVerilog_2005                     ; Verilog_2001  ; --          ; --         ;
+-------------------------------------+----------------------------------------+---------------+-------------+------------+


+--------------------------------------------------------------------------------------------------------------------------+
; Flow Elapsed Time                                                                                                        ;
+----------------------+--------------+-------------------------+---------------------+------------------------------------+
; Module Name          ; Elapsed Time ; Average Processors Used ; Peak Virtual Memory ; Total CPU Time (on all processors) ;
+----------------------+--------------+-------------------------+---------------------+------------------------------------+
; Analysis & Synthesis ; 00:00:53     ; 1.0                     ; 5028 MB             ; 00:01:14                           ;
; Fitter               ; 00:00:05     ; 1.1                     ; 6513 MB             ; 00:00:07                           ;
; Assembler            ; 00:00:01     ; 1.0                     ; 4684 MB             ; 00:00:01                           ;
; Timing Analyzer      ; 00:00:02     ; 1.2                     ; 4924 MB             ; 00:00:02                           ;
; Total                ; 00:01:01     ; --                      ; --                  ; 00:01:24                           ;
+----------------------+--------------+-------------------------+---------------------+------------------------------------+


+------------------------------------------------------------------------------------+
; Flow OS Summary                                                                    ;
+----------------------+------------------+------------+------------+----------------+
; Module Name          ; Machine Hostname ; OS Name    ; OS Version ; Processor type ;
+----------------------+------------------+------------+------------+----------------+
; Analysis & Synthesis ; DESKTOP-7E38ICV  ; Windows 10 ; 10.0       ; x86_64         ;
; Fitter               ; DESKTOP-7E38ICV  ; Windows 10 ; 10.0       ; x86_64         ;
; Assembler            ; DESKTOP-7E38ICV  ; Windows 10 ; 10.0       ; x86_64         ;
; Timing Analyzer      ; DESKTOP-7E38ICV  ; Windows 10 ; 10.0       ; x86_64         ;
+----------------------+------------------+------------+------------+----------------+


------------
; Flow Log ;
------------
quartus_map --read_settings_files=on --write_settings_files=off HINS_PRJ_V1 -c HINS_PRJ_V1
quartus_fit --read_settings_files=off --write_settings_files=off HINS_PRJ_V1 -c HINS_PRJ_V1
quartus_asm --read_settings_files=off --write_settings_files=off HINS_PRJ_V1 -c HINS_PRJ_V1
quartus_sta HINS_PRJ_V1 -c HINS_PRJ_V1



