Flow report for IRIS_PRJ_V1
Thu Apr 23 18:05:50 2026
Quartus Prime Version 18.1.0 Build 625 09/12/2018 SJ Lite Edition


---------------------
; Table of Contents ;
---------------------
  1. Legal Notice
  2. Flow Summary
  3. Flow Settings
  4. Flow Non-Default Global Settings
  5. Flow Elapsed Time
  6. Flow OS Summary
  7. Flow Log
  8. Flow Messages
  9. Flow Suppressed Messages



----------------
; Legal Notice ;
----------------
Copyright (C) 2018  Intel Corporation. All rights reserved.
Your use of Intel Corporation's design tools, logic functions 
and other software and tools, and its AMPP partner logic 
functions, and any output files from any of the foregoing 
(including device programming or simulation files), and any 
associated documentation or information are expressly subject 
to the terms and conditions of the Intel Program License 
Subscription Agreement, the Intel Quartus Prime License Agreement,
the Intel FPGA IP License Agreement, or other applicable license
agreement, including, without limitation, that your use is for
the sole purpose of programming logic devices manufactured by
Intel and sold by Intel or its authorized distributors.  Please
refer to the applicable agreement for further details.



+----------------------------------------------------------------------------------+
; Flow Summary                                                                     ;
+------------------------------------+---------------------------------------------+
; Flow Status                        ; Successful - Thu Apr 23 18:05:45 2026       ;
; Quartus Prime Version              ; 18.1.0 Build 625 09/12/2018 SJ Lite Edition ;
; Revision Name                      ; IRIS_PRJ_V1                                 ;
; Top-level Entity Name              ; IRIS_TOP_V1                                 ;
; Family                             ; Cyclone IV E                                ;
; Device                             ; EP4CE40F23I7                                ;
; Timing Models                      ; Final                                       ;
; Total logic elements               ; 12,536 / 39,600 ( 32 % )                    ;
;     Total combinational functions  ; 10,519 / 39,600 ( 27 % )                    ;
;     Dedicated logic registers      ; 7,321 / 39,600 ( 18 % )                     ;
; Total registers                    ; 7389                                        ;
; Total pins                         ; 182 / 329 ( 55 % )                          ;
; Total virtual pins                 ; 0                                           ;
; Total memory bits                  ; 30,208 / 1,161,216 ( 3 % )                  ;
; Embedded Multiplier 9-bit elements ; 0 / 232 ( 0 % )                             ;
; Total PLLs                         ; 1 / 4 ( 25 % )                              ;
+------------------------------------+---------------------------------------------+


+-----------------------------------------+
; Flow Settings                           ;
+-------------------+---------------------+
; Option            ; Setting             ;
+-------------------+---------------------+
; Start date & time ; 04/23/2026 18:03:17 ;
; Main task         ; Compilation         ;
; Revision Name     ; IRIS_PRJ_V1         ;
+-------------------+---------------------+


+-------------------------------------------------------------------------------------------------------------------------+
; Flow Non-Default Global Settings                                                                                        ;
+-------------------------------------+----------------------------------------+---------------+-------------+------------+
; Assignment Name                     ; Value                                  ; Default Value ; Entity Name ; Section Id ;
+-------------------------------------+----------------------------------------+---------------+-------------+------------+
; COMPILER_SIGNATURE_ID               ; 192355418311013.177693859733904        ; --            ; --          ; --         ;
; MISC_FILE                           ; ./fifo_inst.v                          ; --            ; --          ; --         ;
; MISC_FILE                           ; ./pll_inst.v                           ; --            ; --          ; --         ;
; MISC_FILE                           ; ./pll.ppf                              ; --            ; --          ; --         ;
; PARTITION_COLOR                     ; -- (Not supported for targeted family) ; --            ; IRIS_TOP_V1 ; Top        ;
; PARTITION_FITTER_PRESERVATION_LEVEL ; -- (Not supported for targeted family) ; --            ; IRIS_TOP_V1 ; Top        ;
; PARTITION_NETLIST_TYPE              ; -- (Not supported for targeted family) ; --            ; IRIS_TOP_V1 ; Top        ;
; SEARCH_PATH                         ; ../../TOP                              ; --            ; --          ; --         ;
; SEARCH_PATH                         ; ../../HW_IP                            ; --            ; --          ; --         ;
; SEARCH_PATH                         ; ../../HW_IP/FOG                        ; --            ; --          ; --         ;
; SEARCH_PATH                         ; ../../HW_IP/MEMORY                     ; --            ; --          ; --         ;
; SEARCH_PATH                         ; ../../HW_IP/ADC                        ; --            ; --          ; --         ;
; SEARCH_PATH                         ; ../../HW_IP/IMU                        ; --            ; --          ; --         ;
; SEARCH_PATH                         ; ../../HW_IP/ACCL                       ; --            ; --          ; --         ;
; SEARCH_PATH                         ; ../../../2018.1                        ; --            ; --          ; --         ;
; TOP_LEVEL_ENTITY                    ; IRIS_TOP_V1                            ; IRIS_PRJ_V1   ; --          ; --         ;
; VERILOG_INPUT_VERSION               ; SystemVerilog_2005                     ; Verilog_2001  ; --          ; --         ;
+-------------------------------------+----------------------------------------+---------------+-------------+------------+


+--------------------------------------------------------------------------------------------------------------------------+
; Flow Elapsed Time                                                                                                        ;
+----------------------+--------------+-------------------------+---------------------+------------------------------------+
; Module Name          ; Elapsed Time ; Average Processors Used ; Peak Virtual Memory ; Total CPU Time (on all processors) ;
+----------------------+--------------+-------------------------+---------------------+------------------------------------+
; Analysis & Synthesis ; 00:01:35     ; 1.0                     ; 5100 MB             ; 00:01:46                           ;
; Fitter               ; 00:00:45     ; 1.6                     ; 6745 MB             ; 00:01:47                           ;
; Assembler            ; 00:00:01     ; 1.0                     ; 4734 MB             ; 00:00:01                           ;
; Timing Analyzer      ; 00:00:04     ; 1.8                     ; 5096 MB             ; 00:00:06                           ;
; Total                ; 00:02:25     ; --                      ; --                  ; 00:03:40                           ;
+----------------------+--------------+-------------------------+---------------------+------------------------------------+


+------------------------------------------------------------------------------------+
; Flow OS Summary                                                                    ;
+----------------------+------------------+------------+------------+----------------+
; Module Name          ; Machine Hostname ; OS Name    ; OS Version ; Processor type ;
+----------------------+------------------+------------+------------+----------------+
; Analysis & Synthesis ; Adam-ThinkPad    ; Windows 10 ; 10.0       ; x86_64         ;
; Fitter               ; Adam-ThinkPad    ; Windows 10 ; 10.0       ; x86_64         ;
; Assembler            ; Adam-ThinkPad    ; Windows 10 ; 10.0       ; x86_64         ;
; Timing Analyzer      ; Adam-ThinkPad    ; Windows 10 ; 10.0       ; x86_64         ;
+----------------------+------------------+------------+------------+----------------+


------------
; Flow Log ;
------------
quartus_map --read_settings_files=on --write_settings_files=off IRIS_PRJ_V1 -c IRIS_PRJ_V1
quartus_fit --read_settings_files=off --write_settings_files=off IRIS_PRJ_V1 -c IRIS_PRJ_V1
quartus_asm --read_settings_files=off --write_settings_files=off IRIS_PRJ_V1 -c IRIS_PRJ_V1
quartus_sta IRIS_PRJ_V1 -c IRIS_PRJ_V1



